
*** Running vivado
    with args -log microblaze_GameIP_0_0.vds -m64 -product Vivado -mode batch -messageDb vivado.pb -notrace -source microblaze_GameIP_0_0.tcl


ECHO is off.
ECHO is off.

****** Vivado v2023.1 (64-bit)
  **** SW Build 3865809 on Sun May  7 15:05:29 MDT 2023
  **** IP Build 3864474 on Sun May  7 20:36:21 MDT 2023
  **** SharedData Build 3865790 on Sun May 07 13:33:03 MDT 2023
    ** Copyright 1986-2022 Xilinx, Inc. All Rights Reserved.
    ** Copyright 2022-2023 Advanced Micro Devices, Inc. All Rights Reserved.

source microblaze_GameIP_0_0.tcl -notrace
INFO: [IP_Flow 19-234] Refreshing IP repositories
INFO: [IP_Flow 19-1700] Loaded user IP repository 'c:/Users/Abdullah/Downloads/ECE385/ip_repo/GameIP_1_0'.
INFO: [IP_Flow 19-1700] Loaded user IP repository 'c:/Users/Abdullah/Downloads/RD_hdmi_ip2020'.
INFO: [IP_Flow 19-2313] Loaded Vivado IP repository 'C:/Xilinx/Vivado/2023.1/data/ip'.
INFO: [IP_Flow 19-6924] IPCACHE: Running cache check for IP inst: microblaze_GameIP_0_0
Command: synth_design -top microblaze_GameIP_0_0 -part xc7s50csga324-1 -incremental_mode off -mode out_of_context
Starting synth_design
Attempting to get a license for feature 'Synthesis' and/or device 'xc7s50'
INFO: [Common 17-349] Got license for feature 'Synthesis' and/or device 'xc7s50'
INFO: [Device 21-403] Loading part xc7s50csga324-1
INFO: [Synth 8-7079] Multithreading enabled for synth_design using a maximum of 2 processes.
INFO: [Synth 8-7078] Launching helper process for spawning children vivado processes
INFO: [Synth 8-7075] Helper process launched with PID 15252
WARNING: [Synth 8-11065] parameter 'CTRLTOKEN0' becomes localparam in 'encode' with formal parameter declaration list [c:/Users/Abdullah/Downloads/ECE385/Final_Project/Final_Project.gen/sources_1/bd/microblaze/ip/microblaze_GameIP_0_0/src/hdmi_tx_0/hdl/encode.v:145]
WARNING: [Synth 8-11065] parameter 'CTRLTOKEN1' becomes localparam in 'encode' with formal parameter declaration list [c:/Users/Abdullah/Downloads/ECE385/Final_Project/Final_Project.gen/sources_1/bd/microblaze/ip/microblaze_GameIP_0_0/src/hdmi_tx_0/hdl/encode.v:146]
WARNING: [Synth 8-11065] parameter 'CTRLTOKEN2' becomes localparam in 'encode' with formal parameter declaration list [c:/Users/Abdullah/Downloads/ECE385/Final_Project/Final_Project.gen/sources_1/bd/microblaze/ip/microblaze_GameIP_0_0/src/hdmi_tx_0/hdl/encode.v:147]
WARNING: [Synth 8-11065] parameter 'CTRLTOKEN3' becomes localparam in 'encode' with formal parameter declaration list [c:/Users/Abdullah/Downloads/ECE385/Final_Project/Final_Project.gen/sources_1/bd/microblaze/ip/microblaze_GameIP_0_0/src/hdmi_tx_0/hdl/encode.v:148]
---------------------------------------------------------------------------------
Starting RTL Elaboration : Time (s): cpu = 00:00:03 ; elapsed = 00:00:06 . Memory (MB): peak = 1285.203 ; gain = 411.703
---------------------------------------------------------------------------------
INFO: [Synth 8-6157] synthesizing module 'microblaze_GameIP_0_0' [c:/Users/Abdullah/Downloads/ECE385/Final_Project/Final_Project.gen/sources_1/bd/microblaze/ip/microblaze_GameIP_0_0/synth/microblaze_GameIP_0_0.sv:53]
INFO: [Synth 8-6157] synthesizing module 'Game_Top_Level' [c:/Users/Abdullah/Downloads/ECE385/Final_Project/Final_Project.gen/sources_1/bd/microblaze/ipshared/0484/src/GameIP_v1_0.sv:3]
INFO: [Synth 8-6157] synthesizing module 'HDMI_Controller' [c:/Users/Abdullah/Downloads/ECE385/Final_Project/Final_Project.gen/sources_1/bd/microblaze/ipshared/0484/src/GameIP_v1_0_AXI.sv:27]
INFO: [Synth 8-638] synthesizing module 'blk_mem_gen_0' [c:/Users/Abdullah/Downloads/ECE385/Final_Project/Final_Project.gen/sources_1/bd/microblaze/ip/microblaze_GameIP_0_0/src/blk_mem_gen_0/synth/blk_mem_gen_0.vhd:74]
	Parameter C_FAMILY bound to: spartan7 - type: string 
	Parameter C_XDEVICEFAMILY bound to: spartan7 - type: string 
	Parameter C_ELABORATION_DIR bound to: ./ - type: string 
	Parameter C_INTERFACE_TYPE bound to: 0 - type: integer 
	Parameter C_AXI_TYPE bound to: 1 - type: integer 
	Parameter C_AXI_SLAVE_TYPE bound to: 0 - type: integer 
	Parameter C_USE_BRAM_BLOCK bound to: 0 - type: integer 
	Parameter C_ENABLE_32BIT_ADDRESS bound to: 0 - type: integer 
	Parameter C_CTRL_ECC_ALGO bound to: NONE - type: string 
	Parameter C_HAS_AXI_ID bound to: 0 - type: integer 
	Parameter C_AXI_ID_WIDTH bound to: 4 - type: integer 
	Parameter C_MEM_TYPE bound to: 2 - type: integer 
	Parameter C_BYTE_SIZE bound to: 8 - type: integer 
	Parameter C_ALGORITHM bound to: 1 - type: integer 
	Parameter C_PRIM_TYPE bound to: 1 - type: integer 
	Parameter C_LOAD_INIT_FILE bound to: 0 - type: integer 
	Parameter C_INIT_FILE_NAME bound to: no_coe_file_loaded - type: string 
	Parameter C_INIT_FILE bound to: blk_mem_gen_0.mem - type: string 
	Parameter C_USE_DEFAULT_DATA bound to: 0 - type: integer 
	Parameter C_DEFAULT_DATA bound to: 0 - type: string 
	Parameter C_HAS_RSTA bound to: 0 - type: integer 
	Parameter C_RST_PRIORITY_A bound to: CE - type: string 
	Parameter C_RSTRAM_A bound to: 0 - type: integer 
	Parameter C_INITA_VAL bound to: 0 - type: string 
	Parameter C_HAS_ENA bound to: 0 - type: integer 
	Parameter C_HAS_REGCEA bound to: 0 - type: integer 
	Parameter C_USE_BYTE_WEA bound to: 1 - type: integer 
	Parameter C_WEA_WIDTH bound to: 4 - type: integer 
	Parameter C_WRITE_MODE_A bound to: WRITE_FIRST - type: string 
	Parameter C_WRITE_WIDTH_A bound to: 32 - type: integer 
	Parameter C_READ_WIDTH_A bound to: 32 - type: integer 
	Parameter C_WRITE_DEPTH_A bound to: 2048 - type: integer 
	Parameter C_READ_DEPTH_A bound to: 2048 - type: integer 
	Parameter C_ADDRA_WIDTH bound to: 11 - type: integer 
	Parameter C_HAS_RSTB bound to: 0 - type: integer 
	Parameter C_RST_PRIORITY_B bound to: CE - type: string 
	Parameter C_RSTRAM_B bound to: 0 - type: integer 
	Parameter C_INITB_VAL bound to: 0 - type: string 
	Parameter C_HAS_ENB bound to: 0 - type: integer 
	Parameter C_HAS_REGCEB bound to: 0 - type: integer 
	Parameter C_USE_BYTE_WEB bound to: 1 - type: integer 
	Parameter C_WEB_WIDTH bound to: 4 - type: integer 
	Parameter C_WRITE_MODE_B bound to: WRITE_FIRST - type: string 
	Parameter C_WRITE_WIDTH_B bound to: 32 - type: integer 
	Parameter C_READ_WIDTH_B bound to: 32 - type: integer 
	Parameter C_WRITE_DEPTH_B bound to: 2048 - type: integer 
	Parameter C_READ_DEPTH_B bound to: 2048 - type: integer 
	Parameter C_ADDRB_WIDTH bound to: 11 - type: integer 
	Parameter C_HAS_MEM_OUTPUT_REGS_A bound to: 1 - type: integer 
	Parameter C_HAS_MEM_OUTPUT_REGS_B bound to: 1 - type: integer 
	Parameter C_HAS_MUX_OUTPUT_REGS_A bound to: 0 - type: integer 
	Parameter C_HAS_MUX_OUTPUT_REGS_B bound to: 0 - type: integer 
	Parameter C_MUX_PIPELINE_STAGES bound to: 0 - type: integer 
	Parameter C_HAS_SOFTECC_INPUT_REGS_A bound to: 0 - type: integer 
	Parameter C_HAS_SOFTECC_OUTPUT_REGS_B bound to: 0 - type: integer 
	Parameter C_USE_SOFTECC bound to: 0 - type: integer 
	Parameter C_USE_ECC bound to: 0 - type: integer 
	Parameter C_EN_ECC_PIPE bound to: 0 - type: integer 
	Parameter C_READ_LATENCY_A bound to: 1 - type: integer 
	Parameter C_READ_LATENCY_B bound to: 1 - type: integer 
	Parameter C_HAS_INJECTERR bound to: 0 - type: integer 
	Parameter C_SIM_COLLISION_CHECK bound to: ALL - type: string 
	Parameter C_COMMON_CLK bound to: 0 - type: integer 
	Parameter C_DISABLE_WARN_BHV_COLL bound to: 0 - type: integer 
	Parameter C_EN_SLEEP_PIN bound to: 0 - type: integer 
	Parameter C_USE_URAM bound to: 0 - type: integer 
	Parameter C_EN_RDADDRA_CHG bound to: 0 - type: integer 
	Parameter C_EN_RDADDRB_CHG bound to: 0 - type: integer 
	Parameter C_EN_DEEPSLEEP_PIN bound to: 0 - type: integer 
	Parameter C_EN_SHUTDOWN_PIN bound to: 0 - type: integer 
	Parameter C_EN_SAFETY_CKT bound to: 0 - type: integer 
	Parameter C_DISABLE_WARN_BHV_RANGE bound to: 0 - type: integer 
	Parameter C_COUNT_36K_BRAM bound to: 2 - type: string 
	Parameter C_COUNT_18K_BRAM bound to: 0 - type: string 
	Parameter C_EST_POWER_SUMMARY bound to: Estimated Power for IP     :     10.7492 mW - type: string 
INFO: [Synth 8-3491] module 'blk_mem_gen_v8_4_6' declared at 'c:/Users/Abdullah/Downloads/ECE385/Final_Project/Final_Project.gen/sources_1/bd/microblaze/ip/microblaze_GameIP_0_0/src/blk_mem_gen_0/hdl/blk_mem_gen_v8_4_vhsyn_rfs.vhd:195321' bound to instance 'U0' of component 'blk_mem_gen_v8_4_6' [c:/Users/Abdullah/Downloads/ECE385/Final_Project/Final_Project.gen/sources_1/bd/microblaze/ip/microblaze_GameIP_0_0/src/blk_mem_gen_0/synth/blk_mem_gen_0.vhd:245]
INFO: [Synth 8-256] done synthesizing module 'blk_mem_gen_0' (0#1) [c:/Users/Abdullah/Downloads/ECE385/Final_Project/Final_Project.gen/sources_1/bd/microblaze/ip/microblaze_GameIP_0_0/src/blk_mem_gen_0/synth/blk_mem_gen_0.vhd:74]
WARNING: [Synth 8-689] width (14) of port connection 'addrb' does not match port width (11) of module 'blk_mem_gen_0' [c:/Users/Abdullah/Downloads/ECE385/Final_Project/Final_Project.gen/sources_1/bd/microblaze/ipshared/0484/src/GameIP_v1_0_AXI.sv:468]
INFO: [Synth 8-6155] done synthesizing module 'HDMI_Controller' (0#1) [c:/Users/Abdullah/Downloads/ECE385/Final_Project/Final_Project.gen/sources_1/bd/microblaze/ipshared/0484/src/GameIP_v1_0_AXI.sv:27]
INFO: [Synth 8-6157] synthesizing module 'clk_wiz_0' [c:/Users/Abdullah/Downloads/ECE385/Final_Project/Final_Project.gen/sources_1/bd/microblaze/ip/microblaze_GameIP_0_0/src/clk_wiz_0/clk_wiz_0.v:69]
INFO: [Synth 8-6157] synthesizing module 'clk_wiz_0_clk_wiz' [c:/Users/Abdullah/Downloads/ECE385/Final_Project/Final_Project.gen/sources_1/bd/microblaze/ip/microblaze_GameIP_0_0/src/clk_wiz_0/clk_wiz_0_clk_wiz.v:69]
INFO: [Synth 8-6157] synthesizing module 'MMCME2_ADV' [C:/Xilinx/Vivado/2023.1/scripts/rt/data/unisim_comp.v:80311]
INFO: [Synth 8-6155] done synthesizing module 'MMCME2_ADV' (0#1) [C:/Xilinx/Vivado/2023.1/scripts/rt/data/unisim_comp.v:80311]
INFO: [Synth 8-6157] synthesizing module 'BUFG' [C:/Xilinx/Vivado/2023.1/scripts/rt/data/unisim_comp.v:1519]
INFO: [Synth 8-6155] done synthesizing module 'BUFG' (0#1) [C:/Xilinx/Vivado/2023.1/scripts/rt/data/unisim_comp.v:1519]
INFO: [Synth 8-6155] done synthesizing module 'clk_wiz_0_clk_wiz' (0#1) [c:/Users/Abdullah/Downloads/ECE385/Final_Project/Final_Project.gen/sources_1/bd/microblaze/ip/microblaze_GameIP_0_0/src/clk_wiz_0/clk_wiz_0_clk_wiz.v:69]
INFO: [Synth 8-6155] done synthesizing module 'clk_wiz_0' (0#1) [c:/Users/Abdullah/Downloads/ECE385/Final_Project/Final_Project.gen/sources_1/bd/microblaze/ip/microblaze_GameIP_0_0/src/clk_wiz_0/clk_wiz_0.v:69]
INFO: [Synth 8-6157] synthesizing module 'vga_controller' [c:/Users/Abdullah/Downloads/ECE385/Final_Project/Final_Project.gen/sources_1/bd/microblaze/ipshared/0484/src/VGA_controller.sv:26]
INFO: [Synth 8-6155] done synthesizing module 'vga_controller' (0#1) [c:/Users/Abdullah/Downloads/ECE385/Final_Project/Final_Project.gen/sources_1/bd/microblaze/ipshared/0484/src/VGA_controller.sv:26]
WARNING: [Synth 8-7071] port 'sync' of module 'vga_controller' is unconnected for instance 'vga' [c:/Users/Abdullah/Downloads/ECE385/Final_Project/Final_Project.gen/sources_1/bd/microblaze/ipshared/0484/src/GameIP_v1_0.sv:106]
WARNING: [Synth 8-7023] instance 'vga' of module 'vga_controller' has 8 connections declared, but only 7 given [c:/Users/Abdullah/Downloads/ECE385/Final_Project/Final_Project.gen/sources_1/bd/microblaze/ipshared/0484/src/GameIP_v1_0.sv:106]
INFO: [Synth 8-6157] synthesizing module 'hdmi_tx_0' [c:/Users/Abdullah/Downloads/ECE385/Final_Project/Final_Project.gen/sources_1/bd/microblaze/ip/microblaze_GameIP_0_0/src/hdmi_tx_0/synth/hdmi_tx_0.v:53]
INFO: [Synth 8-6157] synthesizing module 'hdmi_tx_v1_0' [c:/Users/Abdullah/Downloads/ECE385/Final_Project/Final_Project.gen/sources_1/bd/microblaze/ip/microblaze_GameIP_0_0/src/hdmi_tx_0/hdl/hdmi_tx_v1_0.v:70]
INFO: [Synth 8-6157] synthesizing module 'srldelay' [c:/Users/Abdullah/Downloads/ECE385/Final_Project/Final_Project.gen/sources_1/bd/microblaze/ip/microblaze_GameIP_0_0/src/hdmi_tx_0/hdl/srldelay.v:70]
INFO: [Synth 8-6157] synthesizing module 'SRL16E' [C:/Xilinx/Vivado/2023.1/scripts/rt/data/unisim_comp.v:132173]
INFO: [Synth 8-6155] done synthesizing module 'SRL16E' (0#1) [C:/Xilinx/Vivado/2023.1/scripts/rt/data/unisim_comp.v:132173]
INFO: [Synth 8-6155] done synthesizing module 'srldelay' (0#1) [c:/Users/Abdullah/Downloads/ECE385/Final_Project/Final_Project.gen/sources_1/bd/microblaze/ip/microblaze_GameIP_0_0/src/hdmi_tx_0/hdl/srldelay.v:70]
INFO: [Synth 8-6157] synthesizing module 'encode' [c:/Users/Abdullah/Downloads/ECE385/Final_Project/Final_Project.gen/sources_1/bd/microblaze/ip/microblaze_GameIP_0_0/src/hdmi_tx_0/hdl/encode.v:79]
INFO: [Synth 8-6155] done synthesizing module 'encode' (0#1) [c:/Users/Abdullah/Downloads/ECE385/Final_Project/Final_Project.gen/sources_1/bd/microblaze/ip/microblaze_GameIP_0_0/src/hdmi_tx_0/hdl/encode.v:79]
INFO: [Synth 8-6157] synthesizing module 'encode__parameterized0' [c:/Users/Abdullah/Downloads/ECE385/Final_Project/Final_Project.gen/sources_1/bd/microblaze/ip/microblaze_GameIP_0_0/src/hdmi_tx_0/hdl/encode.v:79]
INFO: [Synth 8-6155] done synthesizing module 'encode__parameterized0' (0#1) [c:/Users/Abdullah/Downloads/ECE385/Final_Project/Final_Project.gen/sources_1/bd/microblaze/ip/microblaze_GameIP_0_0/src/hdmi_tx_0/hdl/encode.v:79]
INFO: [Synth 8-6157] synthesizing module 'encode__parameterized1' [c:/Users/Abdullah/Downloads/ECE385/Final_Project/Final_Project.gen/sources_1/bd/microblaze/ip/microblaze_GameIP_0_0/src/hdmi_tx_0/hdl/encode.v:79]
INFO: [Synth 8-6155] done synthesizing module 'encode__parameterized1' (0#1) [c:/Users/Abdullah/Downloads/ECE385/Final_Project/Final_Project.gen/sources_1/bd/microblaze/ip/microblaze_GameIP_0_0/src/hdmi_tx_0/hdl/encode.v:79]
INFO: [Synth 8-6157] synthesizing module 'serdes_10_to_1' [c:/Users/Abdullah/Downloads/ECE385/Final_Project/Final_Project.gen/sources_1/bd/microblaze/ip/microblaze_GameIP_0_0/src/hdmi_tx_0/hdl/serdes_10_to_1.v:43]
INFO: [Synth 8-6157] synthesizing module 'OSERDESE2' [C:/Xilinx/Vivado/2023.1/scripts/rt/data/unisim_comp.v:95372]
INFO: [Synth 8-6155] done synthesizing module 'OSERDESE2' (0#1) [C:/Xilinx/Vivado/2023.1/scripts/rt/data/unisim_comp.v:95372]
INFO: [Synth 8-6157] synthesizing module 'OSERDESE2__parameterized0' [C:/Xilinx/Vivado/2023.1/scripts/rt/data/unisim_comp.v:95372]
INFO: [Synth 8-6155] done synthesizing module 'OSERDESE2__parameterized0' (0#1) [C:/Xilinx/Vivado/2023.1/scripts/rt/data/unisim_comp.v:95372]
INFO: [Synth 8-6155] done synthesizing module 'serdes_10_to_1' (0#1) [c:/Users/Abdullah/Downloads/ECE385/Final_Project/Final_Project.gen/sources_1/bd/microblaze/ip/microblaze_GameIP_0_0/src/hdmi_tx_0/hdl/serdes_10_to_1.v:43]
INFO: [Synth 8-6157] synthesizing module 'OBUFDS' [C:/Xilinx/Vivado/2023.1/scripts/rt/data/unisim_comp.v:91135]
INFO: [Synth 8-6155] done synthesizing module 'OBUFDS' (0#1) [C:/Xilinx/Vivado/2023.1/scripts/rt/data/unisim_comp.v:91135]
INFO: [Synth 8-6155] done synthesizing module 'hdmi_tx_v1_0' (0#1) [c:/Users/Abdullah/Downloads/ECE385/Final_Project/Final_Project.gen/sources_1/bd/microblaze/ip/microblaze_GameIP_0_0/src/hdmi_tx_0/hdl/hdmi_tx_v1_0.v:70]
INFO: [Synth 8-6155] done synthesizing module 'hdmi_tx_0' (0#1) [c:/Users/Abdullah/Downloads/ECE385/Final_Project/Final_Project.gen/sources_1/bd/microblaze/ip/microblaze_GameIP_0_0/src/hdmi_tx_0/synth/hdmi_tx_0.v:53]
INFO: [Synth 8-6157] synthesizing module 'color_mapper' [c:/Users/Abdullah/Downloads/ECE385/Final_Project/Final_Project.gen/sources_1/bd/microblaze/ipshared/0484/src/Color_Mapper.sv:17]
INFO: [Synth 8-6157] synthesizing module 'font_rom' [c:/Users/Abdullah/Downloads/ECE385/Final_Project/Final_Project.gen/sources_1/bd/microblaze/ipshared/0484/src/font_rom.sv:1]
INFO: [Synth 8-6155] done synthesizing module 'font_rom' (0#1) [c:/Users/Abdullah/Downloads/ECE385/Final_Project/Final_Project.gen/sources_1/bd/microblaze/ipshared/0484/src/font_rom.sv:1]
INFO: [Synth 8-6155] done synthesizing module 'color_mapper' (0#1) [c:/Users/Abdullah/Downloads/ECE385/Final_Project/Final_Project.gen/sources_1/bd/microblaze/ipshared/0484/src/Color_Mapper.sv:17]
INFO: [Synth 8-6155] done synthesizing module 'Game_Top_Level' (0#1) [c:/Users/Abdullah/Downloads/ECE385/Final_Project/Final_Project.gen/sources_1/bd/microblaze/ipshared/0484/src/GameIP_v1_0.sv:3]
INFO: [Synth 8-6155] done synthesizing module 'microblaze_GameIP_0_0' (0#1) [c:/Users/Abdullah/Downloads/ECE385/Final_Project/Final_Project.gen/sources_1/bd/microblaze/ip/microblaze_GameIP_0_0/synth/microblaze_GameIP_0_0.sv:53]
WARNING: [Synth 8-6014] Unused sequential element axi_araddr_reg was removed.  [c:/Users/Abdullah/Downloads/ECE385/Final_Project/Final_Project.gen/sources_1/bd/microblaze/ipshared/0484/src/GameIP_v1_0_AXI.sv:336]
WARNING: [Synth 8-87] always_comb on 'axi_write_data_reg' did not result in combinational logic [c:/Users/Abdullah/Downloads/ECE385/Final_Project/Final_Project.gen/sources_1/bd/microblaze/ipshared/0484/src/GameIP_v1_0_AXI.sv:274]
WARNING: [Synth 8-87] always_comb on 'pallette_reg_reg[7]' did not result in combinational logic [c:/Users/Abdullah/Downloads/ECE385/Final_Project/Final_Project.gen/sources_1/bd/microblaze/ipshared/0484/src/GameIP_v1_0_AXI.sv:434]
WARNING: [Synth 8-87] always_comb on 'pallette_reg_reg[6]' did not result in combinational logic [c:/Users/Abdullah/Downloads/ECE385/Final_Project/Final_Project.gen/sources_1/bd/microblaze/ipshared/0484/src/GameIP_v1_0_AXI.sv:434]
WARNING: [Synth 8-87] always_comb on 'pallette_reg_reg[5]' did not result in combinational logic [c:/Users/Abdullah/Downloads/ECE385/Final_Project/Final_Project.gen/sources_1/bd/microblaze/ipshared/0484/src/GameIP_v1_0_AXI.sv:434]
WARNING: [Synth 8-87] always_comb on 'pallette_reg_reg[4]' did not result in combinational logic [c:/Users/Abdullah/Downloads/ECE385/Final_Project/Final_Project.gen/sources_1/bd/microblaze/ipshared/0484/src/GameIP_v1_0_AXI.sv:434]
WARNING: [Synth 8-87] always_comb on 'pallette_reg_reg[3]' did not result in combinational logic [c:/Users/Abdullah/Downloads/ECE385/Final_Project/Final_Project.gen/sources_1/bd/microblaze/ipshared/0484/src/GameIP_v1_0_AXI.sv:434]
WARNING: [Synth 8-87] always_comb on 'pallette_reg_reg[2]' did not result in combinational logic [c:/Users/Abdullah/Downloads/ECE385/Final_Project/Final_Project.gen/sources_1/bd/microblaze/ipshared/0484/src/GameIP_v1_0_AXI.sv:434]
WARNING: [Synth 8-87] always_comb on 'pallette_reg_reg[1]' did not result in combinational logic [c:/Users/Abdullah/Downloads/ECE385/Final_Project/Final_Project.gen/sources_1/bd/microblaze/ipshared/0484/src/GameIP_v1_0_AXI.sv:434]
WARNING: [Synth 8-87] always_comb on 'pallette_reg_reg[0]' did not result in combinational logic [c:/Users/Abdullah/Downloads/ECE385/Final_Project/Final_Project.gen/sources_1/bd/microblaze/ipshared/0484/src/GameIP_v1_0_AXI.sv:434]
WARNING: [Synth 8-6014] Unused sequential element hdmi_ctl1_reg was removed.  [c:/Users/Abdullah/Downloads/ECE385/Final_Project/Final_Project.gen/sources_1/bd/microblaze/ip/microblaze_GameIP_0_0/src/hdmi_tx_0/hdl/hdmi_tx_v1_0.v:148]
WARNING: [Synth 8-87] always_comb on 'Red_reg' did not result in combinational logic [c:/Users/Abdullah/Downloads/ECE385/Final_Project/Final_Project.gen/sources_1/bd/microblaze/ipshared/0484/src/Color_Mapper.sv:58]
WARNING: [Synth 8-87] always_comb on 'Green_reg' did not result in combinational logic [c:/Users/Abdullah/Downloads/ECE385/Final_Project/Final_Project.gen/sources_1/bd/microblaze/ipshared/0484/src/Color_Mapper.sv:59]
WARNING: [Synth 8-87] always_comb on 'Blue_reg' did not result in combinational logic [c:/Users/Abdullah/Downloads/ECE385/Final_Project/Final_Project.gen/sources_1/bd/microblaze/ipshared/0484/src/Color_Mapper.sv:60]
WARNING: [Synth 8-7129] Port DrawX[9] in module color_mapper is either unconnected or has no load
WARNING: [Synth 8-7129] Port DrawX[8] in module color_mapper is either unconnected or has no load
WARNING: [Synth 8-7129] Port DrawX[7] in module color_mapper is either unconnected or has no load
WARNING: [Synth 8-7129] Port DrawX[6] in module color_mapper is either unconnected or has no load
WARNING: [Synth 8-7129] Port DrawX[5] in module color_mapper is either unconnected or has no load
WARNING: [Synth 8-7129] Port DrawX[4] in module color_mapper is either unconnected or has no load
WARNING: [Synth 8-7129] Port DrawX[3] in module color_mapper is either unconnected or has no load
WARNING: [Synth 8-7129] Port DrawY[9] in module color_mapper is either unconnected or has no load
WARNING: [Synth 8-7129] Port DrawY[8] in module color_mapper is either unconnected or has no load
WARNING: [Synth 8-7129] Port DrawY[7] in module color_mapper is either unconnected or has no load
WARNING: [Synth 8-7129] Port DrawY[6] in module color_mapper is either unconnected or has no load
WARNING: [Synth 8-7129] Port DrawY[5] in module color_mapper is either unconnected or has no load
WARNING: [Synth 8-7129] Port DrawY[4] in module color_mapper is either unconnected or has no load
WARNING: [Synth 8-7129] Port CLKB in module blk_mem_output_block is either unconnected or has no load
WARNING: [Synth 8-7129] Port SBITERR_I in module blk_mem_output_block is either unconnected or has no load
WARNING: [Synth 8-7129] Port DBITERR_I in module blk_mem_output_block is either unconnected or has no load
WARNING: [Synth 8-7129] Port RDADDRECC_I[10] in module blk_mem_output_block is either unconnected or has no load
WARNING: [Synth 8-7129] Port RDADDRECC_I[9] in module blk_mem_output_block is either unconnected or has no load
WARNING: [Synth 8-7129] Port RDADDRECC_I[8] in module blk_mem_output_block is either unconnected or has no load
WARNING: [Synth 8-7129] Port RDADDRECC_I[7] in module blk_mem_output_block is either unconnected or has no load
WARNING: [Synth 8-7129] Port RDADDRECC_I[6] in module blk_mem_output_block is either unconnected or has no load
WARNING: [Synth 8-7129] Port RDADDRECC_I[5] in module blk_mem_output_block is either unconnected or has no load
WARNING: [Synth 8-7129] Port RDADDRECC_I[4] in module blk_mem_output_block is either unconnected or has no load
WARNING: [Synth 8-7129] Port RDADDRECC_I[3] in module blk_mem_output_block is either unconnected or has no load
WARNING: [Synth 8-7129] Port RDADDRECC_I[2] in module blk_mem_output_block is either unconnected or has no load
WARNING: [Synth 8-7129] Port RDADDRECC_I[1] in module blk_mem_output_block is either unconnected or has no load
WARNING: [Synth 8-7129] Port RDADDRECC_I[0] in module blk_mem_output_block is either unconnected or has no load
WARNING: [Synth 8-7129] Port SBITERR in module blk_mem_gen_prim_wrapper__parameterized0 is either unconnected or has no load
WARNING: [Synth 8-7129] Port DBITERR in module blk_mem_gen_prim_wrapper__parameterized0 is either unconnected or has no load
WARNING: [Synth 8-7129] Port SSRA in module blk_mem_gen_prim_wrapper__parameterized0 is either unconnected or has no load
WARNING: [Synth 8-7129] Port SSRB in module blk_mem_gen_prim_wrapper__parameterized0 is either unconnected or has no load
WARNING: [Synth 8-7129] Port SLEEP in module blk_mem_gen_prim_wrapper__parameterized0 is either unconnected or has no load
WARNING: [Synth 8-7129] Port INJECTSBITERR in module blk_mem_gen_prim_wrapper__parameterized0 is either unconnected or has no load
WARNING: [Synth 8-7129] Port INJECTDBITERR in module blk_mem_gen_prim_wrapper__parameterized0 is either unconnected or has no load
WARNING: [Synth 8-7129] Port ECCPIPECE in module blk_mem_gen_prim_wrapper__parameterized0 is either unconnected or has no load
WARNING: [Synth 8-7129] Port SBITERR in module blk_mem_gen_prim_wrapper is either unconnected or has no load
WARNING: [Synth 8-7129] Port DBITERR in module blk_mem_gen_prim_wrapper is either unconnected or has no load
WARNING: [Synth 8-7129] Port SSRA in module blk_mem_gen_prim_wrapper is either unconnected or has no load
WARNING: [Synth 8-7129] Port SSRB in module blk_mem_gen_prim_wrapper is either unconnected or has no load
WARNING: [Synth 8-7129] Port SLEEP in module blk_mem_gen_prim_wrapper is either unconnected or has no load
WARNING: [Synth 8-7129] Port INJECTSBITERR in module blk_mem_gen_prim_wrapper is either unconnected or has no load
WARNING: [Synth 8-7129] Port INJECTDBITERR in module blk_mem_gen_prim_wrapper is either unconnected or has no load
WARNING: [Synth 8-7129] Port ECCPIPECE in module blk_mem_gen_prim_wrapper is either unconnected or has no load
WARNING: [Synth 8-7129] Port RSTA[0] in module blk_mem_gen_generic_cstr is either unconnected or has no load
WARNING: [Synth 8-7129] Port RSTB[0] in module blk_mem_gen_generic_cstr is either unconnected or has no load
WARNING: [Synth 8-7129] Port INJECTSBITERR in module blk_mem_gen_generic_cstr is either unconnected or has no load
WARNING: [Synth 8-7129] Port INJECTDBITERR in module blk_mem_gen_generic_cstr is either unconnected or has no load
WARNING: [Synth 8-7129] Port RSTA in module blk_mem_input_block is either unconnected or has no load
WARNING: [Synth 8-7129] Port ENA in module blk_mem_input_block is either unconnected or has no load
WARNING: [Synth 8-7129] Port REGCEA in module blk_mem_input_block is either unconnected or has no load
WARNING: [Synth 8-7129] Port RSTB in module blk_mem_input_block is either unconnected or has no load
WARNING: [Synth 8-7129] Port ENB in module blk_mem_input_block is either unconnected or has no load
WARNING: [Synth 8-7129] Port REGCEB in module blk_mem_input_block is either unconnected or has no load
WARNING: [Synth 8-7129] Port INJECTDBITERR in module blk_mem_input_block is either unconnected or has no load
WARNING: [Synth 8-7129] Port INJECTSBITERR in module blk_mem_input_block is either unconnected or has no load
WARNING: [Synth 8-7129] Port S_AClk in module blk_mem_gen_v8_4_6_synth is either unconnected or has no load
WARNING: [Synth 8-7129] Port S_ARESETN in module blk_mem_gen_v8_4_6_synth is either unconnected or has no load
WARNING: [Synth 8-7129] Port S_AXI_AWID[3] in module blk_mem_gen_v8_4_6_synth is either unconnected or has no load
WARNING: [Synth 8-7129] Port S_AXI_AWID[2] in module blk_mem_gen_v8_4_6_synth is either unconnected or has no load
WARNING: [Synth 8-7129] Port S_AXI_AWID[1] in module blk_mem_gen_v8_4_6_synth is either unconnected or has no load
WARNING: [Synth 8-7129] Port S_AXI_AWID[0] in module blk_mem_gen_v8_4_6_synth is either unconnected or has no load
WARNING: [Synth 8-7129] Port S_AXI_AWADDR[31] in module blk_mem_gen_v8_4_6_synth is either unconnected or has no load
WARNING: [Synth 8-7129] Port S_AXI_AWADDR[30] in module blk_mem_gen_v8_4_6_synth is either unconnected or has no load
WARNING: [Synth 8-7129] Port S_AXI_AWADDR[29] in module blk_mem_gen_v8_4_6_synth is either unconnected or has no load
WARNING: [Synth 8-7129] Port S_AXI_AWADDR[28] in module blk_mem_gen_v8_4_6_synth is either unconnected or has no load
WARNING: [Synth 8-7129] Port S_AXI_AWADDR[27] in module blk_mem_gen_v8_4_6_synth is either unconnected or has no load
WARNING: [Synth 8-7129] Port S_AXI_AWADDR[26] in module blk_mem_gen_v8_4_6_synth is either unconnected or has no load
WARNING: [Synth 8-7129] Port S_AXI_AWADDR[25] in module blk_mem_gen_v8_4_6_synth is either unconnected or has no load
WARNING: [Synth 8-7129] Port S_AXI_AWADDR[24] in module blk_mem_gen_v8_4_6_synth is either unconnected or has no load
WARNING: [Synth 8-7129] Port S_AXI_AWADDR[23] in module blk_mem_gen_v8_4_6_synth is either unconnected or has no load
WARNING: [Synth 8-7129] Port S_AXI_AWADDR[22] in module blk_mem_gen_v8_4_6_synth is either unconnected or has no load
WARNING: [Synth 8-7129] Port S_AXI_AWADDR[21] in module blk_mem_gen_v8_4_6_synth is either unconnected or has no load
WARNING: [Synth 8-7129] Port S_AXI_AWADDR[20] in module blk_mem_gen_v8_4_6_synth is either unconnected or has no load
WARNING: [Synth 8-7129] Port S_AXI_AWADDR[19] in module blk_mem_gen_v8_4_6_synth is either unconnected or has no load
WARNING: [Synth 8-7129] Port S_AXI_AWADDR[18] in module blk_mem_gen_v8_4_6_synth is either unconnected or has no load
WARNING: [Synth 8-7129] Port S_AXI_AWADDR[17] in module blk_mem_gen_v8_4_6_synth is either unconnected or has no load
WARNING: [Synth 8-7129] Port S_AXI_AWADDR[16] in module blk_mem_gen_v8_4_6_synth is either unconnected or has no load
WARNING: [Synth 8-7129] Port S_AXI_AWADDR[15] in module blk_mem_gen_v8_4_6_synth is either unconnected or has no load
WARNING: [Synth 8-7129] Port S_AXI_AWADDR[14] in module blk_mem_gen_v8_4_6_synth is either unconnected or has no load
WARNING: [Synth 8-7129] Port S_AXI_AWADDR[13] in module blk_mem_gen_v8_4_6_synth is either unconnected or has no load
WARNING: [Synth 8-7129] Port S_AXI_AWADDR[12] in module blk_mem_gen_v8_4_6_synth is either unconnected or has no load
WARNING: [Synth 8-7129] Port S_AXI_AWADDR[11] in module blk_mem_gen_v8_4_6_synth is either unconnected or has no load
WARNING: [Synth 8-7129] Port S_AXI_AWADDR[10] in module blk_mem_gen_v8_4_6_synth is either unconnected or has no load
WARNING: [Synth 8-7129] Port S_AXI_AWADDR[9] in module blk_mem_gen_v8_4_6_synth is either unconnected or has no load
WARNING: [Synth 8-7129] Port S_AXI_AWADDR[8] in module blk_mem_gen_v8_4_6_synth is either unconnected or has no load
WARNING: [Synth 8-7129] Port S_AXI_AWADDR[7] in module blk_mem_gen_v8_4_6_synth is either unconnected or has no load
WARNING: [Synth 8-7129] Port S_AXI_AWADDR[6] in module blk_mem_gen_v8_4_6_synth is either unconnected or has no load
WARNING: [Synth 8-7129] Port S_AXI_AWADDR[5] in module blk_mem_gen_v8_4_6_synth is either unconnected or has no load
WARNING: [Synth 8-7129] Port S_AXI_AWADDR[4] in module blk_mem_gen_v8_4_6_synth is either unconnected or has no load
WARNING: [Synth 8-7129] Port S_AXI_AWADDR[3] in module blk_mem_gen_v8_4_6_synth is either unconnected or has no load
WARNING: [Synth 8-7129] Port S_AXI_AWADDR[2] in module blk_mem_gen_v8_4_6_synth is either unconnected or has no load
WARNING: [Synth 8-7129] Port S_AXI_AWADDR[1] in module blk_mem_gen_v8_4_6_synth is either unconnected or has no load
WARNING: [Synth 8-7129] Port S_AXI_AWADDR[0] in module blk_mem_gen_v8_4_6_synth is either unconnected or has no load
WARNING: [Synth 8-7129] Port S_AXI_AWLEN[7] in module blk_mem_gen_v8_4_6_synth is either unconnected or has no load
WARNING: [Synth 8-7129] Port S_AXI_AWLEN[6] in module blk_mem_gen_v8_4_6_synth is either unconnected or has no load
WARNING: [Synth 8-7129] Port S_AXI_AWLEN[5] in module blk_mem_gen_v8_4_6_synth is either unconnected or has no load
WARNING: [Synth 8-7129] Port S_AXI_AWLEN[4] in module blk_mem_gen_v8_4_6_synth is either unconnected or has no load
WARNING: [Synth 8-7129] Port S_AXI_AWLEN[3] in module blk_mem_gen_v8_4_6_synth is either unconnected or has no load
WARNING: [Synth 8-7129] Port S_AXI_AWLEN[2] in module blk_mem_gen_v8_4_6_synth is either unconnected or has no load
WARNING: [Synth 8-7129] Port S_AXI_AWLEN[1] in module blk_mem_gen_v8_4_6_synth is either unconnected or has no load
INFO: [Common 17-14] Message 'Synth 8-7129' appears 100 times and further instances of the messages will be disabled. Use the Tcl command set_msg_config to change the current settings.
---------------------------------------------------------------------------------
Finished RTL Elaboration : Time (s): cpu = 00:00:10 ; elapsed = 00:00:16 . Memory (MB): peak = 1625.000 ; gain = 751.500
---------------------------------------------------------------------------------
---------------------------------------------------------------------------------
Start Handling Custom Attributes
---------------------------------------------------------------------------------
---------------------------------------------------------------------------------
Finished Handling Custom Attributes : Time (s): cpu = 00:00:10 ; elapsed = 00:00:16 . Memory (MB): peak = 1625.000 ; gain = 751.500
---------------------------------------------------------------------------------
---------------------------------------------------------------------------------
Finished RTL Optimization Phase 1 : Time (s): cpu = 00:00:10 ; elapsed = 00:00:16 . Memory (MB): peak = 1625.000 ; gain = 751.500
---------------------------------------------------------------------------------
Netlist sorting complete. Time (s): cpu = 00:00:00 ; elapsed = 00:00:00.023 . Memory (MB): peak = 1625.000 ; gain = 0.000
INFO: [Netlist 29-17] Analyzing 7 Unisim elements for replacement
INFO: [Netlist 29-28] Unisim Transformation completed in 0 CPU seconds
INFO: [Project 1-570] Preparing netlist for logic optimization

Processing XDC Constraints
Initializing timing engine
Parsing XDC File [c:/Users/Abdullah/Downloads/ECE385/Final_Project/Final_Project.gen/sources_1/bd/microblaze/ip/microblaze_GameIP_0_0/src/clk_wiz_0/clk_wiz_0.xdc] for cell 'inst/clk_wiz/inst'
Finished Parsing XDC File [c:/Users/Abdullah/Downloads/ECE385/Final_Project/Final_Project.gen/sources_1/bd/microblaze/ip/microblaze_GameIP_0_0/src/clk_wiz_0/clk_wiz_0.xdc] for cell 'inst/clk_wiz/inst'
Parsing XDC File [C:/Users/Abdullah/Downloads/ECE385/Final_Project/Final_Project.runs/microblaze_GameIP_0_0_synth_1/dont_touch.xdc]
Finished Parsing XDC File [C:/Users/Abdullah/Downloads/ECE385/Final_Project/Final_Project.runs/microblaze_GameIP_0_0_synth_1/dont_touch.xdc]
INFO: [Project 1-236] Implementation specific constraints were found while reading constraint file [C:/Users/Abdullah/Downloads/ECE385/Final_Project/Final_Project.runs/microblaze_GameIP_0_0_synth_1/dont_touch.xdc]. These constraints will be ignored for synthesis but will be used in implementation. Impacted constraints are listed in the file [.Xil/microblaze_GameIP_0_0_propImpl.xdc].
Resolution: To avoid this warning, move constraints listed in [.Xil/microblaze_GameIP_0_0_propImpl.xdc] to another XDC file and exclude this new file from synthesis with the used_in_synthesis property (File Properties dialog in GUI) and re-run elaboration/synthesis.
Parsing XDC File [c:/Users/Abdullah/Downloads/ECE385/Final_Project/Final_Project.gen/sources_1/bd/microblaze/ip/microblaze_GameIP_0_0/src/clk_wiz_0/clk_wiz_0_late.xdc] for cell 'inst/clk_wiz/inst'
Finished Parsing XDC File [c:/Users/Abdullah/Downloads/ECE385/Final_Project/Final_Project.gen/sources_1/bd/microblaze/ip/microblaze_GameIP_0_0/src/clk_wiz_0/clk_wiz_0_late.xdc] for cell 'inst/clk_wiz/inst'
Completed Processing XDC Constraints

Netlist sorting complete. Time (s): cpu = 00:00:00 ; elapsed = 00:00:00 . Memory (MB): peak = 1663.277 ; gain = 0.000
INFO: [Project 1-111] Unisim Transformation Summary:
No Unisim elements were transformed.

Constraint Validation Runtime : Time (s): cpu = 00:00:00 ; elapsed = 00:00:00.029 . Memory (MB): peak = 1663.277 ; gain = 0.000
INFO: [Designutils 20-5008] Incremental synthesis strategy off
---------------------------------------------------------------------------------
Finished Constraint Validation : Time (s): cpu = 00:00:14 ; elapsed = 00:00:22 . Memory (MB): peak = 1663.277 ; gain = 789.777
---------------------------------------------------------------------------------
---------------------------------------------------------------------------------
Start Loading Part and Timing Information
---------------------------------------------------------------------------------
Loading part: xc7s50csga324-1
---------------------------------------------------------------------------------
Finished Loading Part and Timing Information : Time (s): cpu = 00:00:14 ; elapsed = 00:00:22 . Memory (MB): peak = 1663.277 ; gain = 789.777
---------------------------------------------------------------------------------
---------------------------------------------------------------------------------
Start Applying 'set_property' XDC Constraints
---------------------------------------------------------------------------------
Applied set_property KEEP_HIERARCHY = SOFT for inst/clk_wiz/inst. (constraint file  C:/Users/Abdullah/Downloads/ECE385/Final_Project/Final_Project.runs/microblaze_GameIP_0_0_synth_1/dont_touch.xdc, line 19).
Applied set_property KEEP_HIERARCHY = SOFT for inst/vga_to_hdmi. (constraint file  auto generated constraint).
Applied set_property KEEP_HIERARCHY = SOFT for inst/clk_wiz. (constraint file  auto generated constraint).
Applied set_property KEEP_HIERARCHY = SOFT for inst/HDMI_Controller_Instance/BRAM. (constraint file  auto generated constraint).
---------------------------------------------------------------------------------
Finished applying 'set_property' XDC Constraints : Time (s): cpu = 00:00:14 ; elapsed = 00:00:22 . Memory (MB): peak = 1663.277 ; gain = 789.777
---------------------------------------------------------------------------------
WARNING: [Synth 8-3936] Found unconnected internal register 'pallette_reg_reg[0]' and it is trimmed from '32' to '25' bits. [c:/Users/Abdullah/Downloads/ECE385/Final_Project/Final_Project.gen/sources_1/bd/microblaze/ipshared/0484/src/GameIP_v1_0_AXI.sv:434]
WARNING: [Synth 8-3936] Found unconnected internal register 'pallette_reg_reg[1]' and it is trimmed from '32' to '25' bits. [c:/Users/Abdullah/Downloads/ECE385/Final_Project/Final_Project.gen/sources_1/bd/microblaze/ipshared/0484/src/GameIP_v1_0_AXI.sv:434]
WARNING: [Synth 8-3936] Found unconnected internal register 'pallette_reg_reg[2]' and it is trimmed from '32' to '25' bits. [c:/Users/Abdullah/Downloads/ECE385/Final_Project/Final_Project.gen/sources_1/bd/microblaze/ipshared/0484/src/GameIP_v1_0_AXI.sv:434]
WARNING: [Synth 8-3936] Found unconnected internal register 'pallette_reg_reg[3]' and it is trimmed from '32' to '25' bits. [c:/Users/Abdullah/Downloads/ECE385/Final_Project/Final_Project.gen/sources_1/bd/microblaze/ipshared/0484/src/GameIP_v1_0_AXI.sv:434]
WARNING: [Synth 8-3936] Found unconnected internal register 'pallette_reg_reg[4]' and it is trimmed from '32' to '25' bits. [c:/Users/Abdullah/Downloads/ECE385/Final_Project/Final_Project.gen/sources_1/bd/microblaze/ipshared/0484/src/GameIP_v1_0_AXI.sv:434]
WARNING: [Synth 8-3936] Found unconnected internal register 'pallette_reg_reg[5]' and it is trimmed from '32' to '25' bits. [c:/Users/Abdullah/Downloads/ECE385/Final_Project/Final_Project.gen/sources_1/bd/microblaze/ipshared/0484/src/GameIP_v1_0_AXI.sv:434]
WARNING: [Synth 8-3936] Found unconnected internal register 'pallette_reg_reg[6]' and it is trimmed from '32' to '25' bits. [c:/Users/Abdullah/Downloads/ECE385/Final_Project/Final_Project.gen/sources_1/bd/microblaze/ipshared/0484/src/GameIP_v1_0_AXI.sv:434]
WARNING: [Synth 8-3936] Found unconnected internal register 'pallette_reg_reg[7]' and it is trimmed from '32' to '25' bits. [c:/Users/Abdullah/Downloads/ECE385/Final_Project/Final_Project.gen/sources_1/bd/microblaze/ipshared/0484/src/GameIP_v1_0_AXI.sv:434]
WARNING: [Synth 8-327] inferring latch for variable 'pallette_reg_reg[7]' [c:/Users/Abdullah/Downloads/ECE385/Final_Project/Final_Project.gen/sources_1/bd/microblaze/ipshared/0484/src/GameIP_v1_0_AXI.sv:434]
WARNING: [Synth 8-327] inferring latch for variable 'pallette_reg_reg[6]' [c:/Users/Abdullah/Downloads/ECE385/Final_Project/Final_Project.gen/sources_1/bd/microblaze/ipshared/0484/src/GameIP_v1_0_AXI.sv:434]
WARNING: [Synth 8-327] inferring latch for variable 'pallette_reg_reg[5]' [c:/Users/Abdullah/Downloads/ECE385/Final_Project/Final_Project.gen/sources_1/bd/microblaze/ipshared/0484/src/GameIP_v1_0_AXI.sv:434]
WARNING: [Synth 8-327] inferring latch for variable 'pallette_reg_reg[4]' [c:/Users/Abdullah/Downloads/ECE385/Final_Project/Final_Project.gen/sources_1/bd/microblaze/ipshared/0484/src/GameIP_v1_0_AXI.sv:434]
WARNING: [Synth 8-327] inferring latch for variable 'pallette_reg_reg[3]' [c:/Users/Abdullah/Downloads/ECE385/Final_Project/Final_Project.gen/sources_1/bd/microblaze/ipshared/0484/src/GameIP_v1_0_AXI.sv:434]
WARNING: [Synth 8-327] inferring latch for variable 'pallette_reg_reg[2]' [c:/Users/Abdullah/Downloads/ECE385/Final_Project/Final_Project.gen/sources_1/bd/microblaze/ipshared/0484/src/GameIP_v1_0_AXI.sv:434]
WARNING: [Synth 8-327] inferring latch for variable 'pallette_reg_reg[1]' [c:/Users/Abdullah/Downloads/ECE385/Final_Project/Final_Project.gen/sources_1/bd/microblaze/ipshared/0484/src/GameIP_v1_0_AXI.sv:434]
WARNING: [Synth 8-327] inferring latch for variable 'pallette_reg_reg[0]' [c:/Users/Abdullah/Downloads/ECE385/Final_Project/Final_Project.gen/sources_1/bd/microblaze/ipshared/0484/src/GameIP_v1_0_AXI.sv:434]
WARNING: [Synth 8-327] inferring latch for variable 'axi_write_data_reg' [c:/Users/Abdullah/Downloads/ECE385/Final_Project/Final_Project.gen/sources_1/bd/microblaze/ipshared/0484/src/GameIP_v1_0_AXI.sv:274]
WARNING: [Synth 8-327] inferring latch for variable 'Red_reg' [c:/Users/Abdullah/Downloads/ECE385/Final_Project/Final_Project.gen/sources_1/bd/microblaze/ipshared/0484/src/Color_Mapper.sv:58]
WARNING: [Synth 8-327] inferring latch for variable 'Green_reg' [c:/Users/Abdullah/Downloads/ECE385/Final_Project/Final_Project.gen/sources_1/bd/microblaze/ipshared/0484/src/Color_Mapper.sv:59]
WARNING: [Synth 8-327] inferring latch for variable 'Blue_reg' [c:/Users/Abdullah/Downloads/ECE385/Final_Project/Final_Project.gen/sources_1/bd/microblaze/ipshared/0484/src/Color_Mapper.sv:60]
---------------------------------------------------------------------------------
Finished RTL Optimization Phase 2 : Time (s): cpu = 00:00:14 ; elapsed = 00:00:23 . Memory (MB): peak = 1663.277 ; gain = 789.777
---------------------------------------------------------------------------------
---------------------------------------------------------------------------------
Start RTL Component Statistics 
---------------------------------------------------------------------------------
Detailed RTL Component Info : 
+---Adders : 
	   2 Input   11 Bit       Adders := 2     
	   2 Input   10 Bit       Adders := 2     
	   5 Input    5 Bit       Adders := 6     
	   4 Input    5 Bit       Adders := 3     
	   8 Input    4 Bit       Adders := 6     
	   2 Input    4 Bit       Adders := 3     
+---XORs : 
	   2 Input      1 Bit         XORs := 42    
+---Registers : 
	               32 Bit    Registers := 1     
	               16 Bit    Registers := 1     
	               10 Bit    Registers := 5     
	                9 Bit    Registers := 3     
	                8 Bit    Registers := 3     
	                5 Bit    Registers := 3     
	                4 Bit    Registers := 15    
	                2 Bit    Registers := 2     
	                1 Bit    Registers := 41    
+---Muxes : 
	   2 Input   12 Bit        Muxes := 2     
	   2 Input   11 Bit        Muxes := 1     
	   2 Input   10 Bit        Muxes := 6     
	  22 Input   10 Bit        Muxes := 1     
	   4 Input   10 Bit        Muxes := 2     
	   2 Input    8 Bit        Muxes := 5     
	   2 Input    5 Bit        Muxes := 12    
	   2 Input    4 Bit        Muxes := 8     
	   2 Input    1 Bit        Muxes := 35    
---------------------------------------------------------------------------------
Finished RTL Component Statistics 
---------------------------------------------------------------------------------
---------------------------------------------------------------------------------
Start Part Resource Summary
---------------------------------------------------------------------------------
Part Resources:
DSPs: 120 (col length:60)
BRAMs: 150 (col length: RAMB18 60 RAMB36 30)
---------------------------------------------------------------------------------
Finished Part Resource Summary
---------------------------------------------------------------------------------
---------------------------------------------------------------------------------
Start Cross Boundary and Area Optimization
---------------------------------------------------------------------------------
WARNING: [Synth 8-7080] Parallel synthesis criteria is not met
INFO: [Synth 8-3332] Sequential element (inst/HDMI_Controller_Instance/pallette_reg_reg[7][0]) is unused and will be removed from module microblaze_GameIP_0_0.
INFO: [Synth 8-3332] Sequential element (inst/HDMI_Controller_Instance/pallette_reg_reg[6][0]) is unused and will be removed from module microblaze_GameIP_0_0.
INFO: [Synth 8-3332] Sequential element (inst/HDMI_Controller_Instance/pallette_reg_reg[5][0]) is unused and will be removed from module microblaze_GameIP_0_0.
INFO: [Synth 8-3332] Sequential element (inst/HDMI_Controller_Instance/pallette_reg_reg[4][0]) is unused and will be removed from module microblaze_GameIP_0_0.
INFO: [Synth 8-3332] Sequential element (inst/HDMI_Controller_Instance/pallette_reg_reg[3][0]) is unused and will be removed from module microblaze_GameIP_0_0.
INFO: [Synth 8-3332] Sequential element (inst/HDMI_Controller_Instance/pallette_reg_reg[2][0]) is unused and will be removed from module microblaze_GameIP_0_0.
INFO: [Synth 8-3332] Sequential element (inst/HDMI_Controller_Instance/pallette_reg_reg[1][0]) is unused and will be removed from module microblaze_GameIP_0_0.
INFO: [Synth 8-3332] Sequential element (inst/HDMI_Controller_Instance/pallette_reg_reg[0][0]) is unused and will be removed from module microblaze_GameIP_0_0.
---------------------------------------------------------------------------------
Finished Cross Boundary and Area Optimization : Time (s): cpu = 00:00:20 ; elapsed = 00:00:31 . Memory (MB): peak = 1663.277 ; gain = 789.777
---------------------------------------------------------------------------------
---------------------------------------------------------------------------------
Start ROM, RAM, DSP, Shift Register and Retiming Reporting
---------------------------------------------------------------------------------

ROM: Preliminary Mapping Report
+----------------------+--------------------------------+---------------+----------------+
|Module Name           | RTL Object                     | Depth x Width | Implemented As | 
+----------------------+--------------------------------+---------------+----------------+
|font_rom              | ROM                            | 2048x8        | LUT            | 
|microblaze_GameIP_0_0 | inst/color_instance/glyphs/ROM | 2048x8        | LUT            | 
+----------------------+--------------------------------+---------------+----------------+

---------------------------------------------------------------------------------
Finished ROM, RAM, DSP, Shift Register and Retiming Reporting
---------------------------------------------------------------------------------
---------------------------------------------------------------------------------
Start Applying XDC Timing Constraints
---------------------------------------------------------------------------------
---------------------------------------------------------------------------------
Finished Applying XDC Timing Constraints : Time (s): cpu = 00:00:22 ; elapsed = 00:00:35 . Memory (MB): peak = 1663.277 ; gain = 789.777
---------------------------------------------------------------------------------
---------------------------------------------------------------------------------
Start Timing Optimization
---------------------------------------------------------------------------------
---------------------------------------------------------------------------------
Finished Timing Optimization : Time (s): cpu = 00:00:22 ; elapsed = 00:00:35 . Memory (MB): peak = 1663.277 ; gain = 789.777
---------------------------------------------------------------------------------
---------------------------------------------------------------------------------
Start Technology Mapping
---------------------------------------------------------------------------------
INFO: [Synth 8-3332] Sequential element (inst/color_instance/Red_reg[3]) is unused and will be removed from module microblaze_GameIP_0_0.
INFO: [Synth 8-3332] Sequential element (inst/color_instance/Red_reg[2]) is unused and will be removed from module microblaze_GameIP_0_0.
INFO: [Synth 8-3332] Sequential element (inst/color_instance/Red_reg[1]) is unused and will be removed from module microblaze_GameIP_0_0.
INFO: [Synth 8-3332] Sequential element (inst/color_instance/Red_reg[0]) is unused and will be removed from module microblaze_GameIP_0_0.
INFO: [Synth 8-3332] Sequential element (inst/color_instance/Green_reg[3]) is unused and will be removed from module microblaze_GameIP_0_0.
INFO: [Synth 8-3332] Sequential element (inst/color_instance/Green_reg[2]) is unused and will be removed from module microblaze_GameIP_0_0.
INFO: [Synth 8-3332] Sequential element (inst/color_instance/Green_reg[1]) is unused and will be removed from module microblaze_GameIP_0_0.
INFO: [Synth 8-3332] Sequential element (inst/color_instance/Green_reg[0]) is unused and will be removed from module microblaze_GameIP_0_0.
INFO: [Synth 8-3332] Sequential element (inst/color_instance/Blue_reg[3]) is unused and will be removed from module microblaze_GameIP_0_0.
INFO: [Synth 8-3332] Sequential element (inst/color_instance/Blue_reg[2]) is unused and will be removed from module microblaze_GameIP_0_0.
INFO: [Synth 8-3332] Sequential element (inst/color_instance/Blue_reg[1]) is unused and will be removed from module microblaze_GameIP_0_0.
INFO: [Synth 8-3332] Sequential element (inst/color_instance/Blue_reg[0]) is unused and will be removed from module microblaze_GameIP_0_0.
---------------------------------------------------------------------------------
Finished Technology Mapping : Time (s): cpu = 00:00:23 ; elapsed = 00:00:35 . Memory (MB): peak = 1663.277 ; gain = 789.777
---------------------------------------------------------------------------------
---------------------------------------------------------------------------------
Start IO Insertion
---------------------------------------------------------------------------------
---------------------------------------------------------------------------------
Start Flattening Before IO Insertion
---------------------------------------------------------------------------------
---------------------------------------------------------------------------------
Finished Flattening Before IO Insertion
---------------------------------------------------------------------------------
---------------------------------------------------------------------------------
Start Final Netlist Cleanup
---------------------------------------------------------------------------------
---------------------------------------------------------------------------------
Finished Final Netlist Cleanup
---------------------------------------------------------------------------------
---------------------------------------------------------------------------------
Finished IO Insertion : Time (s): cpu = 00:00:25 ; elapsed = 00:00:39 . Memory (MB): peak = 1663.277 ; gain = 789.777
---------------------------------------------------------------------------------
---------------------------------------------------------------------------------
Start Renaming Generated Instances
---------------------------------------------------------------------------------
---------------------------------------------------------------------------------
Finished Renaming Generated Instances : Time (s): cpu = 00:00:25 ; elapsed = 00:00:39 . Memory (MB): peak = 1663.277 ; gain = 789.777
---------------------------------------------------------------------------------
---------------------------------------------------------------------------------
Start Rebuilding User Hierarchy
---------------------------------------------------------------------------------
---------------------------------------------------------------------------------
Finished Rebuilding User Hierarchy : Time (s): cpu = 00:00:25 ; elapsed = 00:00:39 . Memory (MB): peak = 1663.277 ; gain = 789.777
---------------------------------------------------------------------------------
---------------------------------------------------------------------------------
Start Renaming Generated Ports
---------------------------------------------------------------------------------
---------------------------------------------------------------------------------
Finished Renaming Generated Ports : Time (s): cpu = 00:00:25 ; elapsed = 00:00:39 . Memory (MB): peak = 1663.277 ; gain = 789.777
---------------------------------------------------------------------------------
---------------------------------------------------------------------------------
Start Handling Custom Attributes
---------------------------------------------------------------------------------
---------------------------------------------------------------------------------
Finished Handling Custom Attributes : Time (s): cpu = 00:00:25 ; elapsed = 00:00:39 . Memory (MB): peak = 1663.277 ; gain = 789.777
---------------------------------------------------------------------------------
---------------------------------------------------------------------------------
Start Renaming Generated Nets
---------------------------------------------------------------------------------
---------------------------------------------------------------------------------
Finished Renaming Generated Nets : Time (s): cpu = 00:00:25 ; elapsed = 00:00:39 . Memory (MB): peak = 1663.277 ; gain = 789.777
---------------------------------------------------------------------------------
---------------------------------------------------------------------------------
Start ROM, RAM, DSP, Shift Register and Retiming Reporting
---------------------------------------------------------------------------------

Static Shift Register Report:
+------------+----------------------+--------+-------+--------------+--------------------+-------------------+--------+---------+
|Module Name | RTL Name             | Length | Width | Reset Signal | Pull out first Reg | Pull out last Reg | SRL16E | SRLC32E | 
+------------+----------------------+--------+-------+--------------+--------------------+-------------------+--------+---------+
|hdmi_tx_0   | inst/encg/c0_reg_reg | 3      | 1     | NO           | NO                 | YES               | 1      | 0       | 
+------------+----------------------+--------+-------+--------------+--------------------+-------------------+--------+---------+

---------------------------------------------------------------------------------
Finished ROM, RAM, DSP, Shift Register and Retiming Reporting
---------------------------------------------------------------------------------
---------------------------------------------------------------------------------
Start Writing Synthesis Report
---------------------------------------------------------------------------------

Report BlackBoxes: 
+-+--------------+----------+
| |BlackBox name |Instances |
+-+--------------+----------+
+-+--------------+----------+

Report Cell Usage: 
+------+-----------+------+
|      |Cell       |Count |
+------+-----------+------+
|1     |BUFG       |     3|
|2     |CARRY4     |     4|
|3     |LUT1       |     1|
|4     |LUT2       |    20|
|5     |LUT3       |    61|
|6     |LUT4       |    40|
|7     |LUT5       |   236|
|8     |LUT6       |   549|
|9     |MMCME2_ADV |     1|
|10    |MUXF7      |    16|
|11    |MUXF8      |     8|
|12    |OSERDESE2  |     8|
|14    |RAMB36E1   |     2|
|15    |SRL16E     |    39|
|16    |FDCE       |    69|
|17    |FDRE       |   160|
|18    |FDSE       |     1|
|19    |LD         |   224|
|20    |OBUFDS     |     4|
+------+-----------+------+
---------------------------------------------------------------------------------
Finished Writing Synthesis Report : Time (s): cpu = 00:00:25 ; elapsed = 00:00:39 . Memory (MB): peak = 1663.277 ; gain = 789.777
---------------------------------------------------------------------------------
Synthesis finished with 0 errors, 0 critical warnings and 188 warnings.
Synthesis Optimization Runtime : Time (s): cpu = 00:00:14 ; elapsed = 00:00:37 . Memory (MB): peak = 1663.277 ; gain = 751.500
Synthesis Optimization Complete : Time (s): cpu = 00:00:25 ; elapsed = 00:00:39 . Memory (MB): peak = 1663.277 ; gain = 789.777
INFO: [Project 1-571] Translating synthesized netlist
Netlist sorting complete. Time (s): cpu = 00:00:00 ; elapsed = 00:00:00.017 . Memory (MB): peak = 1663.277 ; gain = 0.000
INFO: [Netlist 29-17] Analyzing 259 Unisim elements for replacement
INFO: [Netlist 29-28] Unisim Transformation completed in 0 CPU seconds
INFO: [Project 1-570] Preparing netlist for logic optimization
INFO: [Opt 31-138] Pushed 0 inverter(s) to 0 load pin(s).
Netlist sorting complete. Time (s): cpu = 00:00:00 ; elapsed = 00:00:00 . Memory (MB): peak = 1663.277 ; gain = 0.000
INFO: [Project 1-111] Unisim Transformation Summary:
  A total of 224 instances were transformed.
  LD => LDCE: 224 instances

Synth Design complete | Checksum: b28381ab
INFO: [Common 17-83] Releasing license: Synthesis
89 Infos, 142 Warnings, 0 Critical Warnings and 0 Errors encountered.
synth_design completed successfully
synth_design: Time (s): cpu = 00:00:26 ; elapsed = 00:00:42 . Memory (MB): peak = 1663.277 ; gain = 1168.359
INFO: [Common 17-1381] The checkpoint 'C:/Users/Abdullah/Downloads/ECE385/Final_Project/Final_Project.runs/microblaze_GameIP_0_0_synth_1/microblaze_GameIP_0_0.dcp' has been generated.
INFO: [Coretcl 2-1648] Added synthesis output to IP cache for IP microblaze_GameIP_0_0, cache-ID = a56ad420f277ac04
INFO: [Coretcl 2-1174] Renamed 24 cell refs.
INFO: [Common 17-1381] The checkpoint 'C:/Users/Abdullah/Downloads/ECE385/Final_Project/Final_Project.runs/microblaze_GameIP_0_0_synth_1/microblaze_GameIP_0_0.dcp' has been generated.
INFO: [runtcl-4] Executing : report_utilization -file microblaze_GameIP_0_0_utilization_synth.rpt -pb microblaze_GameIP_0_0_utilization_synth.pb
INFO: [Common 17-206] Exiting Vivado at Mon Nov 13 02:33:06 2023...
