Copyright 1986-2022 Xilinx, Inc. All Rights Reserved. Copyright 2022-2023 Advanced Micro Devices, Inc. All Rights Reserved.
-------------------------------------------------------------------------------------------------------------------------------------------------------------------
| Tool Version     : Vivado v.2023.1 (win64) Build 3865809 Sun May  7 15:05:29 MDT 2023
| Date             : Wed Dec  6 08:35:15 2023
| Host             : Abdullah-Champaign-PC running 64-bit major release  (build 9200)
| Command          : report_power -file Final_Top_Level_power_routed.rpt -pb Final_Top_Level_power_summary_routed.pb -rpx Final_Top_Level_power_routed.rpx
| Design           : Final_Top_Level
| Device           : xc7s50csga324-1
| Design State     : routed
| Grade            : commercial
| Process          : typical
| Characterization : Production
-------------------------------------------------------------------------------------------------------------------------------------------------------------------

Power Report

Table of Contents
-----------------
1. Summary
1.1 On-Chip Components
1.2 Power Supply Summary
1.3 Confidence Level
2. Settings
2.1 Environment
2.2 Clock Constraints
3. Detailed Reports
3.1 By Hierarchy

1. Summary
----------

+--------------------------+--------------+
| Total On-Chip Power (W)  | 0.459        |
| Design Power Budget (W)  | Unspecified* |
| Power Budget Margin (W)  | NA           |
| Dynamic (W)              | 0.384        |
| Device Static (W)        | 0.074        |
| Effective TJA (C/W)      | 4.9          |
| Max Ambient (C)          | 82.7         |
| Junction Temperature (C) | 27.3         |
| Confidence Level         | Low          |
| Setting File             | ---          |
| Simulation Activity File | ---          |
| Design Nets Matched      | NA           |
+--------------------------+--------------+
* Specify Design Power Budget using, set_operating_conditions -design_power_budget <value in Watts>


1.1 On-Chip Components
----------------------

+--------------------------+-----------+----------+-----------+-----------------+
| On-Chip                  | Power (W) | Used     | Available | Utilization (%) |
+--------------------------+-----------+----------+-----------+-----------------+
| Clocks                   |     0.015 |       11 |       --- |             --- |
| Slice Logic              |     0.007 |     8568 |       --- |             --- |
|   LUT as Logic           |     0.005 |     3260 |     32600 |           10.00 |
|   LUT as Distributed RAM |    <0.001 |      172 |      9600 |            1.79 |
|   Register               |    <0.001 |     3200 |     65200 |            4.91 |
|   CARRY4                 |    <0.001 |      125 |      8150 |            1.53 |
|   F7/F8 Muxes            |    <0.001 |       50 |     32600 |            0.15 |
|   LUT as Shift Register  |    <0.001 |      112 |      9600 |            1.17 |
|   Others                 |     0.000 |      871 |       --- |             --- |
|   BUFG                   |     0.000 |        1 |        32 |            3.13 |
| Signals                  |     0.011 |     6147 |       --- |             --- |
| Block RAM                |     0.004 |       33 |        75 |           44.00 |
| MMCM                     |     0.212 |        2 |         5 |           40.00 |
| DSPs                     |     0.002 |        3 |       120 |            2.50 |
| I/O                      |     0.134 |       34 |       210 |           16.19 |
| Static Power             |     0.074 |          |           |                 |
| Total                    |     0.459 |          |           |                 |
+--------------------------+-----------+----------+-----------+-----------------+


1.2 Power Supply Summary
------------------------

+-----------+-------------+-----------+-------------+------------+-------------+-------------+------------+
| Source    | Voltage (V) | Total (A) | Dynamic (A) | Static (A) | Powerup (A) | Budget (A)  | Margin (A) |
+-----------+-------------+-----------+-------------+------------+-------------+-------------+------------+
| Vccint    |       1.000 |     0.051 |       0.039 |      0.011 |       NA    | Unspecified | NA         |
| Vccaux    |       1.800 |     0.130 |       0.117 |      0.013 |       NA    | Unspecified | NA         |
| Vcco33    |       3.300 |     0.041 |       0.040 |      0.001 |       NA    | Unspecified | NA         |
| Vcco25    |       2.500 |     0.000 |       0.000 |      0.000 |       NA    | Unspecified | NA         |
| Vcco18    |       1.800 |     0.000 |       0.000 |      0.000 |       NA    | Unspecified | NA         |
| Vcco15    |       1.500 |     0.000 |       0.000 |      0.000 |       NA    | Unspecified | NA         |
| Vcco135   |       1.350 |     0.000 |       0.000 |      0.000 |       NA    | Unspecified | NA         |
| Vcco12    |       1.200 |     0.000 |       0.000 |      0.000 |       NA    | Unspecified | NA         |
| Vccaux_io |       1.800 |     0.000 |       0.000 |      0.000 |       NA    | Unspecified | NA         |
| Vccbram   |       1.000 |     0.001 |       0.000 |      0.001 |       NA    | Unspecified | NA         |
| Vccadc    |       1.800 |     0.020 |       0.000 |      0.020 |       NA    | Unspecified | NA         |
+-----------+-------------+-----------+-------------+------------+-------------+-------------+------------+


1.3 Confidence Level
--------------------

+-----------------------------+------------+--------------------------------------------------------+--------------------------------------------------------------------------------------------------------------------+
| User Input Data             | Confidence | Details                                                | Action                                                                                                             |
+-----------------------------+------------+--------------------------------------------------------+--------------------------------------------------------------------------------------------------------------------+
| Design implementation state | High       | Design is routed                                       |                                                                                                                    |
| Clock nodes activity        | Medium     | More than 5% of clocks are missing user specification  | Provide missing clock activity with a constraint file, simulation results or by editing the "By Clock Domain" view |
| I/O nodes activity          | Low        | More than 75% of inputs are missing user specification | Provide missing input activity with simulation results or by editing the "By Resource Type -> I/Os" view           |
| Internal nodes activity     | Medium     | User specified less than 25% of internal nodes         | Provide missing internal nodes activity with simulation results or by editing the "By Resource Type" views         |
| Device models               | High       | Device models are Production                           |                                                                                                                    |
|                             |            |                                                        |                                                                                                                    |
| Overall confidence level    | Low        |                                                        |                                                                                                                    |
+-----------------------------+------------+--------------------------------------------------------+--------------------------------------------------------------------------------------------------------------------+


2. Settings
-----------

2.1 Environment
---------------

+-----------------------+--------------------------+
| Ambient Temp (C)      | 25.0                     |
| ThetaJA (C/W)         | 4.9                      |
| Airflow (LFM)         | 250                      |
| Heat Sink             | medium (Medium Profile)  |
| ThetaSA (C/W)         | 4.6                      |
| Board Selection       | medium (10"x10")         |
| # of Board Layers     | 12to15 (12 to 15 Layers) |
| Board Temperature (C) | 25.0                     |
+-----------------------+--------------------------+


2.2 Clock Constraints
---------------------

+------------------------------------------------------------+-----------------------------------------------------------+-----------------+
| Clock                                                      | Domain                                                    | Constraint (ns) |
+------------------------------------------------------------+-----------------------------------------------------------+-----------------+
| clk_100                                                    | clk_100MHz                                                |            10.0 |
| clk_out1_clk_wiz_0_1                                       | mb_block_i/GameIP_0/inst/clk_wiz/inst/clk_out1_clk_wiz_0  |            40.0 |
| clk_out1_microblaze_clk_wiz_1_1_1                          | mb_block_i/clk_wiz_1/inst/clk_out1_microblaze_clk_wiz_1_1 |            10.0 |
| clk_out2_clk_wiz_0_1                                       | mb_block_i/GameIP_0/inst/clk_wiz/inst/clk_out2_clk_wiz_0  |             8.0 |
| clk_out3_clk_wiz_0_1                                       | mb_block_i/GameIP_0/inst/clk_wiz/inst/clk_out3_clk_wiz_0  |           100.0 |
| clkfbout_clk_wiz_0_1                                       | mb_block_i/GameIP_0/inst/clk_wiz/inst/clkfbout_clk_wiz_0  |            10.0 |
| clkfbout_microblaze_clk_wiz_1_1_1                          | mb_block_i/clk_wiz_1/inst/clkfbout_microblaze_clk_wiz_1_1 |            10.0 |
| mb_block_i/mdm_1/U0/Use_E2.BSCAN_I/Use_E2.BSCANE2_I/DRCK   | mb_block_i/mdm_1/U0/Use_E2.BSCAN_I/DRCK                   |            33.3 |
| mb_block_i/mdm_1/U0/Use_E2.BSCAN_I/Use_E2.BSCANE2_I/UPDATE | mb_block_i/mdm_1/U0/Use_E2.BSCAN_I/Dbg_Update_0           |            33.3 |
+------------------------------------------------------------+-----------------------------------------------------------+-----------------+


3. Detailed Reports
-------------------

3.1 By Hierarchy
----------------

+-----------------------------+-----------+
| Name                        | Power (W) |
+-----------------------------+-----------+
| Final_Top_Level             |     0.384 |
|   mb_block_i                |     0.382 |
|     GameIP_0                |     0.245 |
|       inst                  |     0.245 |
|     clk_wiz_1               |     0.106 |
|       inst                  |     0.106 |
|     gpio_deugging           |     0.001 |
|       U0                    |     0.001 |
|     microblaze_0            |     0.015 |
|       U0                    |     0.015 |
|     microblaze_0_axi_intc   |     0.001 |
|       U0                    |     0.001 |
|     microblaze_0_axi_periph |     0.001 |
|       xbar                  |     0.001 |
|     spi_usb                 |     0.004 |
|       U0                    |     0.004 |
|     timer_usb_axi           |     0.004 |
|       U0                    |     0.004 |
+-----------------------------+-----------+


