13:24:08 **** Build of configuration Debug for project final_software ****
make all 
'Building file: ../src/lw_usb/HID.c'
'Invoking: MicroBlaze gcc compiler'
mb-gcc -Wall -O0 -g3 -c -fmessage-length=0 -MT"src/lw_usb/HID.o" -IC:/Users/Abdullah/Downloads/ECE385/Final_Project/Final_Project_Vitis/Final_Top_Level/export/Final_Top_Level/sw/Final_Top_Level/standalone_microblaze_0/bspinclude/include -mno-xl-reorder -mlittle-endian -mxl-barrel-shift -mxl-pattern-compare -mcpu=v11.0 -mno-xl-soft-mul -Wl,--no-relax -ffunction-sections -fdata-sections -MMD -MP -MF"src/lw_usb/HID.d" -MT"src/lw_usb/HID.o" -o "src/lw_usb/HID.o" "../src/lw_usb/HID.c"
../src/lw_usb/HID.c:10:1: warning: braces around scalar initializer
   10 | HID_DEVICE hid_device = { { 0 } };
      | ^~~~~~~~~~
../src/lw_usb/HID.c:10:1: note: (near initialization for 'hid_device.addr')
'Finished building: ../src/lw_usb/HID.c'
' '
'Building file: ../src/lw_usb/MAX3421E.c'
'Invoking: MicroBlaze gcc compiler'
mb-gcc -Wall -O0 -g3 -c -fmessage-length=0 -MT"src/lw_usb/MAX3421E.o" -IC:/Users/Abdullah/Downloads/ECE385/Final_Project/Final_Project_Vitis/Final_Top_Level/export/Final_Top_Level/sw/Final_Top_Level/standalone_microblaze_0/bspinclude/include -mno-xl-reorder -mlittle-endian -mxl-barrel-shift -mxl-pattern-compare -mcpu=v11.0 -mno-xl-soft-mul -Wl,--no-relax -ffunction-sections -fdata-sections -MMD -MP -MF"src/lw_usb/MAX3421E.d" -MT"src/lw_usb/MAX3421E.o" -o "src/lw_usb/MAX3421E.o" "../src/lw_usb/MAX3421E.c"
In file included from C:/Users/Abdullah/Downloads/ECE385/Final_Project/Final_Project_Vitis/Final_Top_Level/export/Final_Top_Level/sw/Final_Top_Level/standalone_microblaze_0/bspinclude/include/xspi.h:306,
                 from ../src/lw_usb/MAX3421E.c:14:
../src/lw_usb/MAX3421E.c: In function 'SPI_init':
C:/Users/Abdullah/Downloads/ECE385/Final_Project/Final_Project_Vitis/Final_Top_Level/export/Final_Top_Level/sw/Final_Top_Level/standalone_microblaze_0/bspinclude/include/xstatus.h:45:41: warning: 'return' with a value, in function returning void [-Wreturn-type]
   45 | #define XST_DEVICE_NOT_FOUND            2L
      |                                         ^~
../src/lw_usb/MAX3421E.c:38:24: note: in expansion of macro 'XST_DEVICE_NOT_FOUND'
   38 |                 return XST_DEVICE_NOT_FOUND;
      |                        ^~~~~~~~~~~~~~~~~~~~
../src/lw_usb/MAX3421E.c:32:6: note: declared here
   32 | void SPI_init() {
      |      ^~~~~~~~
C:/Users/Abdullah/Downloads/ECE385/Final_Project/Final_Project_Vitis/Final_Top_Level/export/Final_Top_Level/sw/Final_Top_Level/standalone_microblaze_0/bspinclude/include/xstatus.h:44:41: warning: 'return' with a value, in function returning void [-Wreturn-type]
   44 | #define XST_FAILURE                     1L
      |                                         ^~
../src/lw_usb/MAX3421E.c:44:24: note: in expansion of macro 'XST_FAILURE'
   44 |                 return XST_FAILURE;
      |                        ^~~~~~~~~~~
../src/lw_usb/MAX3421E.c:32:6: note: declared here
   32 | void SPI_init() {
      |      ^~~~~~~~
../src/lw_usb/MAX3421E.c: In function 'MAX3421E_Task':
../src/lw_usb/MAX3421E.c:299:46: warning: suggest parentheses around comparison in operand of '&' [-Wparentheses]
  299 |         if (XGpio_DiscreteRead(&Gpio_int, 1) & 0x01 == 0) {
      |                                              ^
../src/lw_usb/MAX3421E.c: In function 'MaxGpxHandler':
../src/lw_usb/MAX3421E.c:335:14: warning: variable 'GPINIRQ' set but not used [-Wunused-but-set-variable]
  335 |         BYTE GPINIRQ;
      |              ^~~~~~~
'Finished building: ../src/lw_usb/MAX3421E.c'
' '
'Building file: ../src/lw_usb/hdmi_text_controller.c'
'Invoking: MicroBlaze gcc compiler'
mb-gcc -Wall -O0 -g3 -c -fmessage-length=0 -MT"src/lw_usb/hdmi_text_controller.o" -IC:/Users/Abdullah/Downloads/ECE385/Final_Project/Final_Project_Vitis/Final_Top_Level/export/Final_Top_Level/sw/Final_Top_Level/standalone_microblaze_0/bspinclude/include -mno-xl-reorder -mlittle-endian -mxl-barrel-shift -mxl-pattern-compare -mcpu=v11.0 -mno-xl-soft-mul -Wl,--no-relax -ffunction-sections -fdata-sections -MMD -MP -MF"src/lw_usb/hdmi_text_controller.d" -MT"src/lw_usb/hdmi_text_controller.o" -o "src/lw_usb/hdmi_text_controller.o" "../src/lw_usb/hdmi_text_controller.c"
In file included from C:/Users/Abdullah/Downloads/ECE385/Final_Project/Final_Project_Vitis/Final_Top_Level/export/Final_Top_Level/sw/Final_Top_Level/standalone_microblaze_0/bspinclude/include/xil_types.h:48,
                 from ../src/lw_usb/../lw_usb/hdmi_text_controller.h:6,
                 from ../src/lw_usb/hdmi_text_controller.c:4:
C:/Users/Abdullah/Downloads/ECE385/Final_Project/Final_Project_Vitis/Final_Top_Level/export/Final_Top_Level/sw/Final_Top_Level/standalone_microblaze_0/bspinclude/include/xparameters.h:490:36: warning: initialization of 'volatile struct TEXT_HDMI_STRUCT *' from 'int' makes pointer from integer without a cast [-Wint-conversion]
  490 | #define XPAR_GAMEIP_0_AXI_BASEADDR 0x44A10000
      |                                    ^~~~~~~~~~
../src/lw_usb/../lw_usb/hdmi_text_controller.h:31:54: note: in expansion of macro 'XPAR_GAMEIP_0_AXI_BASEADDR'
   31 | static volatile struct TEXT_HDMI_STRUCT* hdmi_ctrl = XPAR_GAMEIP_0_AXI_BASEADDR;
      |                                                      ^~~~~~~~~~~~~~~~~~~~~~~~~~
../src/lw_usb/hdmi_text_controller.c:117:1: warning: return type defaults to 'int' [-Wimplicit-int]
  117 | hdmiTestWeek2()
      | ^~~~~~~~~~~~~
../src/lw_usb/hdmi_text_controller.c:117:1: warning: conflicting types for 'hdmiTestWeek2'
../src/lw_usb/../lw_usb/hdmi_text_controller.h:120:6: note: previous declaration of 'hdmiTestWeek2' with type 'void()'
  120 | void hdmiTestWeek2(); //call this for your Week 2 demo
      |      ^~~~~~~~~~~~~
../src/lw_usb/hdmi_text_controller.c: In function 'hdmiTestWeek2':
../src/lw_usb/hdmi_text_controller.c:140:46: warning: format '%x' expects argument of type 'unsigned int', but argument 3 has type 'uint32_t' {aka 'long unsigned int'} [-Wformat=]
  140 |                 printf ("Row: %d, Checksum: %x, Read-back Checksum: %x\n\r", j, checksum[j], readsum[j]);
      |                                             ~^                                  ~~~~~~~~~~~
      |                                              |                                          |
      |                                              unsigned int                               uint32_t {aka long unsigned int}
      |                                             %lx
../src/lw_usb/hdmi_text_controller.c:140:70: warning: format '%x' expects argument of type 'unsigned int', but argument 4 has type 'uint32_t' {aka 'long unsigned int'} [-Wformat=]
  140 |                 printf ("Row: %d, Checksum: %x, Read-back Checksum: %x\n\r", j, checksum[j], readsum[j]);
      |                                                                     ~^                       ~~~~~~~~~~
      |                                                                      |                              |
      |                                                                      unsigned int                   uint32_t {aka long unsigned int}
      |                                                                     %lx
'Finished building: ../src/lw_usb/hdmi_text_controller.c'
' '
'Building file: ../src/lw_usb/transfer.c'
'Invoking: MicroBlaze gcc compiler'
mb-gcc -Wall -O0 -g3 -c -fmessage-length=0 -MT"src/lw_usb/transfer.o" -IC:/Users/Abdullah/Downloads/ECE385/Final_Project/Final_Project_Vitis/Final_Top_Level/export/Final_Top_Level/sw/Final_Top_Level/standalone_microblaze_0/bspinclude/include -mno-xl-reorder -mlittle-endian -mxl-barrel-shift -mxl-pattern-compare -mcpu=v11.0 -mno-xl-soft-mul -Wl,--no-relax -ffunction-sections -fdata-sections -MMD -MP -MF"src/lw_usb/transfer.d" -MT"src/lw_usb/transfer.o" -o "src/lw_usb/transfer.o" "../src/lw_usb/transfer.c"
../src/lw_usb/transfer.c:14:1: warning: braces around scalar initializer
   14 | EP_RECORD dev0ep = {{ 0 }};         //Endpoint data structure for uninitialized device during enumeration
      | ^~~~~~~~~
../src/lw_usb/transfer.c:14:1: note: (near initialization for 'dev0ep.epAddr')
../src/lw_usb/transfer.c: In function 'XferInTransfer':
../src/lw_usb/transfer.c:200:7: warning: unused variable 'tmpbyte' [-Wunused-variable]
  200 |  BYTE tmpbyte;
      |       ^~~~~~~
../src/lw_usb/transfer.c:199:7: warning: unused variable 'i' [-Wunused-variable]
  199 |  BYTE i;
      |       ^
'Finished building: ../src/lw_usb/transfer.c'
' '
'Building file: ../src/Game.c'
'Invoking: MicroBlaze gcc compiler'
mb-gcc -Wall -O0 -g3 -c -fmessage-length=0 -MT"src/Game.o" -IC:/Users/Abdullah/Downloads/ECE385/Final_Project/Final_Project_Vitis/Final_Top_Level/export/Final_Top_Level/sw/Final_Top_Level/standalone_microblaze_0/bspinclude/include -mno-xl-reorder -mlittle-endian -mxl-barrel-shift -mxl-pattern-compare -mcpu=v11.0 -mno-xl-soft-mul -Wl,--no-relax -ffunction-sections -fdata-sections -MMD -MP -MF"src/Game.d" -MT"src/Game.o" -o "src/Game.o" "../src/Game.c"
In file included from C:/Users/Abdullah/Downloads/ECE385/Final_Project/Final_Project_Vitis/Final_Top_Level/export/Final_Top_Level/sw/Final_Top_Level/standalone_microblaze_0/bspinclude/include/xil_types.h:48,
                 from C:/Users/Abdullah/Downloads/ECE385/Final_Project/Final_Project_Vitis/Final_Top_Level/export/Final_Top_Level/sw/Final_Top_Level/standalone_microblaze_0/bspinclude/include/xil_printf.h:15,
                 from ../src/Game.h:6,
                 from ../src/Game.c:49:
C:/Users/Abdullah/Downloads/ECE385/Final_Project/Final_Project_Vitis/Final_Top_Level/export/Final_Top_Level/sw/Final_Top_Level/standalone_microblaze_0/bspinclude/include/xparameters.h:490:36: warning: initialization of 'volatile struct TEXT_HDMI_STRUCT *' from 'int' makes pointer from integer without a cast [-Wint-conversion]
  490 | #define XPAR_GAMEIP_0_AXI_BASEADDR 0x44A10000
      |                                    ^~~~~~~~~~
../src/lw_usb/hdmi_text_controller.h:31:54: note: in expansion of macro 'XPAR_GAMEIP_0_AXI_BASEADDR'
   31 | static volatile struct TEXT_HDMI_STRUCT* hdmi_ctrl = XPAR_GAMEIP_0_AXI_BASEADDR;
      |                                                      ^~~~~~~~~~~~~~~~~~~~~~~~~~
../src/Game.c: In function 'USB_poll_loop':
../src/Game.c:145:12: warning: 'device' is used uninitialized [-Wuninitialized]
  145 |         if(player_movement(&kbdbuf, &buf, device)){
      |            ^~~~~~~~~~~~~~~~~~~~~~~~~~~~~~~~~~~~~~
../src/Game.c:141:14: note: 'device' was declared here
  141 |         BYTE device;
      |              ^~~~~~
'Finished building: ../src/Game.c'
' '
'Building file: ../src/lw_usb_main.c'
'Invoking: MicroBlaze gcc compiler'
mb-gcc -Wall -O0 -g3 -c -fmessage-length=0 -MT"src/lw_usb_main.o" -IC:/Users/Abdullah/Downloads/ECE385/Final_Project/Final_Project_Vitis/Final_Top_Level/export/Final_Top_Level/sw/Final_Top_Level/standalone_microblaze_0/bspinclude/include -mno-xl-reorder -mlittle-endian -mxl-barrel-shift -mxl-pattern-compare -mcpu=v11.0 -mno-xl-soft-mul -Wl,--no-relax -ffunction-sections -fdata-sections -MMD -MP -MF"src/lw_usb_main.d" -MT"src/lw_usb_main.o" -o "src/lw_usb_main.o" "../src/lw_usb_main.c"
'Finished building: ../src/lw_usb_main.c'
' '
'Building file: ../src/platform.c'
'Invoking: MicroBlaze gcc compiler'
mb-gcc -Wall -O0 -g3 -c -fmessage-length=0 -MT"src/platform.o" -IC:/Users/Abdullah/Downloads/ECE385/Final_Project/Final_Project_Vitis/Final_Top_Level/export/Final_Top_Level/sw/Final_Top_Level/standalone_microblaze_0/bspinclude/include -mno-xl-reorder -mlittle-endian -mxl-barrel-shift -mxl-pattern-compare -mcpu=v11.0 -mno-xl-soft-mul -Wl,--no-relax -ffunction-sections -fdata-sections -MMD -MP -MF"src/platform.d" -MT"src/platform.o" -o "src/platform.o" "../src/platform.c"
'Finished building: ../src/platform.c'
' '
'Building file: ../src/player.c'
'Invoking: MicroBlaze gcc compiler'
mb-gcc -Wall -O0 -g3 -c -fmessage-length=0 -MT"src/player.o" -IC:/Users/Abdullah/Downloads/ECE385/Final_Project/Final_Project_Vitis/Final_Top_Level/export/Final_Top_Level/sw/Final_Top_Level/standalone_microblaze_0/bspinclude/include -mno-xl-reorder -mlittle-endian -mxl-barrel-shift -mxl-pattern-compare -mcpu=v11.0 -mno-xl-soft-mul -Wl,--no-relax -ffunction-sections -fdata-sections -MMD -MP -MF"src/player.d" -MT"src/player.o" -o "src/player.o" "../src/player.c"
In file included from C:/Users/Abdullah/Downloads/ECE385/Final_Project/Final_Project_Vitis/Final_Top_Level/export/Final_Top_Level/sw/Final_Top_Level/standalone_microblaze_0/bspinclude/include/xil_types.h:48,
                 from C:/Users/Abdullah/Downloads/ECE385/Final_Project/Final_Project_Vitis/Final_Top_Level/export/Final_Top_Level/sw/Final_Top_Level/standalone_microblaze_0/bspinclude/include/xil_printf.h:15,
                 from ../src/Game.h:6,
                 from ../src/player.h:3,
                 from ../src/player.c:3:
C:/Users/Abdullah/Downloads/ECE385/Final_Project/Final_Project_Vitis/Final_Top_Level/export/Final_Top_Level/sw/Final_Top_Level/standalone_microblaze_0/bspinclude/include/xparameters.h:490:36: warning: initialization of 'volatile struct TEXT_HDMI_STRUCT *' from 'int' makes pointer from integer without a cast [-Wint-conversion]
  490 | #define XPAR_GAMEIP_0_AXI_BASEADDR 0x44A10000
      |                                    ^~~~~~~~~~
../src/lw_usb/hdmi_text_controller.h:31:54: note: in expansion of macro 'XPAR_GAMEIP_0_AXI_BASEADDR'
   31 | static volatile struct TEXT_HDMI_STRUCT* hdmi_ctrl = XPAR_GAMEIP_0_AXI_BASEADDR;
      |                                                      ^~~~~~~~~~~~~~~~~~~~~~~~~~
../src/player.c: In function 'updatePlayerPosition':
../src/player.c:58:27: warning: 'return' with a value, in function returning void [-Wreturn-type]
   58 |     if(level == 0){return 0;}
      |                           ^
../src/player.c:57:6: note: declared here
   57 | void updatePlayerPosition(Player_struct *player_, BOOT_KBD_REPORT* kbd_buf) {
      |      ^~~~~~~~~~~~~~~~~~~~
In file included from ../src/Game.h:8:
../src/lw_usb/hdmi_text_controller.h: At top level:
../src/lw_usb/hdmi_text_controller.h:34:21: warning: 'colors' defined but not used [-Wunused-variable]
   34 | static struct COLOR colors[]={
      |                     ^~~~~~
../src/lw_usb/hdmi_text_controller.h:31:42: warning: 'hdmi_ctrl' defined but not used [-Wunused-variable]
   31 | static volatile struct TEXT_HDMI_STRUCT* hdmi_ctrl = XPAR_GAMEIP_0_AXI_BASEADDR;
      |                                          ^~~~~~~~~
'Finished building: ../src/player.c'
' '
'Building target: final_software.elf'
'Invoking: MicroBlaze gcc linker'
mb-gcc -Wl,-T -Wl,../src/lscript.ld -LC:/Users/Abdullah/Downloads/ECE385/Final_Project/Final_Project_Vitis/Final_Top_Level/export/Final_Top_Level/sw/Final_Top_Level/standalone_microblaze_0/bsplib/lib -mlittle-endian -mxl-barrel-shift -mxl-pattern-compare -mcpu=v11.0 -mno-xl-soft-mul -Wl,--no-relax -Wl,--gc-sections -o "final_software.elf"  ./src/lw_usb/HID.o ./src/lw_usb/MAX3421E.o ./src/lw_usb/hdmi_text_controller.o ./src/lw_usb/transfer.o  ./src/Game.o ./src/lw_usb_main.o ./src/platform.o ./src/player.o   -Wl,--start-group,-lxil,-lgcc,-lc,--end-group
'Finished building target: final_software.elf'
' '
'Invoking: MicroBlaze Print Size'
mb-size final_software.elf  |tee "final_software.elf.size"
   text	   data	    bss	    dec	    hex	filename
  28940	   4884	   3712	  37536	   92a0	final_software.elf
'Finished building: final_software.elf.size'
' '

13:24:09 Build Finished (took 1s.742ms)

