TRACE::2023-11-13.02:00:25::SCWPlatform::Trying to open the hw design at C:/Users/Abdullah/Downloads/ECE385/Final_Project/Final_Project_Vitis/Final_Top_Level/hw/Final_Top_Level.xsa
TRACE::2023-11-13.02:00:25::SCWPlatform::DSA given C:/Users/Abdullah/Downloads/ECE385/Final_Project/Final_Project_Vitis/Final_Top_Level/hw/Final_Top_Level.xsa
TRACE::2023-11-13.02:00:25::SCWPlatform::DSA absoulate path C:/Users/Abdullah/Downloads/ECE385/Final_Project/Final_Project_Vitis/Final_Top_Level/hw/Final_Top_Level.xsa
TRACE::2023-11-13.02:00:25::SCWPlatform::DSA directory C:/Users/Abdullah/Downloads/ECE385/Final_Project/Final_Project_Vitis/Final_Top_Level/hw
TRACE::2023-11-13.02:00:25::SCWPlatform:: Platform Path C:/Users/Abdullah/Downloads/ECE385/Final_Project/Final_Project_Vitis/Final_Top_Level/hw/Final_Top_Level.xsa
TRACE::2023-11-13.02:00:25::SCWPlatform:: Unique name xilinx:::0.0
TRACE::2023-11-13.02:00:25::SCWPlatform::Do not have an existing db opened. 
TRACE::2023-11-13.02:00:26::SCWPlatform::Opened new HwDB with name Final_Top_Level_0
TRACE::2023-11-13.02:00:26::SCWWriter::formatted JSON is {
	"platformName":	"Final_Top_Level",
	"sprVersion":	"2.0",
	"mode":	"gui",
	"dsaType":	"Fixed",
	"platformDesc":	"Final_Top_Level",
	"platHandOff":	"C:/Users/Abdullah/Downloads/ECE385/Final_Project/Final_Top_Level.xsa",
	"platIntHandOff":	"<platformDir>/hw/Final_Top_Level.xsa",
	"deviceType":	"FPGA",
	"platIsPrebuiltAutogen":	"false",
	"platIsNoBootBsp":	"false",
	"hasFsblMakeHasChanges":	"false",
	"hasPmufwMakeHasChanges":	"false",
	"platPreBuiltFlag":	false,
	"platformSamplesDir":	""
}
TRACE::2023-11-13.02:00:26::SCWWriter::formatted JSON is {
	"platformName":	"Final_Top_Level",
	"sprVersion":	"2.0",
	"mode":	"gui",
	"dsaType":	"Fixed",
	"platformDesc":	"Final_Top_Level",
	"platHandOff":	"C:/Users/Abdullah/Downloads/ECE385/Final_Project/Final_Top_Level.xsa",
	"platIntHandOff":	"<platformDir>/hw/Final_Top_Level.xsa",
	"deviceType":	"FPGA",
	"platIsPrebuiltAutogen":	"false",
	"platIsNoBootBsp":	"false",
	"hasFsblMakeHasChanges":	"false",
	"hasPmufwMakeHasChanges":	"false",
	"platPreBuiltFlag":	false,
	"platformSamplesDir":	"",
	"platActiveSys":	"Final_Top_Level",
	"systems":	[{
			"systemName":	"Final_Top_Level",
			"systemDesc":	"Final_Top_Level",
			"sysIsBootAutoGen":	"true",
			"systemDispName":	"Final_Top_Level"
		}]
}
TRACE::2023-11-13.02:00:26::SCWPlatform::Boot application domains not present, creating them
TRACE::2023-11-13.02:00:26::SCWPlatform::Pure FPGA device, no boot application will be created.
TRACE::2023-11-13.02:00:26::SCWWriter::formatted JSON is {
	"platformName":	"Final_Top_Level",
	"sprVersion":	"2.0",
	"mode":	"gui",
	"dsaType":	"Fixed",
	"platformDesc":	"Final_Top_Level",
	"platHandOff":	"C:/Users/Abdullah/Downloads/ECE385/Final_Project/Final_Top_Level.xsa",
	"platIntHandOff":	"<platformDir>/hw/Final_Top_Level.xsa",
	"deviceType":	"FPGA",
	"platIsPrebuiltAutogen":	"false",
	"platIsNoBootBsp":	"false",
	"hasFsblMakeHasChanges":	"false",
	"hasPmufwMakeHasChanges":	"false",
	"platPreBuiltFlag":	false,
	"platformSamplesDir":	"",
	"platActiveSys":	"Final_Top_Level",
	"systems":	[{
			"systemName":	"Final_Top_Level",
			"systemDesc":	"Final_Top_Level",
			"sysIsBootAutoGen":	"true",
			"systemDispName":	"Final_Top_Level"
		}]
}
TRACE::2023-11-13.02:00:26::SCWWriter::formatted JSON is {
	"platformName":	"Final_Top_Level",
	"sprVersion":	"2.0",
	"mode":	"gui",
	"dsaType":	"Fixed",
	"platformDesc":	"Final_Top_Level",
	"platHandOff":	"C:/Users/Abdullah/Downloads/ECE385/Final_Project/Final_Top_Level.xsa",
	"platIntHandOff":	"<platformDir>/hw/Final_Top_Level.xsa",
	"deviceType":	"FPGA",
	"platIsPrebuiltAutogen":	"false",
	"platIsNoBootBsp":	"false",
	"hasFsblMakeHasChanges":	"false",
	"hasPmufwMakeHasChanges":	"false",
	"platPreBuiltFlag":	false,
	"platformSamplesDir":	"",
	"platActiveSys":	"Final_Top_Level",
	"systems":	[{
			"systemName":	"Final_Top_Level",
			"systemDesc":	"Final_Top_Level",
			"sysIsBootAutoGen":	"true",
			"systemDispName":	"Final_Top_Level"
		}]
}
TRACE::2023-11-13.02:00:26::SCWPlatform::Trying to open the hw design at C:/Users/Abdullah/Downloads/ECE385/Final_Project/Final_Project_Vitis/Final_Top_Level/hw/Final_Top_Level.xsa
TRACE::2023-11-13.02:00:26::SCWPlatform::DSA given C:/Users/Abdullah/Downloads/ECE385/Final_Project/Final_Project_Vitis/Final_Top_Level/hw/Final_Top_Level.xsa
TRACE::2023-11-13.02:00:26::SCWPlatform::DSA absoulate path C:/Users/Abdullah/Downloads/ECE385/Final_Project/Final_Project_Vitis/Final_Top_Level/hw/Final_Top_Level.xsa
TRACE::2023-11-13.02:00:26::SCWPlatform::DSA directory C:/Users/Abdullah/Downloads/ECE385/Final_Project/Final_Project_Vitis/Final_Top_Level/hw
TRACE::2023-11-13.02:00:26::SCWPlatform:: Platform Path C:/Users/Abdullah/Downloads/ECE385/Final_Project/Final_Project_Vitis/Final_Top_Level/hw/Final_Top_Level.xsa
TRACE::2023-11-13.02:00:26::SCWPlatform:: Unique name xilinx:::0.0
TRACE::2023-11-13.02:00:26::SCWPlatform::Trying to set the existing hwdb with name Final_Top_Level_0
TRACE::2023-11-13.02:00:26::SCWPlatform::Opened existing hwdb Final_Top_Level_0
TRACE::2023-11-13.02:00:26::SCWPlatform::Found the Hw Db part of the input DSA
TRACE::2023-11-13.02:00:26::SCWPlatform::Trying to open the hw design at C:/Users/Abdullah/Downloads/ECE385/Final_Project/Final_Project_Vitis/Final_Top_Level/hw/Final_Top_Level.xsa
TRACE::2023-11-13.02:00:26::SCWPlatform::DSA given C:/Users/Abdullah/Downloads/ECE385/Final_Project/Final_Project_Vitis/Final_Top_Level/hw/Final_Top_Level.xsa
TRACE::2023-11-13.02:00:26::SCWPlatform::DSA absoulate path C:/Users/Abdullah/Downloads/ECE385/Final_Project/Final_Project_Vitis/Final_Top_Level/hw/Final_Top_Level.xsa
TRACE::2023-11-13.02:00:26::SCWPlatform::DSA directory C:/Users/Abdullah/Downloads/ECE385/Final_Project/Final_Project_Vitis/Final_Top_Level/hw
TRACE::2023-11-13.02:00:26::SCWPlatform:: Platform Path C:/Users/Abdullah/Downloads/ECE385/Final_Project/Final_Project_Vitis/Final_Top_Level/hw/Final_Top_Level.xsa
TRACE::2023-11-13.02:00:26::SCWPlatform:: Unique name xilinx:::0.0
TRACE::2023-11-13.02:00:26::SCWPlatform::Trying to set the existing hwdb with name Final_Top_Level_0
TRACE::2023-11-13.02:00:26::SCWPlatform::Opened existing hwdb Final_Top_Level_0
TRACE::2023-11-13.02:00:26::SCWPlatform::Found the Hw Db part of the input DSA
TRACE::2023-11-13.02:00:26::SCWDomain::checking for install qemu data   : 
TRACE::2023-11-13.02:00:26::SCWPlatform::Trying to open the hw design at C:/Users/Abdullah/Downloads/ECE385/Final_Project/Final_Project_Vitis/Final_Top_Level/hw/Final_Top_Level.xsa
TRACE::2023-11-13.02:00:26::SCWPlatform::DSA given C:/Users/Abdullah/Downloads/ECE385/Final_Project/Final_Project_Vitis/Final_Top_Level/hw/Final_Top_Level.xsa
TRACE::2023-11-13.02:00:26::SCWPlatform::DSA absoulate path C:/Users/Abdullah/Downloads/ECE385/Final_Project/Final_Project_Vitis/Final_Top_Level/hw/Final_Top_Level.xsa
TRACE::2023-11-13.02:00:26::SCWPlatform::DSA directory C:/Users/Abdullah/Downloads/ECE385/Final_Project/Final_Project_Vitis/Final_Top_Level/hw
TRACE::2023-11-13.02:00:26::SCWPlatform:: Platform Path C:/Users/Abdullah/Downloads/ECE385/Final_Project/Final_Project_Vitis/Final_Top_Level/hw/Final_Top_Level.xsa
TRACE::2023-11-13.02:00:26::SCWPlatform:: Unique name xilinx:::0.0
TRACE::2023-11-13.02:00:26::SCWPlatform::Trying to set the existing hwdb with name Final_Top_Level_0
TRACE::2023-11-13.02:00:26::SCWPlatform::Opened existing hwdb Final_Top_Level_0
TRACE::2023-11-13.02:00:26::SCWPlatform::Found the Hw Db part of the input DSA
TRACE::2023-11-13.02:00:26::SCWPlatform::Trying to open the hw design at C:/Users/Abdullah/Downloads/ECE385/Final_Project/Final_Project_Vitis/Final_Top_Level/hw/Final_Top_Level.xsa
TRACE::2023-11-13.02:00:26::SCWPlatform::DSA given C:/Users/Abdullah/Downloads/ECE385/Final_Project/Final_Project_Vitis/Final_Top_Level/hw/Final_Top_Level.xsa
TRACE::2023-11-13.02:00:26::SCWPlatform::DSA absoulate path C:/Users/Abdullah/Downloads/ECE385/Final_Project/Final_Project_Vitis/Final_Top_Level/hw/Final_Top_Level.xsa
TRACE::2023-11-13.02:00:26::SCWPlatform::DSA directory C:/Users/Abdullah/Downloads/ECE385/Final_Project/Final_Project_Vitis/Final_Top_Level/hw
TRACE::2023-11-13.02:00:26::SCWPlatform:: Platform Path C:/Users/Abdullah/Downloads/ECE385/Final_Project/Final_Project_Vitis/Final_Top_Level/hw/Final_Top_Level.xsa
TRACE::2023-11-13.02:00:26::SCWPlatform:: Unique name xilinx:::0.0
TRACE::2023-11-13.02:00:26::SCWPlatform::Trying to set the existing hwdb with name Final_Top_Level_0
TRACE::2023-11-13.02:00:26::SCWPlatform::Opened existing hwdb Final_Top_Level_0
TRACE::2023-11-13.02:00:26::SCWPlatform::Found the Hw Db part of the input DSA
TRACE::2023-11-13.02:00:26::SCWPlatform::Trying to open the hw design at C:/Users/Abdullah/Downloads/ECE385/Final_Project/Final_Project_Vitis/Final_Top_Level/hw/Final_Top_Level.xsa
TRACE::2023-11-13.02:00:26::SCWPlatform::DSA given C:/Users/Abdullah/Downloads/ECE385/Final_Project/Final_Project_Vitis/Final_Top_Level/hw/Final_Top_Level.xsa
TRACE::2023-11-13.02:00:26::SCWPlatform::DSA absoulate path C:/Users/Abdullah/Downloads/ECE385/Final_Project/Final_Project_Vitis/Final_Top_Level/hw/Final_Top_Level.xsa
TRACE::2023-11-13.02:00:26::SCWPlatform::DSA directory C:/Users/Abdullah/Downloads/ECE385/Final_Project/Final_Project_Vitis/Final_Top_Level/hw
TRACE::2023-11-13.02:00:26::SCWPlatform:: Platform Path C:/Users/Abdullah/Downloads/ECE385/Final_Project/Final_Project_Vitis/Final_Top_Level/hw/Final_Top_Level.xsa
TRACE::2023-11-13.02:00:26::SCWPlatform:: Unique name xilinx:::0.0
TRACE::2023-11-13.02:00:26::SCWPlatform::Trying to set the existing hwdb with name Final_Top_Level_0
TRACE::2023-11-13.02:00:26::SCWPlatform::Opened existing hwdb Final_Top_Level_0
TRACE::2023-11-13.02:00:26::SCWPlatform::Found the Hw Db part of the input DSA
TRACE::2023-11-13.02:00:26::SCWMssOS::Checking the sw design at  C:/Users/Abdullah/Downloads/ECE385/Final_Project/Final_Project_Vitis/Final_Top_Level/microblaze_0/standalone_microblaze_0/bsp/system.mss
TRACE::2023-11-13.02:00:26::SCWMssOS::DEBUG:  swdes dump  
TRACE::2023-11-13.02:00:26::SCWMssOS::No sw design opened at  C:/Users/Abdullah/Downloads/ECE385/Final_Project/Final_Project_Vitis/Final_Top_Level/microblaze_0/standalone_microblaze_0/bsp/system.mss
TRACE::2023-11-13.02:00:26::SCWMssOS::mss does not exists at C:/Users/Abdullah/Downloads/ECE385/Final_Project/Final_Project_Vitis/Final_Top_Level/microblaze_0/standalone_microblaze_0/bsp/system.mss
TRACE::2023-11-13.02:00:26::SCWMssOS::Creating sw design at  C:/Users/Abdullah/Downloads/ECE385/Final_Project/Final_Project_Vitis/Final_Top_Level/microblaze_0/standalone_microblaze_0/bsp/system.mss
TRACE::2023-11-13.02:00:26::SCWMssOS::Adding the swdes entry, created swdb C:/Users/Abdullah/Downloads/ECE385/Final_Project/Final_Project_Vitis/Final_Top_Level/microblaze_0/standalone_microblaze_0/bsp/system.mss with des name C:/Users/Abdullah/Downloads/ECE385/Final_Project/Final_Project_Vitis/Final_Top_Level/microblaze_0/standalone_microblaze_0/bsp/system.mss
TRACE::2023-11-13.02:00:26::SCWMssOS::updating the scw layer changes to swdes at   C:/Users/Abdullah/Downloads/ECE385/Final_Project/Final_Project_Vitis/Final_Top_Level/microblaze_0/standalone_microblaze_0/bsp/system.mss
TRACE::2023-11-13.02:00:26::SCWMssOS::Writing mss at C:/Users/Abdullah/Downloads/ECE385/Final_Project/Final_Project_Vitis/Final_Top_Level/microblaze_0/standalone_microblaze_0/bsp/system.mss
TRACE::2023-11-13.02:00:26::SCWMssOS::Completed writing the mss file at C:/Users/Abdullah/Downloads/ECE385/Final_Project/Final_Project_Vitis/Final_Top_Level/microblaze_0/standalone_microblaze_0/bsp
TRACE::2023-11-13.02:00:26::SCWMssOS::Picking up changes from newly written mss file into SCW Layer. 
TRACE::2023-11-13.02:00:26::SCWMssOS::Updated the changes from newly written mss file into SCW Layer. 
TRACE::2023-11-13.02:00:26::SCWMssOS::Completed writing the mss file at C:/Users/Abdullah/Downloads/ECE385/Final_Project/Final_Project_Vitis/Final_Top_Level/microblaze_0/standalone_microblaze_0/bsp
TRACE::2023-11-13.02:00:26::SCWMssOS::Forcing BSP Sources regeneration.
TRACE::2023-11-13.02:00:27::SCWMssOS::Saving the mss changes C:/Users/Abdullah/Downloads/ECE385/Final_Project/Final_Project_Vitis/Final_Top_Level/microblaze_0/standalone_microblaze_0/bsp/system.mss
TRACE::2023-11-13.02:00:27::SCWMssOS::Adding the swdes entry, mss present, able to open swdb C:/Users/Abdullah/Downloads/ECE385/Final_Project/Final_Project_Vitis/Final_Top_Level/microblaze_0/standalone_microblaze_0/bsp/system.mss with des name system
TRACE::2023-11-13.02:00:27::SCWMssOS::Writing the mss file completed C:/Users/Abdullah/Downloads/ECE385/Final_Project/Final_Project_Vitis/Final_Top_Level/microblaze_0/standalone_microblaze_0/bsp/system.mss
TRACE::2023-11-13.02:00:27::SCWMssOS::Commit changes completed.
TRACE::2023-11-13.02:00:27::SCWPlatform::Trying to open the hw design at C:/Users/Abdullah/Downloads/ECE385/Final_Project/Final_Project_Vitis/Final_Top_Level/hw/Final_Top_Level.xsa
TRACE::2023-11-13.02:00:27::SCWPlatform::DSA given C:/Users/Abdullah/Downloads/ECE385/Final_Project/Final_Project_Vitis/Final_Top_Level/hw/Final_Top_Level.xsa
TRACE::2023-11-13.02:00:27::SCWPlatform::DSA absoulate path C:/Users/Abdullah/Downloads/ECE385/Final_Project/Final_Project_Vitis/Final_Top_Level/hw/Final_Top_Level.xsa
TRACE::2023-11-13.02:00:27::SCWPlatform::DSA directory C:/Users/Abdullah/Downloads/ECE385/Final_Project/Final_Project_Vitis/Final_Top_Level/hw
TRACE::2023-11-13.02:00:27::SCWPlatform:: Platform Path C:/Users/Abdullah/Downloads/ECE385/Final_Project/Final_Project_Vitis/Final_Top_Level/hw/Final_Top_Level.xsa
TRACE::2023-11-13.02:00:27::SCWPlatform:: Unique name xilinx:::0.0
TRACE::2023-11-13.02:00:27::SCWPlatform::Trying to set the existing hwdb with name Final_Top_Level_0
TRACE::2023-11-13.02:00:27::SCWPlatform::Opened existing hwdb Final_Top_Level_0
TRACE::2023-11-13.02:00:27::SCWPlatform::Found the Hw Db part of the input DSA
TRACE::2023-11-13.02:00:27::SCWMssOS::Checking the sw design at  C:/Users/Abdullah/Downloads/ECE385/Final_Project/Final_Project_Vitis/Final_Top_Level/microblaze_0/standalone_microblaze_0/bsp/system.mss
TRACE::2023-11-13.02:00:27::SCWMssOS::DEBUG:  swdes dump  C:/Users/Abdullah/Downloads/ECE385/Final_Project/Final_Project_Vitis/Final_Top_Level/microblaze_0/standalone_microblaze_0/bsp/system.mss|system||

TRACE::2023-11-13.02:00:27::SCWMssOS::Sw design exists and opened at  C:/Users/Abdullah/Downloads/ECE385/Final_Project/Final_Project_Vitis/Final_Top_Level/microblaze_0/standalone_microblaze_0/bsp/system.mss
TRACE::2023-11-13.02:00:27::SCWPlatform::Trying to open the hw design at C:/Users/Abdullah/Downloads/ECE385/Final_Project/Final_Project_Vitis/Final_Top_Level/hw/Final_Top_Level.xsa
TRACE::2023-11-13.02:00:27::SCWPlatform::DSA given C:/Users/Abdullah/Downloads/ECE385/Final_Project/Final_Project_Vitis/Final_Top_Level/hw/Final_Top_Level.xsa
TRACE::2023-11-13.02:00:27::SCWPlatform::DSA absoulate path C:/Users/Abdullah/Downloads/ECE385/Final_Project/Final_Project_Vitis/Final_Top_Level/hw/Final_Top_Level.xsa
TRACE::2023-11-13.02:00:27::SCWPlatform::DSA directory C:/Users/Abdullah/Downloads/ECE385/Final_Project/Final_Project_Vitis/Final_Top_Level/hw
TRACE::2023-11-13.02:00:27::SCWPlatform:: Platform Path C:/Users/Abdullah/Downloads/ECE385/Final_Project/Final_Project_Vitis/Final_Top_Level/hw/Final_Top_Level.xsa
TRACE::2023-11-13.02:00:27::SCWPlatform:: Unique name xilinx:::0.0
TRACE::2023-11-13.02:00:27::SCWPlatform::Trying to set the existing hwdb with name Final_Top_Level_0
TRACE::2023-11-13.02:00:27::SCWPlatform::Opened existing hwdb Final_Top_Level_0
TRACE::2023-11-13.02:00:27::SCWPlatform::Found the Hw Db part of the input DSA
TRACE::2023-11-13.02:00:27::SCWMssOS::Checking the sw design at  C:/Users/Abdullah/Downloads/ECE385/Final_Project/Final_Project_Vitis/Final_Top_Level/microblaze_0/standalone_microblaze_0/bsp/system.mss
TRACE::2023-11-13.02:00:27::SCWMssOS::DEBUG:  swdes dump  C:/Users/Abdullah/Downloads/ECE385/Final_Project/Final_Project_Vitis/Final_Top_Level/microblaze_0/standalone_microblaze_0/bsp/system.mss|system||

TRACE::2023-11-13.02:00:27::SCWMssOS::Sw design exists and opened at  C:/Users/Abdullah/Downloads/ECE385/Final_Project/Final_Project_Vitis/Final_Top_Level/microblaze_0/standalone_microblaze_0/bsp/system.mss
TRACE::2023-11-13.02:00:27::SCWPlatform::Trying to open the hw design at C:/Users/Abdullah/Downloads/ECE385/Final_Project/Final_Project_Vitis/Final_Top_Level/hw/Final_Top_Level.xsa
TRACE::2023-11-13.02:00:27::SCWPlatform::DSA given C:/Users/Abdullah/Downloads/ECE385/Final_Project/Final_Project_Vitis/Final_Top_Level/hw/Final_Top_Level.xsa
TRACE::2023-11-13.02:00:27::SCWPlatform::DSA absoulate path C:/Users/Abdullah/Downloads/ECE385/Final_Project/Final_Project_Vitis/Final_Top_Level/hw/Final_Top_Level.xsa
TRACE::2023-11-13.02:00:27::SCWPlatform::DSA directory C:/Users/Abdullah/Downloads/ECE385/Final_Project/Final_Project_Vitis/Final_Top_Level/hw
TRACE::2023-11-13.02:00:27::SCWPlatform:: Platform Path C:/Users/Abdullah/Downloads/ECE385/Final_Project/Final_Project_Vitis/Final_Top_Level/hw/Final_Top_Level.xsa
TRACE::2023-11-13.02:00:27::SCWPlatform:: Unique name xilinx:::0.0
TRACE::2023-11-13.02:00:27::SCWPlatform::Trying to set the existing hwdb with name Final_Top_Level_0
TRACE::2023-11-13.02:00:27::SCWPlatform::Opened existing hwdb Final_Top_Level_0
TRACE::2023-11-13.02:00:27::SCWPlatform::Found the Hw Db part of the input DSA
TRACE::2023-11-13.02:00:27::SCWMssOS::Checking the sw design at  C:/Users/Abdullah/Downloads/ECE385/Final_Project/Final_Project_Vitis/Final_Top_Level/microblaze_0/standalone_microblaze_0/bsp/system.mss
TRACE::2023-11-13.02:00:27::SCWMssOS::DEBUG:  swdes dump  C:/Users/Abdullah/Downloads/ECE385/Final_Project/Final_Project_Vitis/Final_Top_Level/microblaze_0/standalone_microblaze_0/bsp/system.mss|system||

TRACE::2023-11-13.02:00:27::SCWMssOS::Sw design exists and opened at  C:/Users/Abdullah/Downloads/ECE385/Final_Project/Final_Project_Vitis/Final_Top_Level/microblaze_0/standalone_microblaze_0/bsp/system.mss
TRACE::2023-11-13.02:00:27::SCWWriter::formatted JSON is {
	"platformName":	"Final_Top_Level",
	"sprVersion":	"2.0",
	"mode":	"gui",
	"dsaType":	"Fixed",
	"platformDesc":	"Final_Top_Level",
	"platHandOff":	"C:/Users/Abdullah/Downloads/ECE385/Final_Project/Final_Top_Level.xsa",
	"platIntHandOff":	"<platformDir>/hw/Final_Top_Level.xsa",
	"deviceType":	"FPGA",
	"platIsPrebuiltAutogen":	"false",
	"platIsNoBootBsp":	"false",
	"hasFsblMakeHasChanges":	"false",
	"hasPmufwMakeHasChanges":	"false",
	"platPreBuiltFlag":	false,
	"platformSamplesDir":	"",
	"platActiveSys":	"Final_Top_Level",
	"systems":	[{
			"systemName":	"Final_Top_Level",
			"systemDesc":	"Final_Top_Level",
			"sysIsBootAutoGen":	"true",
			"systemDispName":	"Final_Top_Level",
			"sysActiveDom":	"standalone_microblaze_0",
			"sysDefaultDom":	"standalone_microblaze_0",
			"domains":	[{
					"domainName":	"standalone_microblaze_0",
					"domainDispName":	"standalone_microblaze_0",
					"domainDesc":	"standalone_microblaze_0",
					"processors":	"microblaze_0",
					"os":	"standalone",
					"sdxOs":	"standalone",
					"debugEnable":	"False",
					"domRuntimes":	["cpp"],
					"swRepo":	"",
					"mssOsVer":	"8.1",
					"mssFile":	"",
					"md5Digest":	"4dab0a0bc22ea278e5d8a06bb0361003",
					"compatibleApp":	"hello_world",
					"domType":	"mssDomain",
					"arch":	"32-bit",
					"appSettings":	{
						"appCompilerFlags":	"",
						"appLinkerFlags":	""
					},
					"addedLibs":	[],
					"libOptions":	{
						"libsContainingOptions":	[]
					},
					"prebuiltLibs":	{
						"prebuiltIncPath":	[],
						"prebuiltLibPath":	[]
					},
					"isolation":	{
					}
				}]
		}]
}
LOG::2023-11-13.02:00:27::SCWPlatform::Started generating the artifacts platform Final_Top_Level
TRACE::2023-11-13.02:00:27::SCWPlatform::Sanity checking of platform is completed
LOG::2023-11-13.02:00:27::SCWPlatform::Started generating the artifacts for system configuration Final_Top_Level
LOG::2023-11-13.02:00:27::SCWSystem::Checking the domain standalone_microblaze_0
LOG::2023-11-13.02:00:27::SCWSystem::Not a boot domain 
LOG::2023-11-13.02:00:27::SCWSystem::Started Processing the domain standalone_microblaze_0
TRACE::2023-11-13.02:00:27::SCWDomain::Generating domain artifcats
TRACE::2023-11-13.02:00:27::SCWMssOS::Generating standalone artifcats
TRACE::2023-11-13.02:00:27::SCWMssOS:: Copying the user libraries. 
TRACE::2023-11-13.02:00:27::SCWPlatform::Trying to open the hw design at C:/Users/Abdullah/Downloads/ECE385/Final_Project/Final_Project_Vitis/Final_Top_Level/hw/Final_Top_Level.xsa
TRACE::2023-11-13.02:00:27::SCWPlatform::DSA given C:/Users/Abdullah/Downloads/ECE385/Final_Project/Final_Project_Vitis/Final_Top_Level/hw/Final_Top_Level.xsa
TRACE::2023-11-13.02:00:27::SCWPlatform::DSA absoulate path C:/Users/Abdullah/Downloads/ECE385/Final_Project/Final_Project_Vitis/Final_Top_Level/hw/Final_Top_Level.xsa
TRACE::2023-11-13.02:00:27::SCWPlatform::DSA directory C:/Users/Abdullah/Downloads/ECE385/Final_Project/Final_Project_Vitis/Final_Top_Level/hw
TRACE::2023-11-13.02:00:27::SCWPlatform:: Platform Path C:/Users/Abdullah/Downloads/ECE385/Final_Project/Final_Project_Vitis/Final_Top_Level/hw/Final_Top_Level.xsa
TRACE::2023-11-13.02:00:27::SCWPlatform:: Unique name xilinx:::0.0
TRACE::2023-11-13.02:00:27::SCWPlatform::Trying to set the existing hwdb with name Final_Top_Level_0
TRACE::2023-11-13.02:00:27::SCWPlatform::Opened existing hwdb Final_Top_Level_0
TRACE::2023-11-13.02:00:27::SCWPlatform::Found the Hw Db part of the input DSA
TRACE::2023-11-13.02:00:27::SCWMssOS::Checking the sw design at  C:/Users/Abdullah/Downloads/ECE385/Final_Project/Final_Project_Vitis/Final_Top_Level/microblaze_0/standalone_microblaze_0/bsp/system.mss
TRACE::2023-11-13.02:00:27::SCWMssOS::DEBUG:  swdes dump  C:/Users/Abdullah/Downloads/ECE385/Final_Project/Final_Project_Vitis/Final_Top_Level/microblaze_0/standalone_microblaze_0/bsp/system.mss|system||

TRACE::2023-11-13.02:00:27::SCWMssOS::Sw design exists and opened at  C:/Users/Abdullah/Downloads/ECE385/Final_Project/Final_Project_Vitis/Final_Top_Level/microblaze_0/standalone_microblaze_0/bsp/system.mss
TRACE::2023-11-13.02:00:27::SCWMssOS::Completed writing the mss file at C:/Users/Abdullah/Downloads/ECE385/Final_Project/Final_Project_Vitis/Final_Top_Level/microblaze_0/standalone_microblaze_0/bsp
TRACE::2023-11-13.02:00:27::SCWMssOS::Mss edits present, copying mssfile into export location C:/Users/Abdullah/Downloads/ECE385/Final_Project/Final_Project_Vitis/Final_Top_Level/microblaze_0/standalone_microblaze_0/bsp/system.mss
TRACE::2023-11-13.02:00:27::SCWMssOS::bsp generated is upto date with the mss file. Skipping bsp generation.
TRACE::2023-11-13.02:00:27::SCWMssOS::BSP is already built. skipping the bsp build ... 
TRACE::2023-11-13.02:00:27::SCWDomain::Skipping the build for domain :  standalone_microblaze_0
TRACE::2023-11-13.02:00:27::SCWMssOS::skipping the bsp build ... 
TRACE::2023-11-13.02:00:27::SCWMssOS::Copying to export directory.
TRACE::2023-11-13.02:00:27::SCWMssOS:: Checking if to create the Supporting Applications
TRACE::2023-11-13.02:00:27::SCWMssOS:: No Linux domain exists, trying to generate FSBL 
LOG::2023-11-13.02:00:27::SCWSystem::Completed Processing the domain standalone_microblaze_0
LOG::2023-11-13.02:00:27::SCWSystem::Completed Processing the sysconfig Final_Top_Level
LOG::2023-11-13.02:00:27::SCWPlatform::Completed generating the artifacts for system configuration Final_Top_Level
TRACE::2023-11-13.02:00:27::SCWPlatform::Started preparing the platform 
TRACE::2023-11-13.02:00:27::SCWSystem::Writing the bif file for system config Final_Top_Level
TRACE::2023-11-13.02:00:27::SCWSystem::dir created 
TRACE::2023-11-13.02:00:27::SCWSystem::Writing the bif 
TRACE::2023-11-13.02:00:27::SCWPlatform::Started writing the spfm file 
TRACE::2023-11-13.02:00:27::SCWPlatform::Started writing the xpfm file 
TRACE::2023-11-13.02:00:27::SCWPlatform::Completed generating the platform
TRACE::2023-11-13.02:00:27::SCWMssOS::Saving the mss changes C:/Users/Abdullah/Downloads/ECE385/Final_Project/Final_Project_Vitis/Final_Top_Level/microblaze_0/standalone_microblaze_0/bsp/system.mss
TRACE::2023-11-13.02:00:27::SCWMssOS::Found a swdesign opened with the mssfile.
TRACE::2023-11-13.02:00:27::SCWMssOS::Completed writemss as part of save.
TRACE::2023-11-13.02:00:27::SCWMssOS::Commit changes completed.
TRACE::2023-11-13.02:00:27::SCWPlatform::Trying to open the hw design at C:/Users/Abdullah/Downloads/ECE385/Final_Project/Final_Project_Vitis/Final_Top_Level/hw/Final_Top_Level.xsa
TRACE::2023-11-13.02:00:27::SCWPlatform::DSA given C:/Users/Abdullah/Downloads/ECE385/Final_Project/Final_Project_Vitis/Final_Top_Level/hw/Final_Top_Level.xsa
TRACE::2023-11-13.02:00:27::SCWPlatform::DSA absoulate path C:/Users/Abdullah/Downloads/ECE385/Final_Project/Final_Project_Vitis/Final_Top_Level/hw/Final_Top_Level.xsa
TRACE::2023-11-13.02:00:27::SCWPlatform::DSA directory C:/Users/Abdullah/Downloads/ECE385/Final_Project/Final_Project_Vitis/Final_Top_Level/hw
TRACE::2023-11-13.02:00:27::SCWPlatform:: Platform Path C:/Users/Abdullah/Downloads/ECE385/Final_Project/Final_Project_Vitis/Final_Top_Level/hw/Final_Top_Level.xsa
TRACE::2023-11-13.02:00:27::SCWPlatform:: Unique name xilinx:::0.0
TRACE::2023-11-13.02:00:27::SCWPlatform::Trying to set the existing hwdb with name Final_Top_Level_0
TRACE::2023-11-13.02:00:27::SCWPlatform::Opened existing hwdb Final_Top_Level_0
TRACE::2023-11-13.02:00:27::SCWPlatform::Found the Hw Db part of the input DSA
TRACE::2023-11-13.02:00:27::SCWMssOS::Checking the sw design at  C:/Users/Abdullah/Downloads/ECE385/Final_Project/Final_Project_Vitis/Final_Top_Level/microblaze_0/standalone_microblaze_0/bsp/system.mss
TRACE::2023-11-13.02:00:27::SCWMssOS::DEBUG:  swdes dump  C:/Users/Abdullah/Downloads/ECE385/Final_Project/Final_Project_Vitis/Final_Top_Level/microblaze_0/standalone_microblaze_0/bsp/system.mss|system||

TRACE::2023-11-13.02:00:27::SCWMssOS::Sw design exists and opened at  C:/Users/Abdullah/Downloads/ECE385/Final_Project/Final_Project_Vitis/Final_Top_Level/microblaze_0/standalone_microblaze_0/bsp/system.mss
TRACE::2023-11-13.02:00:27::SCWPlatform::Trying to open the hw design at C:/Users/Abdullah/Downloads/ECE385/Final_Project/Final_Project_Vitis/Final_Top_Level/hw/Final_Top_Level.xsa
TRACE::2023-11-13.02:00:27::SCWPlatform::DSA given C:/Users/Abdullah/Downloads/ECE385/Final_Project/Final_Project_Vitis/Final_Top_Level/hw/Final_Top_Level.xsa
TRACE::2023-11-13.02:00:27::SCWPlatform::DSA absoulate path C:/Users/Abdullah/Downloads/ECE385/Final_Project/Final_Project_Vitis/Final_Top_Level/hw/Final_Top_Level.xsa
TRACE::2023-11-13.02:00:27::SCWPlatform::DSA directory C:/Users/Abdullah/Downloads/ECE385/Final_Project/Final_Project_Vitis/Final_Top_Level/hw
TRACE::2023-11-13.02:00:27::SCWPlatform:: Platform Path C:/Users/Abdullah/Downloads/ECE385/Final_Project/Final_Project_Vitis/Final_Top_Level/hw/Final_Top_Level.xsa
TRACE::2023-11-13.02:00:27::SCWPlatform:: Unique name xilinx:::0.0
TRACE::2023-11-13.02:00:27::SCWPlatform::Trying to set the existing hwdb with name Final_Top_Level_0
TRACE::2023-11-13.02:00:27::SCWPlatform::Opened existing hwdb Final_Top_Level_0
TRACE::2023-11-13.02:00:27::SCWPlatform::Found the Hw Db part of the input DSA
TRACE::2023-11-13.02:00:27::SCWMssOS::Checking the sw design at  C:/Users/Abdullah/Downloads/ECE385/Final_Project/Final_Project_Vitis/Final_Top_Level/microblaze_0/standalone_microblaze_0/bsp/system.mss
TRACE::2023-11-13.02:00:27::SCWMssOS::DEBUG:  swdes dump  C:/Users/Abdullah/Downloads/ECE385/Final_Project/Final_Project_Vitis/Final_Top_Level/microblaze_0/standalone_microblaze_0/bsp/system.mss|system||

TRACE::2023-11-13.02:00:27::SCWMssOS::Sw design exists and opened at  C:/Users/Abdullah/Downloads/ECE385/Final_Project/Final_Project_Vitis/Final_Top_Level/microblaze_0/standalone_microblaze_0/bsp/system.mss
TRACE::2023-11-13.02:00:27::SCWPlatform::Trying to open the hw design at C:/Users/Abdullah/Downloads/ECE385/Final_Project/Final_Project_Vitis/Final_Top_Level/hw/Final_Top_Level.xsa
TRACE::2023-11-13.02:00:27::SCWPlatform::DSA given C:/Users/Abdullah/Downloads/ECE385/Final_Project/Final_Project_Vitis/Final_Top_Level/hw/Final_Top_Level.xsa
TRACE::2023-11-13.02:00:27::SCWPlatform::DSA absoulate path C:/Users/Abdullah/Downloads/ECE385/Final_Project/Final_Project_Vitis/Final_Top_Level/hw/Final_Top_Level.xsa
TRACE::2023-11-13.02:00:27::SCWPlatform::DSA directory C:/Users/Abdullah/Downloads/ECE385/Final_Project/Final_Project_Vitis/Final_Top_Level/hw
TRACE::2023-11-13.02:00:27::SCWPlatform:: Platform Path C:/Users/Abdullah/Downloads/ECE385/Final_Project/Final_Project_Vitis/Final_Top_Level/hw/Final_Top_Level.xsa
TRACE::2023-11-13.02:00:27::SCWPlatform:: Unique name xilinx:::0.0
TRACE::2023-11-13.02:00:27::SCWPlatform::Trying to set the existing hwdb with name Final_Top_Level_0
TRACE::2023-11-13.02:00:27::SCWPlatform::Opened existing hwdb Final_Top_Level_0
TRACE::2023-11-13.02:00:27::SCWPlatform::Found the Hw Db part of the input DSA
TRACE::2023-11-13.02:00:27::SCWMssOS::Checking the sw design at  C:/Users/Abdullah/Downloads/ECE385/Final_Project/Final_Project_Vitis/Final_Top_Level/microblaze_0/standalone_microblaze_0/bsp/system.mss
TRACE::2023-11-13.02:00:27::SCWMssOS::DEBUG:  swdes dump  C:/Users/Abdullah/Downloads/ECE385/Final_Project/Final_Project_Vitis/Final_Top_Level/microblaze_0/standalone_microblaze_0/bsp/system.mss|system||

TRACE::2023-11-13.02:00:27::SCWMssOS::Sw design exists and opened at  C:/Users/Abdullah/Downloads/ECE385/Final_Project/Final_Project_Vitis/Final_Top_Level/microblaze_0/standalone_microblaze_0/bsp/system.mss
TRACE::2023-11-13.02:00:27::SCWWriter::formatted JSON is {
	"platformName":	"Final_Top_Level",
	"sprVersion":	"2.0",
	"mode":	"gui",
	"dsaType":	"Fixed",
	"platformDesc":	"Final_Top_Level",
	"platHandOff":	"C:/Users/Abdullah/Downloads/ECE385/Final_Project/Final_Top_Level.xsa",
	"platIntHandOff":	"<platformDir>/hw/Final_Top_Level.xsa",
	"deviceType":	"FPGA",
	"platIsPrebuiltAutogen":	"false",
	"platIsNoBootBsp":	"false",
	"hasFsblMakeHasChanges":	"false",
	"hasPmufwMakeHasChanges":	"false",
	"platPreBuiltFlag":	false,
	"platformSamplesDir":	"",
	"platActiveSys":	"Final_Top_Level",
	"systems":	[{
			"systemName":	"Final_Top_Level",
			"systemDesc":	"Final_Top_Level",
			"sysIsBootAutoGen":	"true",
			"systemDispName":	"Final_Top_Level",
			"sysActiveDom":	"standalone_microblaze_0",
			"sysDefaultDom":	"standalone_microblaze_0",
			"domains":	[{
					"domainName":	"standalone_microblaze_0",
					"domainDispName":	"standalone_microblaze_0",
					"domainDesc":	"standalone_microblaze_0",
					"processors":	"microblaze_0",
					"os":	"standalone",
					"sdxOs":	"standalone",
					"debugEnable":	"False",
					"domRuntimes":	["cpp"],
					"swRepo":	"",
					"mssOsVer":	"8.1",
					"mssFile":	"",
					"md5Digest":	"4dab0a0bc22ea278e5d8a06bb0361003",
					"compatibleApp":	"hello_world",
					"domType":	"mssDomain",
					"arch":	"32-bit",
					"appSettings":	{
						"appCompilerFlags":	"",
						"appLinkerFlags":	""
					},
					"addedLibs":	[],
					"libOptions":	{
						"libsContainingOptions":	[]
					},
					"prebuiltLibs":	{
						"prebuiltIncPath":	[],
						"prebuiltLibPath":	[]
					},
					"isolation":	{
					}
				}]
		}]
}
KEYINFO::2023-11-13.02:00:27::SCWPlatform::updated the xpfm file.
TRACE::2023-11-13.02:00:27::SCWPlatform::Trying to open the hw design at C:/Users/Abdullah/Downloads/ECE385/Final_Project/Final_Project_Vitis/Final_Top_Level/hw/Final_Top_Level.xsa
TRACE::2023-11-13.02:00:27::SCWPlatform::DSA given C:/Users/Abdullah/Downloads/ECE385/Final_Project/Final_Project_Vitis/Final_Top_Level/hw/Final_Top_Level.xsa
TRACE::2023-11-13.02:00:27::SCWPlatform::DSA absoulate path C:/Users/Abdullah/Downloads/ECE385/Final_Project/Final_Project_Vitis/Final_Top_Level/hw/Final_Top_Level.xsa
TRACE::2023-11-13.02:00:27::SCWPlatform::DSA directory C:/Users/Abdullah/Downloads/ECE385/Final_Project/Final_Project_Vitis/Final_Top_Level/hw
TRACE::2023-11-13.02:00:27::SCWPlatform:: Platform Path C:/Users/Abdullah/Downloads/ECE385/Final_Project/Final_Project_Vitis/Final_Top_Level/hw/Final_Top_Level.xsa
TRACE::2023-11-13.02:00:27::SCWPlatform:: Unique name xilinx:::0.0
TRACE::2023-11-13.02:00:27::SCWPlatform::Trying to set the existing hwdb with name Final_Top_Level_0
TRACE::2023-11-13.02:00:27::SCWPlatform::Opened existing hwdb Final_Top_Level_0
TRACE::2023-11-13.02:00:27::SCWPlatform::Found the Hw Db part of the input DSA
TRACE::2023-11-13.02:00:27::SCWMssOS::Checking the sw design at  C:/Users/Abdullah/Downloads/ECE385/Final_Project/Final_Project_Vitis/Final_Top_Level/microblaze_0/standalone_microblaze_0/bsp/system.mss
TRACE::2023-11-13.02:00:27::SCWMssOS::DEBUG:  swdes dump  C:/Users/Abdullah/Downloads/ECE385/Final_Project/Final_Project_Vitis/Final_Top_Level/microblaze_0/standalone_microblaze_0/bsp/system.mss|system||

TRACE::2023-11-13.02:00:27::SCWMssOS::Sw design exists and opened at  C:/Users/Abdullah/Downloads/ECE385/Final_Project/Final_Project_Vitis/Final_Top_Level/microblaze_0/standalone_microblaze_0/bsp/system.mss
TRACE::2023-11-13.02:00:27::SCWMssOS::Saving the mss changes C:/Users/Abdullah/Downloads/ECE385/Final_Project/Final_Project_Vitis/Final_Top_Level/microblaze_0/standalone_microblaze_0/bsp/system.mss
TRACE::2023-11-13.02:00:27::SCWMssOS::Found a swdesign opened with the mssfile.
TRACE::2023-11-13.02:00:27::SCWMssOS::Completed writemss as part of save.
TRACE::2023-11-13.02:00:27::SCWMssOS::Commit changes completed.
TRACE::2023-11-13.02:00:27::SCWPlatform::Trying to open the hw design at C:/Users/Abdullah/Downloads/ECE385/Final_Project/Final_Project_Vitis/Final_Top_Level/hw/Final_Top_Level.xsa
TRACE::2023-11-13.02:00:27::SCWPlatform::DSA given C:/Users/Abdullah/Downloads/ECE385/Final_Project/Final_Project_Vitis/Final_Top_Level/hw/Final_Top_Level.xsa
TRACE::2023-11-13.02:00:27::SCWPlatform::DSA absoulate path C:/Users/Abdullah/Downloads/ECE385/Final_Project/Final_Project_Vitis/Final_Top_Level/hw/Final_Top_Level.xsa
TRACE::2023-11-13.02:00:27::SCWPlatform::DSA directory C:/Users/Abdullah/Downloads/ECE385/Final_Project/Final_Project_Vitis/Final_Top_Level/hw
TRACE::2023-11-13.02:00:27::SCWPlatform:: Platform Path C:/Users/Abdullah/Downloads/ECE385/Final_Project/Final_Project_Vitis/Final_Top_Level/hw/Final_Top_Level.xsa
TRACE::2023-11-13.02:00:27::SCWPlatform:: Unique name xilinx:::0.0
TRACE::2023-11-13.02:00:27::SCWPlatform::Trying to set the existing hwdb with name Final_Top_Level_0
TRACE::2023-11-13.02:00:27::SCWPlatform::Opened existing hwdb Final_Top_Level_0
TRACE::2023-11-13.02:00:27::SCWPlatform::Found the Hw Db part of the input DSA
TRACE::2023-11-13.02:00:27::SCWMssOS::Checking the sw design at  C:/Users/Abdullah/Downloads/ECE385/Final_Project/Final_Project_Vitis/Final_Top_Level/microblaze_0/standalone_microblaze_0/bsp/system.mss
TRACE::2023-11-13.02:00:27::SCWMssOS::DEBUG:  swdes dump  C:/Users/Abdullah/Downloads/ECE385/Final_Project/Final_Project_Vitis/Final_Top_Level/microblaze_0/standalone_microblaze_0/bsp/system.mss|system||

TRACE::2023-11-13.02:00:27::SCWMssOS::Sw design exists and opened at  C:/Users/Abdullah/Downloads/ECE385/Final_Project/Final_Project_Vitis/Final_Top_Level/microblaze_0/standalone_microblaze_0/bsp/system.mss
TRACE::2023-11-13.02:00:27::SCWPlatform::Trying to open the hw design at C:/Users/Abdullah/Downloads/ECE385/Final_Project/Final_Project_Vitis/Final_Top_Level/hw/Final_Top_Level.xsa
TRACE::2023-11-13.02:00:27::SCWPlatform::DSA given C:/Users/Abdullah/Downloads/ECE385/Final_Project/Final_Project_Vitis/Final_Top_Level/hw/Final_Top_Level.xsa
TRACE::2023-11-13.02:00:27::SCWPlatform::DSA absoulate path C:/Users/Abdullah/Downloads/ECE385/Final_Project/Final_Project_Vitis/Final_Top_Level/hw/Final_Top_Level.xsa
TRACE::2023-11-13.02:00:27::SCWPlatform::DSA directory C:/Users/Abdullah/Downloads/ECE385/Final_Project/Final_Project_Vitis/Final_Top_Level/hw
TRACE::2023-11-13.02:00:27::SCWPlatform:: Platform Path C:/Users/Abdullah/Downloads/ECE385/Final_Project/Final_Project_Vitis/Final_Top_Level/hw/Final_Top_Level.xsa
TRACE::2023-11-13.02:00:27::SCWPlatform:: Unique name xilinx:::0.0
TRACE::2023-11-13.02:00:27::SCWPlatform::Trying to set the existing hwdb with name Final_Top_Level_0
TRACE::2023-11-13.02:00:27::SCWPlatform::Opened existing hwdb Final_Top_Level_0
TRACE::2023-11-13.02:00:27::SCWPlatform::Found the Hw Db part of the input DSA
TRACE::2023-11-13.02:00:27::SCWMssOS::Checking the sw design at  C:/Users/Abdullah/Downloads/ECE385/Final_Project/Final_Project_Vitis/Final_Top_Level/microblaze_0/standalone_microblaze_0/bsp/system.mss
TRACE::2023-11-13.02:00:27::SCWMssOS::DEBUG:  swdes dump  C:/Users/Abdullah/Downloads/ECE385/Final_Project/Final_Project_Vitis/Final_Top_Level/microblaze_0/standalone_microblaze_0/bsp/system.mss|system||

TRACE::2023-11-13.02:00:27::SCWMssOS::Sw design exists and opened at  C:/Users/Abdullah/Downloads/ECE385/Final_Project/Final_Project_Vitis/Final_Top_Level/microblaze_0/standalone_microblaze_0/bsp/system.mss
TRACE::2023-11-13.02:00:27::SCWPlatform::Trying to open the hw design at C:/Users/Abdullah/Downloads/ECE385/Final_Project/Final_Project_Vitis/Final_Top_Level/hw/Final_Top_Level.xsa
TRACE::2023-11-13.02:00:27::SCWPlatform::DSA given C:/Users/Abdullah/Downloads/ECE385/Final_Project/Final_Project_Vitis/Final_Top_Level/hw/Final_Top_Level.xsa
TRACE::2023-11-13.02:00:27::SCWPlatform::DSA absoulate path C:/Users/Abdullah/Downloads/ECE385/Final_Project/Final_Project_Vitis/Final_Top_Level/hw/Final_Top_Level.xsa
TRACE::2023-11-13.02:00:27::SCWPlatform::DSA directory C:/Users/Abdullah/Downloads/ECE385/Final_Project/Final_Project_Vitis/Final_Top_Level/hw
TRACE::2023-11-13.02:00:28::SCWPlatform:: Platform Path C:/Users/Abdullah/Downloads/ECE385/Final_Project/Final_Project_Vitis/Final_Top_Level/hw/Final_Top_Level.xsa
TRACE::2023-11-13.02:00:28::SCWPlatform:: Unique name xilinx:::0.0
TRACE::2023-11-13.02:00:28::SCWPlatform::Trying to set the existing hwdb with name Final_Top_Level_0
TRACE::2023-11-13.02:00:28::SCWPlatform::Opened existing hwdb Final_Top_Level_0
TRACE::2023-11-13.02:00:28::SCWPlatform::Found the Hw Db part of the input DSA
TRACE::2023-11-13.02:00:28::SCWMssOS::Checking the sw design at  C:/Users/Abdullah/Downloads/ECE385/Final_Project/Final_Project_Vitis/Final_Top_Level/microblaze_0/standalone_microblaze_0/bsp/system.mss
TRACE::2023-11-13.02:00:28::SCWMssOS::DEBUG:  swdes dump  C:/Users/Abdullah/Downloads/ECE385/Final_Project/Final_Project_Vitis/Final_Top_Level/microblaze_0/standalone_microblaze_0/bsp/system.mss|system||

TRACE::2023-11-13.02:00:28::SCWMssOS::Sw design exists and opened at  C:/Users/Abdullah/Downloads/ECE385/Final_Project/Final_Project_Vitis/Final_Top_Level/microblaze_0/standalone_microblaze_0/bsp/system.mss
TRACE::2023-11-13.02:00:28::SCWWriter::formatted JSON is {
	"platformName":	"Final_Top_Level",
	"sprVersion":	"2.0",
	"mode":	"gui",
	"dsaType":	"Fixed",
	"platformDesc":	"Final_Top_Level",
	"platHandOff":	"C:/Users/Abdullah/Downloads/ECE385/Final_Project/Final_Top_Level.xsa",
	"platIntHandOff":	"<platformDir>/hw/Final_Top_Level.xsa",
	"deviceType":	"FPGA",
	"platIsPrebuiltAutogen":	"false",
	"platIsNoBootBsp":	"false",
	"hasFsblMakeHasChanges":	"false",
	"hasPmufwMakeHasChanges":	"false",
	"platPreBuiltFlag":	false,
	"platformSamplesDir":	"",
	"platActiveSys":	"Final_Top_Level",
	"systems":	[{
			"systemName":	"Final_Top_Level",
			"systemDesc":	"Final_Top_Level",
			"sysIsBootAutoGen":	"true",
			"systemDispName":	"Final_Top_Level",
			"sysActiveDom":	"standalone_microblaze_0",
			"sysDefaultDom":	"standalone_microblaze_0",
			"domains":	[{
					"domainName":	"standalone_microblaze_0",
					"domainDispName":	"standalone_microblaze_0",
					"domainDesc":	"standalone_microblaze_0",
					"processors":	"microblaze_0",
					"os":	"standalone",
					"sdxOs":	"standalone",
					"debugEnable":	"False",
					"domRuntimes":	["cpp"],
					"swRepo":	"",
					"mssOsVer":	"8.1",
					"mssFile":	"",
					"md5Digest":	"4dab0a0bc22ea278e5d8a06bb0361003",
					"compatibleApp":	"hello_world",
					"domType":	"mssDomain",
					"arch":	"32-bit",
					"appSettings":	{
						"appCompilerFlags":	"",
						"appLinkerFlags":	""
					},
					"addedLibs":	[],
					"libOptions":	{
						"libsContainingOptions":	[]
					},
					"prebuiltLibs":	{
						"prebuiltIncPath":	[],
						"prebuiltLibPath":	[]
					},
					"isolation":	{
					}
				}]
		}]
}
TRACE::2023-11-13.02:00:28::SCWPlatform::Trying to open the hw design at C:/Users/Abdullah/Downloads/ECE385/Final_Project/Final_Project_Vitis/Final_Top_Level/hw/Final_Top_Level.xsa
TRACE::2023-11-13.02:00:28::SCWPlatform::DSA given C:/Users/Abdullah/Downloads/ECE385/Final_Project/Final_Project_Vitis/Final_Top_Level/hw/Final_Top_Level.xsa
TRACE::2023-11-13.02:00:28::SCWPlatform::DSA absoulate path C:/Users/Abdullah/Downloads/ECE385/Final_Project/Final_Project_Vitis/Final_Top_Level/hw/Final_Top_Level.xsa
TRACE::2023-11-13.02:00:28::SCWPlatform::DSA directory C:/Users/Abdullah/Downloads/ECE385/Final_Project/Final_Project_Vitis/Final_Top_Level/hw
TRACE::2023-11-13.02:00:28::SCWPlatform:: Platform Path C:/Users/Abdullah/Downloads/ECE385/Final_Project/Final_Project_Vitis/Final_Top_Level/hw/Final_Top_Level.xsa
TRACE::2023-11-13.02:00:28::SCWPlatform:: Unique name xilinx:::0.0
TRACE::2023-11-13.02:00:28::SCWPlatform::Trying to set the existing hwdb with name Final_Top_Level_0
TRACE::2023-11-13.02:00:28::SCWPlatform::Opened existing hwdb Final_Top_Level_0
TRACE::2023-11-13.02:00:28::SCWPlatform::Found the Hw Db part of the input DSA
TRACE::2023-11-13.02:00:28::SCWMssOS::Checking the sw design at  C:/Users/Abdullah/Downloads/ECE385/Final_Project/Final_Project_Vitis/Final_Top_Level/microblaze_0/standalone_microblaze_0/bsp/system.mss
TRACE::2023-11-13.02:00:28::SCWMssOS::DEBUG:  swdes dump  C:/Users/Abdullah/Downloads/ECE385/Final_Project/Final_Project_Vitis/Final_Top_Level/microblaze_0/standalone_microblaze_0/bsp/system.mss|system||

TRACE::2023-11-13.02:00:28::SCWMssOS::Sw design exists and opened at  C:/Users/Abdullah/Downloads/ECE385/Final_Project/Final_Project_Vitis/Final_Top_Level/microblaze_0/standalone_microblaze_0/bsp/system.mss
TRACE::2023-11-13.02:00:28::SCWPlatform::Trying to open the hw design at C:/Users/Abdullah/Downloads/ECE385/Final_Project/Final_Project_Vitis/Final_Top_Level/hw/Final_Top_Level.xsa
TRACE::2023-11-13.02:00:28::SCWPlatform::DSA given C:/Users/Abdullah/Downloads/ECE385/Final_Project/Final_Project_Vitis/Final_Top_Level/hw/Final_Top_Level.xsa
TRACE::2023-11-13.02:00:28::SCWPlatform::DSA absoulate path C:/Users/Abdullah/Downloads/ECE385/Final_Project/Final_Project_Vitis/Final_Top_Level/hw/Final_Top_Level.xsa
TRACE::2023-11-13.02:00:28::SCWPlatform::DSA directory C:/Users/Abdullah/Downloads/ECE385/Final_Project/Final_Project_Vitis/Final_Top_Level/hw
TRACE::2023-11-13.02:00:28::SCWPlatform:: Platform Path C:/Users/Abdullah/Downloads/ECE385/Final_Project/Final_Project_Vitis/Final_Top_Level/hw/Final_Top_Level.xsa
TRACE::2023-11-13.02:00:28::SCWPlatform:: Unique name xilinx:::0.0
TRACE::2023-11-13.02:00:28::SCWPlatform::Trying to set the existing hwdb with name Final_Top_Level_0
TRACE::2023-11-13.02:00:28::SCWPlatform::Opened existing hwdb Final_Top_Level_0
TRACE::2023-11-13.02:00:28::SCWPlatform::Found the Hw Db part of the input DSA
TRACE::2023-11-13.02:00:28::SCWMssOS::Checking the sw design at  C:/Users/Abdullah/Downloads/ECE385/Final_Project/Final_Project_Vitis/Final_Top_Level/microblaze_0/standalone_microblaze_0/bsp/system.mss
TRACE::2023-11-13.02:00:28::SCWMssOS::DEBUG:  swdes dump  C:/Users/Abdullah/Downloads/ECE385/Final_Project/Final_Project_Vitis/Final_Top_Level/microblaze_0/standalone_microblaze_0/bsp/system.mss|system||

TRACE::2023-11-13.02:00:28::SCWMssOS::Sw design exists and opened at  C:/Users/Abdullah/Downloads/ECE385/Final_Project/Final_Project_Vitis/Final_Top_Level/microblaze_0/standalone_microblaze_0/bsp/system.mss
TRACE::2023-11-13.02:00:28::SCWMssOS::Saving the mss changes C:/Users/Abdullah/Downloads/ECE385/Final_Project/Final_Project_Vitis/Final_Top_Level/microblaze_0/standalone_microblaze_0/bsp/system.mss
TRACE::2023-11-13.02:00:28::SCWMssOS::Found a swdesign opened with the mssfile.
TRACE::2023-11-13.02:00:28::SCWMssOS::Completed writemss as part of save.
TRACE::2023-11-13.02:00:28::SCWMssOS::Commit changes completed.
TRACE::2023-11-13.02:00:28::SCWPlatform::Trying to open the hw design at C:/Users/Abdullah/Downloads/ECE385/Final_Project/Final_Project_Vitis/Final_Top_Level/hw/Final_Top_Level.xsa
TRACE::2023-11-13.02:00:28::SCWPlatform::DSA given C:/Users/Abdullah/Downloads/ECE385/Final_Project/Final_Project_Vitis/Final_Top_Level/hw/Final_Top_Level.xsa
TRACE::2023-11-13.02:00:28::SCWPlatform::DSA absoulate path C:/Users/Abdullah/Downloads/ECE385/Final_Project/Final_Project_Vitis/Final_Top_Level/hw/Final_Top_Level.xsa
TRACE::2023-11-13.02:00:28::SCWPlatform::DSA directory C:/Users/Abdullah/Downloads/ECE385/Final_Project/Final_Project_Vitis/Final_Top_Level/hw
TRACE::2023-11-13.02:00:28::SCWPlatform:: Platform Path C:/Users/Abdullah/Downloads/ECE385/Final_Project/Final_Project_Vitis/Final_Top_Level/hw/Final_Top_Level.xsa
TRACE::2023-11-13.02:00:28::SCWPlatform:: Unique name xilinx:::0.0
TRACE::2023-11-13.02:00:28::SCWPlatform::Trying to set the existing hwdb with name Final_Top_Level_0
TRACE::2023-11-13.02:00:28::SCWPlatform::Opened existing hwdb Final_Top_Level_0
TRACE::2023-11-13.02:00:28::SCWPlatform::Found the Hw Db part of the input DSA
TRACE::2023-11-13.02:00:28::SCWMssOS::Checking the sw design at  C:/Users/Abdullah/Downloads/ECE385/Final_Project/Final_Project_Vitis/Final_Top_Level/microblaze_0/standalone_microblaze_0/bsp/system.mss
TRACE::2023-11-13.02:00:28::SCWMssOS::DEBUG:  swdes dump  C:/Users/Abdullah/Downloads/ECE385/Final_Project/Final_Project_Vitis/Final_Top_Level/microblaze_0/standalone_microblaze_0/bsp/system.mss|system||

TRACE::2023-11-13.02:00:28::SCWMssOS::Sw design exists and opened at  C:/Users/Abdullah/Downloads/ECE385/Final_Project/Final_Project_Vitis/Final_Top_Level/microblaze_0/standalone_microblaze_0/bsp/system.mss
TRACE::2023-11-13.02:00:28::SCWPlatform::Trying to open the hw design at C:/Users/Abdullah/Downloads/ECE385/Final_Project/Final_Project_Vitis/Final_Top_Level/hw/Final_Top_Level.xsa
TRACE::2023-11-13.02:00:28::SCWPlatform::DSA given C:/Users/Abdullah/Downloads/ECE385/Final_Project/Final_Project_Vitis/Final_Top_Level/hw/Final_Top_Level.xsa
TRACE::2023-11-13.02:00:28::SCWPlatform::DSA absoulate path C:/Users/Abdullah/Downloads/ECE385/Final_Project/Final_Project_Vitis/Final_Top_Level/hw/Final_Top_Level.xsa
TRACE::2023-11-13.02:00:28::SCWPlatform::DSA directory C:/Users/Abdullah/Downloads/ECE385/Final_Project/Final_Project_Vitis/Final_Top_Level/hw
TRACE::2023-11-13.02:00:28::SCWPlatform:: Platform Path C:/Users/Abdullah/Downloads/ECE385/Final_Project/Final_Project_Vitis/Final_Top_Level/hw/Final_Top_Level.xsa
TRACE::2023-11-13.02:00:28::SCWPlatform:: Unique name xilinx:::0.0
TRACE::2023-11-13.02:00:28::SCWPlatform::Trying to set the existing hwdb with name Final_Top_Level_0
TRACE::2023-11-13.02:00:28::SCWPlatform::Opened existing hwdb Final_Top_Level_0
TRACE::2023-11-13.02:00:28::SCWPlatform::Found the Hw Db part of the input DSA
TRACE::2023-11-13.02:00:28::SCWMssOS::Checking the sw design at  C:/Users/Abdullah/Downloads/ECE385/Final_Project/Final_Project_Vitis/Final_Top_Level/microblaze_0/standalone_microblaze_0/bsp/system.mss
TRACE::2023-11-13.02:00:28::SCWMssOS::DEBUG:  swdes dump  C:/Users/Abdullah/Downloads/ECE385/Final_Project/Final_Project_Vitis/Final_Top_Level/microblaze_0/standalone_microblaze_0/bsp/system.mss|system||

TRACE::2023-11-13.02:00:28::SCWMssOS::Sw design exists and opened at  C:/Users/Abdullah/Downloads/ECE385/Final_Project/Final_Project_Vitis/Final_Top_Level/microblaze_0/standalone_microblaze_0/bsp/system.mss
TRACE::2023-11-13.02:00:28::SCWPlatform::Trying to open the hw design at C:/Users/Abdullah/Downloads/ECE385/Final_Project/Final_Project_Vitis/Final_Top_Level/hw/Final_Top_Level.xsa
TRACE::2023-11-13.02:00:28::SCWPlatform::DSA given C:/Users/Abdullah/Downloads/ECE385/Final_Project/Final_Project_Vitis/Final_Top_Level/hw/Final_Top_Level.xsa
TRACE::2023-11-13.02:00:28::SCWPlatform::DSA absoulate path C:/Users/Abdullah/Downloads/ECE385/Final_Project/Final_Project_Vitis/Final_Top_Level/hw/Final_Top_Level.xsa
TRACE::2023-11-13.02:00:28::SCWPlatform::DSA directory C:/Users/Abdullah/Downloads/ECE385/Final_Project/Final_Project_Vitis/Final_Top_Level/hw
TRACE::2023-11-13.02:00:28::SCWPlatform:: Platform Path C:/Users/Abdullah/Downloads/ECE385/Final_Project/Final_Project_Vitis/Final_Top_Level/hw/Final_Top_Level.xsa
TRACE::2023-11-13.02:00:28::SCWPlatform:: Unique name xilinx:::0.0
TRACE::2023-11-13.02:00:28::SCWPlatform::Trying to set the existing hwdb with name Final_Top_Level_0
TRACE::2023-11-13.02:00:28::SCWPlatform::Opened existing hwdb Final_Top_Level_0
TRACE::2023-11-13.02:00:28::SCWPlatform::Found the Hw Db part of the input DSA
TRACE::2023-11-13.02:00:28::SCWMssOS::Checking the sw design at  C:/Users/Abdullah/Downloads/ECE385/Final_Project/Final_Project_Vitis/Final_Top_Level/microblaze_0/standalone_microblaze_0/bsp/system.mss
TRACE::2023-11-13.02:00:28::SCWMssOS::DEBUG:  swdes dump  C:/Users/Abdullah/Downloads/ECE385/Final_Project/Final_Project_Vitis/Final_Top_Level/microblaze_0/standalone_microblaze_0/bsp/system.mss|system||

TRACE::2023-11-13.02:00:28::SCWMssOS::Sw design exists and opened at  C:/Users/Abdullah/Downloads/ECE385/Final_Project/Final_Project_Vitis/Final_Top_Level/microblaze_0/standalone_microblaze_0/bsp/system.mss
TRACE::2023-11-13.02:00:28::SCWWriter::formatted JSON is {
	"platformName":	"Final_Top_Level",
	"sprVersion":	"2.0",
	"mode":	"gui",
	"dsaType":	"Fixed",
	"platformDesc":	"Final_Top_Level",
	"platHandOff":	"C:/Users/Abdullah/Downloads/ECE385/Final_Project/Final_Top_Level.xsa",
	"platIntHandOff":	"<platformDir>/hw/Final_Top_Level.xsa",
	"deviceType":	"FPGA",
	"platIsPrebuiltAutogen":	"false",
	"platIsNoBootBsp":	"false",
	"hasFsblMakeHasChanges":	"false",
	"hasPmufwMakeHasChanges":	"false",
	"platPreBuiltFlag":	false,
	"platformSamplesDir":	"",
	"platActiveSys":	"Final_Top_Level",
	"systems":	[{
			"systemName":	"Final_Top_Level",
			"systemDesc":	"Final_Top_Level",
			"sysIsBootAutoGen":	"true",
			"systemDispName":	"Final_Top_Level",
			"sysActiveDom":	"standalone_microblaze_0",
			"sysDefaultDom":	"standalone_microblaze_0",
			"domains":	[{
					"domainName":	"standalone_microblaze_0",
					"domainDispName":	"standalone_microblaze_0",
					"domainDesc":	"standalone_microblaze_0",
					"processors":	"microblaze_0",
					"os":	"standalone",
					"sdxOs":	"standalone",
					"debugEnable":	"False",
					"domRuntimes":	["cpp"],
					"swRepo":	"",
					"mssOsVer":	"8.1",
					"mssFile":	"",
					"md5Digest":	"4dab0a0bc22ea278e5d8a06bb0361003",
					"compatibleApp":	"hello_world",
					"domType":	"mssDomain",
					"arch":	"32-bit",
					"appSettings":	{
						"appCompilerFlags":	"",
						"appLinkerFlags":	""
					},
					"addedLibs":	[],
					"libOptions":	{
						"libsContainingOptions":	[]
					},
					"prebuiltLibs":	{
						"prebuiltIncPath":	[],
						"prebuiltLibPath":	[]
					},
					"isolation":	{
					}
				}]
		}]
}
LOG::2023-11-13.02:00:28::SCWPlatform::Started generating the artifacts platform Final_Top_Level
TRACE::2023-11-13.02:00:28::SCWPlatform::Sanity checking of platform is completed
LOG::2023-11-13.02:00:28::SCWPlatform::Started generating the artifacts for system configuration Final_Top_Level
LOG::2023-11-13.02:00:28::SCWSystem::Started Processing the domain standalone_microblaze_0
TRACE::2023-11-13.02:00:28::SCWDomain::Generating domain artifcats
TRACE::2023-11-13.02:00:28::SCWMssOS::Generating standalone artifcats
TRACE::2023-11-13.02:00:28::SCWMssOS:: Copying the user libraries. 
TRACE::2023-11-13.02:00:28::SCWPlatform::Trying to open the hw design at C:/Users/Abdullah/Downloads/ECE385/Final_Project/Final_Project_Vitis/Final_Top_Level/hw/Final_Top_Level.xsa
TRACE::2023-11-13.02:00:28::SCWPlatform::DSA given C:/Users/Abdullah/Downloads/ECE385/Final_Project/Final_Project_Vitis/Final_Top_Level/hw/Final_Top_Level.xsa
TRACE::2023-11-13.02:00:28::SCWPlatform::DSA absoulate path C:/Users/Abdullah/Downloads/ECE385/Final_Project/Final_Project_Vitis/Final_Top_Level/hw/Final_Top_Level.xsa
TRACE::2023-11-13.02:00:28::SCWPlatform::DSA directory C:/Users/Abdullah/Downloads/ECE385/Final_Project/Final_Project_Vitis/Final_Top_Level/hw
TRACE::2023-11-13.02:00:28::SCWPlatform:: Platform Path C:/Users/Abdullah/Downloads/ECE385/Final_Project/Final_Project_Vitis/Final_Top_Level/hw/Final_Top_Level.xsa
TRACE::2023-11-13.02:00:28::SCWPlatform:: Unique name xilinx:::0.0
TRACE::2023-11-13.02:00:28::SCWPlatform::Trying to set the existing hwdb with name Final_Top_Level_0
TRACE::2023-11-13.02:00:28::SCWPlatform::Opened existing hwdb Final_Top_Level_0
TRACE::2023-11-13.02:00:28::SCWPlatform::Found the Hw Db part of the input DSA
TRACE::2023-11-13.02:00:28::SCWMssOS::Checking the sw design at  C:/Users/Abdullah/Downloads/ECE385/Final_Project/Final_Project_Vitis/Final_Top_Level/microblaze_0/standalone_microblaze_0/bsp/system.mss
TRACE::2023-11-13.02:00:28::SCWMssOS::DEBUG:  swdes dump  C:/Users/Abdullah/Downloads/ECE385/Final_Project/Final_Project_Vitis/Final_Top_Level/microblaze_0/standalone_microblaze_0/bsp/system.mss|system||

TRACE::2023-11-13.02:00:28::SCWMssOS::Sw design exists and opened at  C:/Users/Abdullah/Downloads/ECE385/Final_Project/Final_Project_Vitis/Final_Top_Level/microblaze_0/standalone_microblaze_0/bsp/system.mss
TRACE::2023-11-13.02:00:28::SCWMssOS::Completed writing the mss file at C:/Users/Abdullah/Downloads/ECE385/Final_Project/Final_Project_Vitis/Final_Top_Level/microblaze_0/standalone_microblaze_0/bsp
TRACE::2023-11-13.02:00:28::SCWMssOS::Mss edits present, copying mssfile into export location C:/Users/Abdullah/Downloads/ECE385/Final_Project/Final_Project_Vitis/Final_Top_Level/microblaze_0/standalone_microblaze_0/bsp/system.mss
TRACE::2023-11-13.02:00:28::SCWMssOS::bsp generated is upto date with the mss file. Skipping bsp generation.
TRACE::2023-11-13.02:00:28::SCWMssOS::BSP is already built. skipping the bsp build ... 
TRACE::2023-11-13.02:00:28::SCWDomain::Building the domain as part of full build :  standalone_microblaze_0
TRACE::2023-11-13.02:00:28::SCWMssOS::skipping the bsp build ... 
TRACE::2023-11-13.02:00:28::SCWMssOS::Copying to export directory.
TRACE::2023-11-13.02:00:28::SCWMssOS:: Checking if to create the Supporting Applications
TRACE::2023-11-13.02:00:28::SCWMssOS:: No Linux domain exists, trying to generate FSBL 
LOG::2023-11-13.02:00:28::SCWSystem::Completed Processing the domain standalone_microblaze_0
LOG::2023-11-13.02:00:28::SCWSystem::Completed Processing the sysconfig Final_Top_Level
LOG::2023-11-13.02:00:28::SCWPlatform::Completed generating the artifacts for system configuration Final_Top_Level
TRACE::2023-11-13.02:00:28::SCWPlatform::Started preparing the platform 
TRACE::2023-11-13.02:00:28::SCWSystem::Writing the bif file for system config Final_Top_Level
TRACE::2023-11-13.02:00:28::SCWSystem::dir created 
TRACE::2023-11-13.02:00:28::SCWSystem::Writing the bif 
TRACE::2023-11-13.02:00:28::SCWPlatform::Started writing the spfm file 
TRACE::2023-11-13.02:00:28::SCWPlatform::Started writing the xpfm file 
TRACE::2023-11-13.02:00:28::SCWPlatform::Completed generating the platform
TRACE::2023-11-13.02:00:28::SCWMssOS::Saving the mss changes C:/Users/Abdullah/Downloads/ECE385/Final_Project/Final_Project_Vitis/Final_Top_Level/microblaze_0/standalone_microblaze_0/bsp/system.mss
TRACE::2023-11-13.02:00:28::SCWMssOS::Found a swdesign opened with the mssfile.
TRACE::2023-11-13.02:00:28::SCWMssOS::Completed writemss as part of save.
TRACE::2023-11-13.02:00:28::SCWMssOS::Commit changes completed.
TRACE::2023-11-13.02:00:28::SCWPlatform::Trying to open the hw design at C:/Users/Abdullah/Downloads/ECE385/Final_Project/Final_Project_Vitis/Final_Top_Level/hw/Final_Top_Level.xsa
TRACE::2023-11-13.02:00:28::SCWPlatform::DSA given C:/Users/Abdullah/Downloads/ECE385/Final_Project/Final_Project_Vitis/Final_Top_Level/hw/Final_Top_Level.xsa
TRACE::2023-11-13.02:00:28::SCWPlatform::DSA absoulate path C:/Users/Abdullah/Downloads/ECE385/Final_Project/Final_Project_Vitis/Final_Top_Level/hw/Final_Top_Level.xsa
TRACE::2023-11-13.02:00:28::SCWPlatform::DSA directory C:/Users/Abdullah/Downloads/ECE385/Final_Project/Final_Project_Vitis/Final_Top_Level/hw
TRACE::2023-11-13.02:00:28::SCWPlatform:: Platform Path C:/Users/Abdullah/Downloads/ECE385/Final_Project/Final_Project_Vitis/Final_Top_Level/hw/Final_Top_Level.xsa
TRACE::2023-11-13.02:00:28::SCWPlatform:: Unique name xilinx:::0.0
TRACE::2023-11-13.02:00:28::SCWPlatform::Trying to set the existing hwdb with name Final_Top_Level_0
TRACE::2023-11-13.02:00:28::SCWPlatform::Opened existing hwdb Final_Top_Level_0
TRACE::2023-11-13.02:00:28::SCWPlatform::Found the Hw Db part of the input DSA
TRACE::2023-11-13.02:00:28::SCWMssOS::Checking the sw design at  C:/Users/Abdullah/Downloads/ECE385/Final_Project/Final_Project_Vitis/Final_Top_Level/microblaze_0/standalone_microblaze_0/bsp/system.mss
TRACE::2023-11-13.02:00:28::SCWMssOS::DEBUG:  swdes dump  C:/Users/Abdullah/Downloads/ECE385/Final_Project/Final_Project_Vitis/Final_Top_Level/microblaze_0/standalone_microblaze_0/bsp/system.mss|system||

TRACE::2023-11-13.02:00:28::SCWMssOS::Sw design exists and opened at  C:/Users/Abdullah/Downloads/ECE385/Final_Project/Final_Project_Vitis/Final_Top_Level/microblaze_0/standalone_microblaze_0/bsp/system.mss
TRACE::2023-11-13.02:00:28::SCWPlatform::Trying to open the hw design at C:/Users/Abdullah/Downloads/ECE385/Final_Project/Final_Project_Vitis/Final_Top_Level/hw/Final_Top_Level.xsa
TRACE::2023-11-13.02:00:28::SCWPlatform::DSA given C:/Users/Abdullah/Downloads/ECE385/Final_Project/Final_Project_Vitis/Final_Top_Level/hw/Final_Top_Level.xsa
TRACE::2023-11-13.02:00:28::SCWPlatform::DSA absoulate path C:/Users/Abdullah/Downloads/ECE385/Final_Project/Final_Project_Vitis/Final_Top_Level/hw/Final_Top_Level.xsa
TRACE::2023-11-13.02:00:28::SCWPlatform::DSA directory C:/Users/Abdullah/Downloads/ECE385/Final_Project/Final_Project_Vitis/Final_Top_Level/hw
TRACE::2023-11-13.02:00:28::SCWPlatform:: Platform Path C:/Users/Abdullah/Downloads/ECE385/Final_Project/Final_Project_Vitis/Final_Top_Level/hw/Final_Top_Level.xsa
TRACE::2023-11-13.02:00:28::SCWPlatform:: Unique name xilinx:::0.0
TRACE::2023-11-13.02:00:28::SCWPlatform::Trying to set the existing hwdb with name Final_Top_Level_0
TRACE::2023-11-13.02:00:28::SCWPlatform::Opened existing hwdb Final_Top_Level_0
TRACE::2023-11-13.02:00:28::SCWPlatform::Found the Hw Db part of the input DSA
TRACE::2023-11-13.02:00:28::SCWMssOS::Checking the sw design at  C:/Users/Abdullah/Downloads/ECE385/Final_Project/Final_Project_Vitis/Final_Top_Level/microblaze_0/standalone_microblaze_0/bsp/system.mss
TRACE::2023-11-13.02:00:28::SCWMssOS::DEBUG:  swdes dump  C:/Users/Abdullah/Downloads/ECE385/Final_Project/Final_Project_Vitis/Final_Top_Level/microblaze_0/standalone_microblaze_0/bsp/system.mss|system||

TRACE::2023-11-13.02:00:28::SCWMssOS::Sw design exists and opened at  C:/Users/Abdullah/Downloads/ECE385/Final_Project/Final_Project_Vitis/Final_Top_Level/microblaze_0/standalone_microblaze_0/bsp/system.mss
TRACE::2023-11-13.02:00:28::SCWPlatform::Trying to open the hw design at C:/Users/Abdullah/Downloads/ECE385/Final_Project/Final_Project_Vitis/Final_Top_Level/hw/Final_Top_Level.xsa
TRACE::2023-11-13.02:00:28::SCWPlatform::DSA given C:/Users/Abdullah/Downloads/ECE385/Final_Project/Final_Project_Vitis/Final_Top_Level/hw/Final_Top_Level.xsa
TRACE::2023-11-13.02:00:28::SCWPlatform::DSA absoulate path C:/Users/Abdullah/Downloads/ECE385/Final_Project/Final_Project_Vitis/Final_Top_Level/hw/Final_Top_Level.xsa
TRACE::2023-11-13.02:00:28::SCWPlatform::DSA directory C:/Users/Abdullah/Downloads/ECE385/Final_Project/Final_Project_Vitis/Final_Top_Level/hw
TRACE::2023-11-13.02:00:28::SCWPlatform:: Platform Path C:/Users/Abdullah/Downloads/ECE385/Final_Project/Final_Project_Vitis/Final_Top_Level/hw/Final_Top_Level.xsa
TRACE::2023-11-13.02:00:28::SCWPlatform:: Unique name xilinx:::0.0
TRACE::2023-11-13.02:00:28::SCWPlatform::Trying to set the existing hwdb with name Final_Top_Level_0
TRACE::2023-11-13.02:00:28::SCWPlatform::Opened existing hwdb Final_Top_Level_0
TRACE::2023-11-13.02:00:28::SCWPlatform::Found the Hw Db part of the input DSA
TRACE::2023-11-13.02:00:28::SCWMssOS::Checking the sw design at  C:/Users/Abdullah/Downloads/ECE385/Final_Project/Final_Project_Vitis/Final_Top_Level/microblaze_0/standalone_microblaze_0/bsp/system.mss
TRACE::2023-11-13.02:00:28::SCWMssOS::DEBUG:  swdes dump  C:/Users/Abdullah/Downloads/ECE385/Final_Project/Final_Project_Vitis/Final_Top_Level/microblaze_0/standalone_microblaze_0/bsp/system.mss|system||

TRACE::2023-11-13.02:00:28::SCWMssOS::Sw design exists and opened at  C:/Users/Abdullah/Downloads/ECE385/Final_Project/Final_Project_Vitis/Final_Top_Level/microblaze_0/standalone_microblaze_0/bsp/system.mss
TRACE::2023-11-13.02:00:28::SCWWriter::formatted JSON is {
	"platformName":	"Final_Top_Level",
	"sprVersion":	"2.0",
	"mode":	"gui",
	"dsaType":	"Fixed",
	"platformDesc":	"Final_Top_Level",
	"platHandOff":	"C:/Users/Abdullah/Downloads/ECE385/Final_Project/Final_Top_Level.xsa",
	"platIntHandOff":	"<platformDir>/hw/Final_Top_Level.xsa",
	"deviceType":	"FPGA",
	"platIsPrebuiltAutogen":	"false",
	"platIsNoBootBsp":	"false",
	"hasFsblMakeHasChanges":	"false",
	"hasPmufwMakeHasChanges":	"false",
	"platPreBuiltFlag":	false,
	"platformSamplesDir":	"",
	"platActiveSys":	"Final_Top_Level",
	"systems":	[{
			"systemName":	"Final_Top_Level",
			"systemDesc":	"Final_Top_Level",
			"sysIsBootAutoGen":	"true",
			"systemDispName":	"Final_Top_Level",
			"sysActiveDom":	"standalone_microblaze_0",
			"sysDefaultDom":	"standalone_microblaze_0",
			"domains":	[{
					"domainName":	"standalone_microblaze_0",
					"domainDispName":	"standalone_microblaze_0",
					"domainDesc":	"standalone_microblaze_0",
					"processors":	"microblaze_0",
					"os":	"standalone",
					"sdxOs":	"standalone",
					"debugEnable":	"False",
					"domRuntimes":	["cpp"],
					"swRepo":	"",
					"mssOsVer":	"8.1",
					"mssFile":	"",
					"md5Digest":	"4dab0a0bc22ea278e5d8a06bb0361003",
					"compatibleApp":	"hello_world",
					"domType":	"mssDomain",
					"arch":	"32-bit",
					"appSettings":	{
						"appCompilerFlags":	"",
						"appLinkerFlags":	""
					},
					"addedLibs":	[],
					"libOptions":	{
						"libsContainingOptions":	[]
					},
					"prebuiltLibs":	{
						"prebuiltIncPath":	[],
						"prebuiltLibPath":	[]
					},
					"isolation":	{
					}
				}]
		}]
}
KEYINFO::2023-11-13.02:00:28::SCWPlatform::updated the xpfm file.
LOG::2023-11-13.02:02:46::SCWPlatform::Started generating the artifacts platform Final_Top_Level
TRACE::2023-11-13.02:02:46::SCWPlatform::Sanity checking of platform is completed
LOG::2023-11-13.02:02:46::SCWPlatform::Started generating the artifacts for system configuration Final_Top_Level
LOG::2023-11-13.02:02:46::SCWSystem::Checking the domain standalone_microblaze_0
LOG::2023-11-13.02:02:46::SCWSystem::Not a boot domain 
LOG::2023-11-13.02:02:46::SCWSystem::Started Processing the domain standalone_microblaze_0
TRACE::2023-11-13.02:02:46::SCWDomain::Generating domain artifcats
TRACE::2023-11-13.02:02:46::SCWMssOS::Generating standalone artifcats
TRACE::2023-11-13.02:02:46::SCWMssOS:: Copying the user libraries. 
TRACE::2023-11-13.02:02:46::SCWPlatform::Trying to open the hw design at C:/Users/Abdullah/Downloads/ECE385/Final_Project/Final_Project_Vitis/Final_Top_Level/hw/Final_Top_Level.xsa
TRACE::2023-11-13.02:02:46::SCWPlatform::DSA given C:/Users/Abdullah/Downloads/ECE385/Final_Project/Final_Project_Vitis/Final_Top_Level/hw/Final_Top_Level.xsa
TRACE::2023-11-13.02:02:46::SCWPlatform::DSA absoulate path C:/Users/Abdullah/Downloads/ECE385/Final_Project/Final_Project_Vitis/Final_Top_Level/hw/Final_Top_Level.xsa
TRACE::2023-11-13.02:02:46::SCWPlatform::DSA directory C:/Users/Abdullah/Downloads/ECE385/Final_Project/Final_Project_Vitis/Final_Top_Level/hw
TRACE::2023-11-13.02:02:46::SCWPlatform:: Platform Path C:/Users/Abdullah/Downloads/ECE385/Final_Project/Final_Project_Vitis/Final_Top_Level/hw/Final_Top_Level.xsa
TRACE::2023-11-13.02:02:46::SCWPlatform:: Unique name xilinx:::0.0
TRACE::2023-11-13.02:02:46::SCWPlatform::Trying to set the existing hwdb with name Final_Top_Level_0
TRACE::2023-11-13.02:02:46::SCWPlatform::Opened existing hwdb Final_Top_Level_0
TRACE::2023-11-13.02:02:46::SCWPlatform::Found the Hw Db part of the input DSA
TRACE::2023-11-13.02:02:46::SCWMssOS::Checking the sw design at  C:/Users/Abdullah/Downloads/ECE385/Final_Project/Final_Project_Vitis/Final_Top_Level/microblaze_0/standalone_microblaze_0/bsp/system.mss
TRACE::2023-11-13.02:02:46::SCWMssOS::DEBUG:  swdes dump  C:/Users/Abdullah/Downloads/ECE385/Final_Project/Final_Project_Vitis/Final_Top_Level/microblaze_0/standalone_microblaze_0/bsp/system.mss|system||

TRACE::2023-11-13.02:02:46::SCWMssOS::Sw design exists and opened at  C:/Users/Abdullah/Downloads/ECE385/Final_Project/Final_Project_Vitis/Final_Top_Level/microblaze_0/standalone_microblaze_0/bsp/system.mss
TRACE::2023-11-13.02:02:46::SCWMssOS::Completed writing the mss file at C:/Users/Abdullah/Downloads/ECE385/Final_Project/Final_Project_Vitis/Final_Top_Level/microblaze_0/standalone_microblaze_0/bsp
TRACE::2023-11-13.02:02:46::SCWMssOS::Mss edits present, copying mssfile into export location C:/Users/Abdullah/Downloads/ECE385/Final_Project/Final_Project_Vitis/Final_Top_Level/microblaze_0/standalone_microblaze_0/bsp/system.mss
TRACE::2023-11-13.02:02:46::SCWMssOS::bsp generated is upto date with the mss file. Skipping bsp generation.
TRACE::2023-11-13.02:02:46::SCWMssOS::BSP is already built. skipping the bsp build ... 
TRACE::2023-11-13.02:02:46::SCWDomain::Building the domain as part of full build :  standalone_microblaze_0
TRACE::2023-11-13.02:02:46::SCWMssOS::doing bsp build ... 
TRACE::2023-11-13.02:02:46::SCWMssOS::System Command Ran  C: & cd  C:/Users/Abdullah/Downloads/ECE385/Final_Project/Final_Project_Vitis/Final_Top_Level/microblaze_0/standalone_microblaze_0/bsp & make 
TRACE::2023-11-13.02:02:46::SCWMssOS::make --no-print-directory seq_libs

TRACE::2023-11-13.02:02:46::SCWMssOS::'Finished building libraries sequentially.'

TRACE::2023-11-13.02:02:46::SCWMssOS::make -j 14 --no-print-directory par_libs

TRACE::2023-11-13.02:02:46::SCWMssOS::"Running Make include in microblaze_0/libsrc/bram_v4_8/src"

TRACE::2023-11-13.02:02:46::SCWMssOS::make -C microblaze_0/libsrc/bram_v4_8/src -s include  "SHELL=CMD" "COMPILER=mb-gcc" "ASSEMBLER=mb-as" "ARCHIVER=mb-ar" "COMPILE
TRACE::2023-11-13.02:02:46::SCWMssOS::R_FLAGS=  -O2 -c -mcpu=v11.0 -mlittle-endian -mno-xl-reorder -mno-xl-soft-mul -mxl-barrel-shift -mxl-pattern-compare" "EXTRA_CO
TRACE::2023-11-13.02:02:46::SCWMssOS::MPILER_FLAGS=-g -ffunction-sections -fdata-sections -Wall -Wextra -fno-tree-loop-distribute-patterns"

TRACE::2023-11-13.02:02:46::SCWMssOS::"Running Make include in microblaze_0/libsrc/cpu_v2_17/src"

TRACE::2023-11-13.02:02:46::SCWMssOS::make -C microblaze_0/libsrc/cpu_v2_17/src -s include  "SHELL=CMD" "COMPILER=mb-gcc" "ASSEMBLER=mb-as" "ARCHIVER=mb-ar" "COMPILE
TRACE::2023-11-13.02:02:46::SCWMssOS::R_FLAGS=  -O2 -c -mcpu=v11.0 -mlittle-endian -mno-xl-reorder -mno-xl-soft-mul -mxl-barrel-shift -mxl-pattern-compare" "EXTRA_CO
TRACE::2023-11-13.02:02:46::SCWMssOS::MPILER_FLAGS=-g -ffunction-sections -fdata-sections -Wall -Wextra -fno-tree-loop-distribute-patterns"

TRACE::2023-11-13.02:02:46::SCWMssOS::"Running Make include in microblaze_0/libsrc/gpio_v4_9/src"

TRACE::2023-11-13.02:02:46::SCWMssOS::make -C microblaze_0/libsrc/gpio_v4_9/src -s include  "SHELL=CMD" "COMPILER=mb-gcc" "ASSEMBLER=mb-as" "ARCHIVER=mb-ar" "COMPILE
TRACE::2023-11-13.02:02:46::SCWMssOS::R_FLAGS=  -O2 -c -mcpu=v11.0 -mlittle-endian -mno-xl-reorder -mno-xl-soft-mul -mxl-barrel-shift -mxl-pattern-compare" "EXTRA_CO
TRACE::2023-11-13.02:02:46::SCWMssOS::MPILER_FLAGS=-g -ffunction-sections -fdata-sections -Wall -Wextra -fno-tree-loop-distribute-patterns"

TRACE::2023-11-13.02:02:46::SCWMssOS::"Running Make include in microblaze_0/libsrc/intc_v3_16/src"

TRACE::2023-11-13.02:02:46::SCWMssOS::make -C microblaze_0/libsrc/intc_v3_16/src -s include  "SHELL=CMD" "COMPILER=mb-gcc" "ASSEMBLER=mb-as" "ARCHIVER=mb-ar" "COMPIL
TRACE::2023-11-13.02:02:46::SCWMssOS::ER_FLAGS=  -O2 -c -mcpu=v11.0 -mlittle-endian -mno-xl-reorder -mno-xl-soft-mul -mxl-barrel-shift -mxl-pattern-compare" "EXTRA_C
TRACE::2023-11-13.02:02:46::SCWMssOS::OMPILER_FLAGS=-g -ffunction-sections -fdata-sections -Wall -Wextra -fno-tree-loop-distribute-patterns"

TRACE::2023-11-13.02:02:46::SCWMssOS::"Running Make include in microblaze_0/libsrc/spi_v4_10/src"

TRACE::2023-11-13.02:02:46::SCWMssOS::make -C microblaze_0/libsrc/spi_v4_10/src -s include  "SHELL=CMD" "COMPILER=mb-gcc" "ASSEMBLER=mb-as" "ARCHIVER=mb-ar" "COMPILE
TRACE::2023-11-13.02:02:46::SCWMssOS::R_FLAGS=  -O2 -c -mcpu=v11.0 -mlittle-endian -mno-xl-reorder -mno-xl-soft-mul -mxl-barrel-shift -mxl-pattern-compare" "EXTRA_CO
TRACE::2023-11-13.02:02:46::SCWMssOS::MPILER_FLAGS=-g -ffunction-sections -fdata-sections -Wall -Wextra -fno-tree-loop-distribute-patterns"

TRACE::2023-11-13.02:02:46::SCWMssOS::"Running Make include in microblaze_0/libsrc/standalone_v8_1/src"

TRACE::2023-11-13.02:02:46::SCWMssOS::make -C microblaze_0/libsrc/standalone_v8_1/src -s include  "SHELL=CMD" "COMPILER=mb-gcc" "ASSEMBLER=mb-as" "ARCHIVER=mb-ar" "C
TRACE::2023-11-13.02:02:46::SCWMssOS::OMPILER_FLAGS=  -O2 -c -mcpu=v11.0 -mlittle-endian -mno-xl-reorder -mno-xl-soft-mul -mxl-barrel-shift -mxl-pattern-compare" "EX
TRACE::2023-11-13.02:02:46::SCWMssOS::TRA_COMPILER_FLAGS=-g -ffunction-sections -fdata-sections -Wall -Wextra -fno-tree-loop-distribute-patterns"

TRACE::2023-11-13.02:02:46::SCWMssOS::"Running Make include in microblaze_0/libsrc/tmrctr_v4_10/src"

TRACE::2023-11-13.02:02:46::SCWMssOS::make -C microblaze_0/libsrc/tmrctr_v4_10/src -s include  "SHELL=CMD" "COMPILER=mb-gcc" "ASSEMBLER=mb-as" "ARCHIVER=mb-ar" "COMP
TRACE::2023-11-13.02:02:46::SCWMssOS::ILER_FLAGS=  -O2 -c -mcpu=v11.0 -mlittle-endian -mno-xl-reorder -mno-xl-soft-mul -mxl-barrel-shift -mxl-pattern-compare" "EXTRA
TRACE::2023-11-13.02:02:46::SCWMssOS::_COMPILER_FLAGS=-g -ffunction-sections -fdata-sections -Wall -Wextra -fno-tree-loop-distribute-patterns"

TRACE::2023-11-13.02:02:46::SCWMssOS::"Running Make include in microblaze_0/libsrc/uartlite_v3_8/src"

TRACE::2023-11-13.02:02:46::SCWMssOS::make -C microblaze_0/libsrc/uartlite_v3_8/src -s include  "SHELL=CMD" "COMPILER=mb-gcc" "ASSEMBLER=mb-as" "ARCHIVER=mb-ar" "COM
TRACE::2023-11-13.02:02:46::SCWMssOS::PILER_FLAGS=  -O2 -c -mcpu=v11.0 -mlittle-endian -mno-xl-reorder -mno-xl-soft-mul -mxl-barrel-shift -mxl-pattern-compare" "EXTR
TRACE::2023-11-13.02:02:46::SCWMssOS::A_COMPILER_FLAGS=-g -ffunction-sections -fdata-sections -Wall -Wextra -fno-tree-loop-distribute-patterns"

TRACE::2023-11-13.02:02:46::SCWMssOS::"Running Make libs in microblaze_0/libsrc/bram_v4_8/src"

TRACE::2023-11-13.02:02:46::SCWMssOS::make -C microblaze_0/libsrc/bram_v4_8/src -s libs  "SHELL=CMD" "COMPILER=mb-gcc" "ASSEMBLER=mb-as" "ARCHIVER=mb-ar" "COMPILER_F
TRACE::2023-11-13.02:02:46::SCWMssOS::LAGS=  -O2 -c -mcpu=v11.0 -mlittle-endian -mno-xl-reorder -mno-xl-soft-mul -mxl-barrel-shift -mxl-pattern-compare" "EXTRA_COMPI
TRACE::2023-11-13.02:02:46::SCWMssOS::LER_FLAGS=-g -ffunction-sections -fdata-sections -Wall -Wextra -fno-tree-loop-distribute-patterns"

TRACE::2023-11-13.02:02:46::SCWMssOS::"Running Make libs in microblaze_0/libsrc/cpu_v2_17/src"

TRACE::2023-11-13.02:02:46::SCWMssOS::make -C microblaze_0/libsrc/cpu_v2_17/src -s libs  "SHELL=CMD" "COMPILER=mb-gcc" "ASSEMBLER=mb-as" "ARCHIVER=mb-ar" "COMPILER_F
TRACE::2023-11-13.02:02:46::SCWMssOS::LAGS=  -O2 -c -mcpu=v11.0 -mlittle-endian -mno-xl-reorder -mno-xl-soft-mul -mxl-barrel-shift -mxl-pattern-compare" "EXTRA_COMPI
TRACE::2023-11-13.02:02:46::SCWMssOS::LER_FLAGS=-g -ffunction-sections -fdata-sections -Wall -Wextra -fno-tree-loop-distribute-patterns"

TRACE::2023-11-13.02:02:46::SCWMssOS::"Running Make libs in microblaze_0/libsrc/gpio_v4_9/src"

TRACE::2023-11-13.02:02:46::SCWMssOS::make -C microblaze_0/libsrc/gpio_v4_9/src -s libs  "SHELL=CMD" "COMPILER=mb-gcc" "ASSEMBLER=mb-as" "ARCHIVER=mb-ar" "COMPILER_F
TRACE::2023-11-13.02:02:46::SCWMssOS::LAGS=  -O2 -c -mcpu=v11.0 -mlittle-endian -mno-xl-reorder -mno-xl-soft-mul -mxl-barrel-shift -mxl-pattern-compare" "EXTRA_COMPI
TRACE::2023-11-13.02:02:46::SCWMssOS::LER_FLAGS=-g -ffunction-sections -fdata-sections -Wall -Wextra -fno-tree-loop-distribute-patterns"

TRACE::2023-11-13.02:02:46::SCWMssOS::"Running Make libs in microblaze_0/libsrc/intc_v3_16/src"

TRACE::2023-11-13.02:02:46::SCWMssOS::make -C microblaze_0/libsrc/intc_v3_16/src -s libs  "SHELL=CMD" "COMPILER=mb-gcc" "ASSEMBLER=mb-as" "ARCHIVER=mb-ar" "COMPILER_
TRACE::2023-11-13.02:02:46::SCWMssOS::FLAGS=  -O2 -c -mcpu=v11.0 -mlittle-endian -mno-xl-reorder -mno-xl-soft-mul -mxl-barrel-shift -mxl-pattern-compare" "EXTRA_COMP
TRACE::2023-11-13.02:02:46::SCWMssOS::ILER_FLAGS=-g -ffunction-sections -fdata-sections -Wall -Wextra -fno-tree-loop-distribute-patterns"

TRACE::2023-11-13.02:02:46::SCWMssOS::"Running Make libs in microblaze_0/libsrc/spi_v4_10/src"

TRACE::2023-11-13.02:02:46::SCWMssOS::make -C microblaze_0/libsrc/spi_v4_10/src -s libs  "SHELL=CMD" "COMPILER=mb-gcc" "ASSEMBLER=mb-as" "ARCHIVER=mb-ar" "COMPILER_F
TRACE::2023-11-13.02:02:46::SCWMssOS::LAGS=  -O2 -c -mcpu=v11.0 -mlittle-endian -mno-xl-reorder -mno-xl-soft-mul -mxl-barrel-shift -mxl-pattern-compare" "EXTRA_COMPI
TRACE::2023-11-13.02:02:46::SCWMssOS::LER_FLAGS=-g -ffunction-sections -fdata-sections -Wall -Wextra -fno-tree-loop-distribute-patterns"

TRACE::2023-11-13.02:02:46::SCWMssOS::"Running Make libs in microblaze_0/libsrc/standalone_v8_1/src"

TRACE::2023-11-13.02:02:46::SCWMssOS::make -C microblaze_0/libsrc/standalone_v8_1/src -s libs  "SHELL=CMD" "COMPILER=mb-gcc" "ASSEMBLER=mb-as" "ARCHIVER=mb-ar" "COMP
TRACE::2023-11-13.02:02:46::SCWMssOS::ILER_FLAGS=  -O2 -c -mcpu=v11.0 -mlittle-endian -mno-xl-reorder -mno-xl-soft-mul -mxl-barrel-shift -mxl-pattern-compare" "EXTRA
TRACE::2023-11-13.02:02:46::SCWMssOS::_COMPILER_FLAGS=-g -ffunction-sections -fdata-sections -Wall -Wextra -fno-tree-loop-distribute-patterns"

TRACE::2023-11-13.02:02:47::SCWMssOS::"Running Make libs in microblaze_0/libsrc/tmrctr_v4_10/src"

TRACE::2023-11-13.02:02:47::SCWMssOS::make -C microblaze_0/libsrc/tmrctr_v4_10/src -s libs  "SHELL=CMD" "COMPILER=mb-gcc" "ASSEMBLER=mb-as" "ARCHIVER=mb-ar" "COMPILE
TRACE::2023-11-13.02:02:47::SCWMssOS::R_FLAGS=  -O2 -c -mcpu=v11.0 -mlittle-endian -mno-xl-reorder -mno-xl-soft-mul -mxl-barrel-shift -mxl-pattern-compare" "EXTRA_CO
TRACE::2023-11-13.02:02:47::SCWMssOS::MPILER_FLAGS=-g -ffunction-sections -fdata-sections -Wall -Wextra -fno-tree-loop-distribute-patterns"

TRACE::2023-11-13.02:02:47::SCWMssOS::"Running Make libs in microblaze_0/libsrc/uartlite_v3_8/src"

TRACE::2023-11-13.02:02:47::SCWMssOS::make -C microblaze_0/libsrc/uartlite_v3_8/src -s libs  "SHELL=CMD" "COMPILER=mb-gcc" "ASSEMBLER=mb-as" "ARCHIVER=mb-ar" "COMPIL
TRACE::2023-11-13.02:02:47::SCWMssOS::ER_FLAGS=  -O2 -c -mcpu=v11.0 -mlittle-endian -mno-xl-reorder -mno-xl-soft-mul -mxl-barrel-shift -mxl-pattern-compare" "EXTRA_C
TRACE::2023-11-13.02:02:47::SCWMssOS::OMPILER_FLAGS=-g -ffunction-sections -fdata-sections -Wall -Wextra -fno-tree-loop-distribute-patterns"

TRACE::2023-11-13.02:02:47::SCWMssOS::"DEBUG NON_LTO_OBJECTS is ../../../lib/microblaze_interrupt_handler.o"

TRACE::2023-11-13.02:02:47::SCWMssOS::'Finished building libraries parallelly.'

TRACE::2023-11-13.02:02:47::SCWMssOS::make --no-print-directory archive

TRACE::2023-11-13.02:02:47::SCWMssOS::mb-ar -r  microblaze_0/lib/libxil.a microblaze_0/lib/_exit.o microblaze_0/lib/errno.o microblaze_0/lib/fcntl.o microblaze_0/lib
TRACE::2023-11-13.02:02:47::SCWMssOS::/hw_exception_handler.o microblaze_0/lib/inbyte.o microblaze_0/lib/microblaze_disable_dcache.o microblaze_0/lib/microblaze_disa
TRACE::2023-11-13.02:02:47::SCWMssOS::ble_exceptions.o microblaze_0/lib/microblaze_disable_icache.o microblaze_0/lib/microblaze_disable_interrupts.o microblaze_0/lib
TRACE::2023-11-13.02:02:47::SCWMssOS::/microblaze_enable_dcache.o microblaze_0/lib/microblaze_enable_exceptions.o microblaze_0/lib/microblaze_enable_icache.o microbl
TRACE::2023-11-13.02:02:47::SCWMssOS::aze_0/lib/microblaze_enable_interrupts.o microblaze_0/lib/microblaze_exception_handler.o microblaze_0/lib/microblaze_flush_cach
TRACE::2023-11-13.02:02:47::SCWMssOS::e_ext.o microblaze_0/lib/microblaze_flush_cache_ext_range.o microblaze_0/lib/microblaze_flush_dcache.o microblaze_0/lib/microbl
TRACE::2023-11-13.02:02:47::SCWMssOS::aze_flush_dcache_range.o microblaze_0/lib/microblaze_init_dcache_range.o microblaze_0/lib/microblaze_init_icache_range.o microb
TRACE::2023-11-13.02:02:47::SCWMssOS::laze_0/lib/microblaze_interrupt_handler.o microblaze_0/lib/microblaze_interrupts_g.o microblaze_0/lib/microblaze_invalidate_cac
TRACE::2023-11-13.02:02:47::SCWMssOS::he_ext.o microblaze_0/lib/microblaze_invalidate_cache_ext_range.o microblaze_0/lib/microblaze_invalidate_dcache.o microblaze_0/
TRACE::2023-11-13.02:02:47::SCWMssOS::lib/microblaze_invalidate_dcache_range.o microblaze_0/lib/microblaze_invalidate_icache.o microblaze_0/lib/microblaze_invalidate
TRACE::2023-11-13.02:02:47::SCWMssOS::_icache_range.o microblaze_0/lib/microblaze_scrub.o microblaze_0/lib/microblaze_selftest.o microblaze_0/lib/microblaze_sleep.o 
TRACE::2023-11-13.02:02:47::SCWMssOS::microblaze_0/lib/microblaze_update_dcache.o microblaze_0/lib/microblaze_update_icache.o microblaze_0/lib/outbyte.o microblaze_0
TRACE::2023-11-13.02:02:47::SCWMssOS::/lib/print.o microblaze_0/lib/pvr.o microblaze_0/lib/xbram.o microblaze_0/lib/xbram_g.o microblaze_0/lib/xbram_intr.o microblaz
TRACE::2023-11-13.02:02:47::SCWMssOS::e_0/lib/xbram_selftest.o microblaze_0/lib/xbram_sinit.o microblaze_0/lib/xgpio.o microblaze_0/lib/xgpio_extra.o microblaze_0/li
TRACE::2023-11-13.02:02:47::SCWMssOS::b/xgpio_g.o microblaze_0/lib/xgpio_intr.o microblaze_0/lib/xgpio_selftest.o microblaze_0/lib/xgpio_sinit.o microblaze_0/lib/xil
TRACE::2023-11-13.02:02:47::SCWMssOS::_assert.o microblaze_0/lib/xil_cache.o microblaze_0/lib/xil_clocking.o microblaze_0/lib/xil_exception.o microblaze_0/lib/xil_me
TRACE::2023-11-13.02:02:47::SCWMssOS::m.o microblaze_0/lib/xil_misc_psreset_api.o microblaze_0/lib/xil_printf.o microblaze_0/lib/xil_sleepcommon.o microblaze_0/lib/x
TRACE::2023-11-13.02:02:47::SCWMssOS::il_testcache.o microblaze_0/lib/xil_testio.o microblaze_0/lib/xil_testmem.o microblaze_0/lib/xil_util.o microblaze_0/lib/xintc.
TRACE::2023-11-13.02:02:47::SCWMssOS::o microblaze_0/lib/xintc_g.o microblaze_0/lib/xintc_intr.o microblaze_0/lib/xintc_l.o microblaze_0/lib/xintc_options.o microbla
TRACE::2023-11-13.02:02:47::SCWMssOS::ze_0/lib/xintc_selftest.o microblaze_0/lib/xinterrupt_wrap.o microblaze_0/lib/xio.o microblaze_0/lib/xplatform_info.o microblaz
TRACE::2023-11-13.02:02:47::SCWMssOS::e_0/lib/xspi.o microblaze_0/lib/xspi_g.o microblaze_0/lib/xspi_options.o microblaze_0/lib/xspi_selftest.o microblaze_0/lib/xspi
TRACE::2023-11-13.02:02:47::SCWMssOS::_sinit.o microblaze_0/lib/xspi_stats.o microblaze_0/lib/xtmrctr.o microblaze_0/lib/xtmrctr_g.o microblaze_0/lib/xtmrctr_intr.o 
TRACE::2023-11-13.02:02:47::SCWMssOS::microblaze_0/lib/xtmrctr_l.o microblaze_0/lib/xtmrctr_options.o microblaze_0/lib/xtmrctr_selftest.o microblaze_0/lib/xtmrctr_si
TRACE::2023-11-13.02:02:47::SCWMssOS::nit.o microblaze_0/lib/xtmrctr_stats.o microblaze_0/lib/xuartlite.o microblaze_0/lib/xuartlite_g.o microblaze_0/lib/xuartlite_i
TRACE::2023-11-13.02:02:47::SCWMssOS::ntr.o microblaze_0/lib/xuartlite_l.o microblaze_0/lib/xuartlite_selftest.o microblaze_0/lib/xuartlite_sinit.o microblaze_0/lib/
TRACE::2023-11-13.02:02:47::SCWMssOS::xuartlite_stats.o

TRACE::2023-11-13.02:02:48::SCWMssOS::'Finished building libraries'

TRACE::2023-11-13.02:02:48::SCWMssOS::Copying to export directory.
TRACE::2023-11-13.02:02:48::SCWMssOS:: Checking if to create the Supporting Applications
TRACE::2023-11-13.02:02:48::SCWMssOS:: No Linux domain exists, trying to generate FSBL 
LOG::2023-11-13.02:02:48::SCWSystem::Completed Processing the domain standalone_microblaze_0
LOG::2023-11-13.02:02:48::SCWSystem::Completed Processing the sysconfig Final_Top_Level
LOG::2023-11-13.02:02:48::SCWPlatform::Completed generating the artifacts for system configuration Final_Top_Level
TRACE::2023-11-13.02:02:48::SCWPlatform::Started preparing the platform 
TRACE::2023-11-13.02:02:48::SCWSystem::Writing the bif file for system config Final_Top_Level
TRACE::2023-11-13.02:02:48::SCWSystem::dir created 
TRACE::2023-11-13.02:02:48::SCWSystem::Writing the bif 
TRACE::2023-11-13.02:02:48::SCWPlatform::Started writing the spfm file 
TRACE::2023-11-13.02:02:48::SCWPlatform::Started writing the xpfm file 
TRACE::2023-11-13.02:02:48::SCWPlatform::Completed generating the platform
TRACE::2023-11-13.02:02:48::SCWMssOS::Saving the mss changes C:/Users/Abdullah/Downloads/ECE385/Final_Project/Final_Project_Vitis/Final_Top_Level/microblaze_0/standalone_microblaze_0/bsp/system.mss
TRACE::2023-11-13.02:02:48::SCWMssOS::Found a swdesign opened with the mssfile.
TRACE::2023-11-13.02:02:48::SCWMssOS::Completed writemss as part of save.
TRACE::2023-11-13.02:02:48::SCWMssOS::Commit changes completed.
TRACE::2023-11-13.02:02:48::SCWPlatform::Trying to open the hw design at C:/Users/Abdullah/Downloads/ECE385/Final_Project/Final_Project_Vitis/Final_Top_Level/hw/Final_Top_Level.xsa
TRACE::2023-11-13.02:02:48::SCWPlatform::DSA given C:/Users/Abdullah/Downloads/ECE385/Final_Project/Final_Project_Vitis/Final_Top_Level/hw/Final_Top_Level.xsa
TRACE::2023-11-13.02:02:48::SCWPlatform::DSA absoulate path C:/Users/Abdullah/Downloads/ECE385/Final_Project/Final_Project_Vitis/Final_Top_Level/hw/Final_Top_Level.xsa
TRACE::2023-11-13.02:02:48::SCWPlatform::DSA directory C:/Users/Abdullah/Downloads/ECE385/Final_Project/Final_Project_Vitis/Final_Top_Level/hw
TRACE::2023-11-13.02:02:48::SCWPlatform:: Platform Path C:/Users/Abdullah/Downloads/ECE385/Final_Project/Final_Project_Vitis/Final_Top_Level/hw/Final_Top_Level.xsa
TRACE::2023-11-13.02:02:48::SCWPlatform:: Unique name xilinx:::0.0
TRACE::2023-11-13.02:02:48::SCWPlatform::Trying to set the existing hwdb with name Final_Top_Level_0
TRACE::2023-11-13.02:02:48::SCWPlatform::Opened existing hwdb Final_Top_Level_0
TRACE::2023-11-13.02:02:48::SCWPlatform::Found the Hw Db part of the input DSA
TRACE::2023-11-13.02:02:48::SCWMssOS::Checking the sw design at  C:/Users/Abdullah/Downloads/ECE385/Final_Project/Final_Project_Vitis/Final_Top_Level/microblaze_0/standalone_microblaze_0/bsp/system.mss
TRACE::2023-11-13.02:02:48::SCWMssOS::DEBUG:  swdes dump  C:/Users/Abdullah/Downloads/ECE385/Final_Project/Final_Project_Vitis/Final_Top_Level/microblaze_0/standalone_microblaze_0/bsp/system.mss|system||

TRACE::2023-11-13.02:02:48::SCWMssOS::Sw design exists and opened at  C:/Users/Abdullah/Downloads/ECE385/Final_Project/Final_Project_Vitis/Final_Top_Level/microblaze_0/standalone_microblaze_0/bsp/system.mss
TRACE::2023-11-13.02:02:48::SCWPlatform::Trying to open the hw design at C:/Users/Abdullah/Downloads/ECE385/Final_Project/Final_Project_Vitis/Final_Top_Level/hw/Final_Top_Level.xsa
TRACE::2023-11-13.02:02:48::SCWPlatform::DSA given C:/Users/Abdullah/Downloads/ECE385/Final_Project/Final_Project_Vitis/Final_Top_Level/hw/Final_Top_Level.xsa
TRACE::2023-11-13.02:02:48::SCWPlatform::DSA absoulate path C:/Users/Abdullah/Downloads/ECE385/Final_Project/Final_Project_Vitis/Final_Top_Level/hw/Final_Top_Level.xsa
TRACE::2023-11-13.02:02:48::SCWPlatform::DSA directory C:/Users/Abdullah/Downloads/ECE385/Final_Project/Final_Project_Vitis/Final_Top_Level/hw
TRACE::2023-11-13.02:02:48::SCWPlatform:: Platform Path C:/Users/Abdullah/Downloads/ECE385/Final_Project/Final_Project_Vitis/Final_Top_Level/hw/Final_Top_Level.xsa
TRACE::2023-11-13.02:02:48::SCWPlatform:: Unique name xilinx:::0.0
TRACE::2023-11-13.02:02:48::SCWPlatform::Trying to set the existing hwdb with name Final_Top_Level_0
TRACE::2023-11-13.02:02:48::SCWPlatform::Opened existing hwdb Final_Top_Level_0
TRACE::2023-11-13.02:02:48::SCWPlatform::Found the Hw Db part of the input DSA
TRACE::2023-11-13.02:02:48::SCWMssOS::Checking the sw design at  C:/Users/Abdullah/Downloads/ECE385/Final_Project/Final_Project_Vitis/Final_Top_Level/microblaze_0/standalone_microblaze_0/bsp/system.mss
TRACE::2023-11-13.02:02:48::SCWMssOS::DEBUG:  swdes dump  C:/Users/Abdullah/Downloads/ECE385/Final_Project/Final_Project_Vitis/Final_Top_Level/microblaze_0/standalone_microblaze_0/bsp/system.mss|system||

TRACE::2023-11-13.02:02:48::SCWMssOS::Sw design exists and opened at  C:/Users/Abdullah/Downloads/ECE385/Final_Project/Final_Project_Vitis/Final_Top_Level/microblaze_0/standalone_microblaze_0/bsp/system.mss
TRACE::2023-11-13.02:02:48::SCWPlatform::Trying to open the hw design at C:/Users/Abdullah/Downloads/ECE385/Final_Project/Final_Project_Vitis/Final_Top_Level/hw/Final_Top_Level.xsa
TRACE::2023-11-13.02:02:48::SCWPlatform::DSA given C:/Users/Abdullah/Downloads/ECE385/Final_Project/Final_Project_Vitis/Final_Top_Level/hw/Final_Top_Level.xsa
TRACE::2023-11-13.02:02:48::SCWPlatform::DSA absoulate path C:/Users/Abdullah/Downloads/ECE385/Final_Project/Final_Project_Vitis/Final_Top_Level/hw/Final_Top_Level.xsa
TRACE::2023-11-13.02:02:48::SCWPlatform::DSA directory C:/Users/Abdullah/Downloads/ECE385/Final_Project/Final_Project_Vitis/Final_Top_Level/hw
TRACE::2023-11-13.02:02:48::SCWPlatform:: Platform Path C:/Users/Abdullah/Downloads/ECE385/Final_Project/Final_Project_Vitis/Final_Top_Level/hw/Final_Top_Level.xsa
TRACE::2023-11-13.02:02:48::SCWPlatform:: Unique name xilinx:::0.0
TRACE::2023-11-13.02:02:48::SCWPlatform::Trying to set the existing hwdb with name Final_Top_Level_0
TRACE::2023-11-13.02:02:48::SCWPlatform::Opened existing hwdb Final_Top_Level_0
TRACE::2023-11-13.02:02:48::SCWPlatform::Found the Hw Db part of the input DSA
TRACE::2023-11-13.02:02:48::SCWMssOS::Checking the sw design at  C:/Users/Abdullah/Downloads/ECE385/Final_Project/Final_Project_Vitis/Final_Top_Level/microblaze_0/standalone_microblaze_0/bsp/system.mss
TRACE::2023-11-13.02:02:48::SCWMssOS::DEBUG:  swdes dump  C:/Users/Abdullah/Downloads/ECE385/Final_Project/Final_Project_Vitis/Final_Top_Level/microblaze_0/standalone_microblaze_0/bsp/system.mss|system||

TRACE::2023-11-13.02:02:48::SCWMssOS::Sw design exists and opened at  C:/Users/Abdullah/Downloads/ECE385/Final_Project/Final_Project_Vitis/Final_Top_Level/microblaze_0/standalone_microblaze_0/bsp/system.mss
TRACE::2023-11-13.02:02:48::SCWWriter::formatted JSON is {
	"platformName":	"Final_Top_Level",
	"sprVersion":	"2.0",
	"mode":	"gui",
	"dsaType":	"Fixed",
	"platformDesc":	"Final_Top_Level",
	"platHandOff":	"C:/Users/Abdullah/Downloads/ECE385/Final_Project/Final_Top_Level.xsa",
	"platIntHandOff":	"<platformDir>/hw/Final_Top_Level.xsa",
	"deviceType":	"FPGA",
	"platIsPrebuiltAutogen":	"false",
	"platIsNoBootBsp":	"false",
	"hasFsblMakeHasChanges":	"false",
	"hasPmufwMakeHasChanges":	"false",
	"platPreBuiltFlag":	false,
	"platformSamplesDir":	"",
	"platActiveSys":	"Final_Top_Level",
	"systems":	[{
			"systemName":	"Final_Top_Level",
			"systemDesc":	"Final_Top_Level",
			"sysIsBootAutoGen":	"true",
			"systemDispName":	"Final_Top_Level",
			"sysActiveDom":	"standalone_microblaze_0",
			"sysDefaultDom":	"standalone_microblaze_0",
			"domains":	[{
					"domainName":	"standalone_microblaze_0",
					"domainDispName":	"standalone_microblaze_0",
					"domainDesc":	"standalone_microblaze_0",
					"processors":	"microblaze_0",
					"os":	"standalone",
					"sdxOs":	"standalone",
					"debugEnable":	"False",
					"domRuntimes":	["cpp"],
					"swRepo":	"",
					"mssOsVer":	"8.1",
					"mssFile":	"",
					"md5Digest":	"4dab0a0bc22ea278e5d8a06bb0361003",
					"compatibleApp":	"hello_world",
					"domType":	"mssDomain",
					"arch":	"32-bit",
					"appSettings":	{
						"appCompilerFlags":	"",
						"appLinkerFlags":	""
					},
					"addedLibs":	[],
					"libOptions":	{
						"libsContainingOptions":	[]
					},
					"prebuiltLibs":	{
						"prebuiltIncPath":	[],
						"prebuiltLibPath":	[]
					},
					"isolation":	{
					}
				}]
		}]
}
KEYINFO::2023-11-13.02:02:48::SCWPlatform::updated the xpfm file.
TRACE::2023-11-13.02:02:48::SCWPlatform::Trying to open the hw design at C:/Users/Abdullah/Downloads/ECE385/Final_Project/Final_Project_Vitis/Final_Top_Level/hw/Final_Top_Level.xsa
TRACE::2023-11-13.02:02:48::SCWPlatform::DSA given C:/Users/Abdullah/Downloads/ECE385/Final_Project/Final_Project_Vitis/Final_Top_Level/hw/Final_Top_Level.xsa
TRACE::2023-11-13.02:02:48::SCWPlatform::DSA absoulate path C:/Users/Abdullah/Downloads/ECE385/Final_Project/Final_Project_Vitis/Final_Top_Level/hw/Final_Top_Level.xsa
TRACE::2023-11-13.02:02:48::SCWPlatform::DSA directory C:/Users/Abdullah/Downloads/ECE385/Final_Project/Final_Project_Vitis/Final_Top_Level/hw
TRACE::2023-11-13.02:02:48::SCWPlatform:: Platform Path C:/Users/Abdullah/Downloads/ECE385/Final_Project/Final_Project_Vitis/Final_Top_Level/hw/Final_Top_Level.xsa
TRACE::2023-11-13.02:02:48::SCWPlatform:: Unique name xilinx:::0.0
TRACE::2023-11-13.02:02:48::SCWPlatform::Trying to set the existing hwdb with name Final_Top_Level_0
TRACE::2023-11-13.02:02:48::SCWPlatform::Opened existing hwdb Final_Top_Level_0
TRACE::2023-11-13.02:02:48::SCWPlatform::Found the Hw Db part of the input DSA
TRACE::2023-11-13.02:02:48::SCWMssOS::Checking the sw design at  C:/Users/Abdullah/Downloads/ECE385/Final_Project/Final_Project_Vitis/Final_Top_Level/microblaze_0/standalone_microblaze_0/bsp/system.mss
TRACE::2023-11-13.02:02:48::SCWMssOS::DEBUG:  swdes dump  C:/Users/Abdullah/Downloads/ECE385/Final_Project/Final_Project_Vitis/Final_Top_Level/microblaze_0/standalone_microblaze_0/bsp/system.mss|system||

TRACE::2023-11-13.02:02:48::SCWMssOS::Sw design exists and opened at  C:/Users/Abdullah/Downloads/ECE385/Final_Project/Final_Project_Vitis/Final_Top_Level/microblaze_0/standalone_microblaze_0/bsp/system.mss
