08:25:53 DEBUG : Logs will be stored at 'C:/Users/Abdullah/Lab_7_2/Lab_7_2_Vitis/IDE.log'.
08:25:58 INFO  : Launching XSCT server: xsct.bat -n  -interactive C:\Users\Abdullah\Lab_7_2\Lab_7_2_Vitis\temp_xsdb_launch_script.tcl
08:26:00 INFO  : XSCT server has started successfully.
08:26:00 INFO  : Successfully done setting XSCT server connection channel  
08:26:00 INFO  : plnx-install-location is set to ''
08:26:00 INFO  : Successfully done setting workspace for the tool. 
08:26:08 INFO  : Successfully done query RDI_DATADIR 
08:26:08 INFO  : Registering command handlers for Vitis TCF services
08:26:08 INFO  : Platform repository initialization has completed.
08:26:22 ERROR : (XSDB Server)ERROR: [Hsi 55-1562] Source directory C:/Users/Abdullah/Lab_7_2/Lab_7_2_Vitis/mb_hdmi_top_level/hw/drivers\hdmi_text_controller_v1_0/src does not exist or is not a directory.

08:26:23 INFO  : Result from executing command 'getProjects': mb_hdmi_top_level
08:26:23 INFO  : Result from executing command 'getPlatforms': xilinx_zcu102_base_202310_1|C:/Xilinx/Vitis/2023.1/base_platforms/xilinx_zcu102_base_202310_1/xilinx_zcu102_base_202310_1.xpfm;xilinx_zcu102_base_dfx_202310_1|C:/Xilinx/Vitis/2023.1/base_platforms/xilinx_zcu102_base_dfx_202310_1/xilinx_zcu102_base_dfx_202310_1.xpfm;xilinx_zcu104_base_202310_1|C:/Xilinx/Vitis/2023.1/base_platforms/xilinx_zcu104_base_202310_1/xilinx_zcu104_base_202310_1.xpfm
08:26:23 WARN  : An unexpected exception occurred in the module 'platform project logging'
08:26:23 INFO  : Platform 'mb_hdmi_top_level' is added to custom repositories.
08:26:25 INFO  : Platform 'mb_hdmi_top_level' is added to custom repositories.
08:27:56 INFO  : Result from executing command 'getProjects': mb_hdmi_top_level
08:27:56 INFO  : Result from executing command 'getPlatforms': xilinx_zcu102_base_202310_1|C:/Xilinx/Vitis/2023.1/base_platforms/xilinx_zcu102_base_202310_1/xilinx_zcu102_base_202310_1.xpfm;xilinx_zcu102_base_dfx_202310_1|C:/Xilinx/Vitis/2023.1/base_platforms/xilinx_zcu102_base_dfx_202310_1/xilinx_zcu102_base_dfx_202310_1.xpfm;xilinx_zcu104_base_202310_1|C:/Xilinx/Vitis/2023.1/base_platforms/xilinx_zcu104_base_202310_1/xilinx_zcu104_base_202310_1.xpfm
08:27:56 INFO  : Checking for BSP changes to sync application flags for project 'mb_lab_7_2'...
08:30:47 INFO  : Connected to target on host '127.0.0.1' and port '3121'.
08:30:47 INFO  : Jtag cable 'RealDigital Boo 887429230129A' is selected.
08:30:47 INFO  : 'jtag frequency' command is executed.
08:30:48 INFO  : 'targets -set -filter {jtag_cable_name =~ "RealDigital Boo 887429230129A" && level==0 && jtag_device_ctx=="jsn1-0362f093-0"}' command is executed.
08:30:49 INFO  : Device configured successfully with "C:/Users/Abdullah/Lab_7_2/Lab_7_2_Vitis/mb_lab_7_2/_ide/bitstream/mb_hdmi_top_level.bit"
08:30:49 INFO  : Context for processor 'microblaze_0' is selected.
08:30:49 INFO  : Hardware design and registers information is loaded from 'C:/Users/Abdullah/Lab_7_2/Lab_7_2_Vitis/mb_hdmi_top_level/export/mb_hdmi_top_level/hw/mb_hdmi_top_level.xsa'.
08:30:49 INFO  : 'configparams mdm-detect-bscan-mask 2' command is executed.
08:30:49 INFO  : Context for processor 'microblaze_0' is selected.
08:30:49 INFO  : System reset is completed.
08:30:52 INFO  : 'after 3000' command is executed.
08:30:52 INFO  : Context for processor 'microblaze_0' is selected.
08:30:52 INFO  : The application 'C:/Users/Abdullah/Lab_7_2/Lab_7_2_Vitis/mb_lab_7_2/Debug/mb_lab_7_2.elf' is downloaded to processor 'microblaze_0'.
08:30:52 INFO  : ----------------XSDB Script----------------
connect -url tcp:127.0.0.1:3121
targets -set -filter {jtag_cable_name =~ "RealDigital Boo 887429230129A" && level==0 && jtag_device_ctx=="jsn1-0362f093-0"}
fpga -file C:/Users/Abdullah/Lab_7_2/Lab_7_2_Vitis/mb_lab_7_2/_ide/bitstream/mb_hdmi_top_level.bit
targets -set -nocase -filter {name =~ "*microblaze*#0" && bscan=="USER2" }
loadhw -hw C:/Users/Abdullah/Lab_7_2/Lab_7_2_Vitis/mb_hdmi_top_level/export/mb_hdmi_top_level/hw/mb_hdmi_top_level.xsa -regs
configparams mdm-detect-bscan-mask 2
targets -set -nocase -filter {name =~ "*microblaze*#0" && bscan=="USER2" }
rst -system
after 3000
targets -set -nocase -filter {name =~ "*microblaze*#0" && bscan=="USER2" }
dow C:/Users/Abdullah/Lab_7_2/Lab_7_2_Vitis/mb_lab_7_2/Debug/mb_lab_7_2.elf
----------------End of Script----------------

08:30:52 INFO  : Context for processor 'microblaze_0' is selected.
08:30:52 INFO  : 'con' command is executed.
08:30:52 INFO  : ----------------XSDB Script (After Launch)----------------
targets -set -nocase -filter {name =~ "*microblaze*#0" && bscan=="USER2" }
con
----------------End of Script----------------

08:30:52 INFO  : Disconnected from the channel tcfchan#2.
08:41:18 INFO  : Hardware specification for platform project 'mb_hdmi_top_level' is updated.
08:41:39 INFO  : Result from executing command 'getProjects': mb_hdmi_top_level
08:41:39 INFO  : Result from executing command 'getPlatforms': mb_hdmi_top_level|C:/Users/Abdullah/Lab_7_2/Lab_7_2_Vitis/mb_hdmi_top_level/export/mb_hdmi_top_level/mb_hdmi_top_level.xpfm;xilinx_zcu102_base_202310_1|C:/Xilinx/Vitis/2023.1/base_platforms/xilinx_zcu102_base_202310_1/xilinx_zcu102_base_202310_1.xpfm;xilinx_zcu102_base_dfx_202310_1|C:/Xilinx/Vitis/2023.1/base_platforms/xilinx_zcu102_base_dfx_202310_1/xilinx_zcu102_base_dfx_202310_1.xpfm;xilinx_zcu104_base_202310_1|C:/Xilinx/Vitis/2023.1/base_platforms/xilinx_zcu104_base_202310_1/xilinx_zcu104_base_202310_1.xpfm
08:41:39 INFO  : Checking for BSP changes to sync application flags for project 'mb_lab_7_2'...
08:41:53 INFO  : Connected to target on host '127.0.0.1' and port '3121'.
08:41:54 INFO  : Jtag cable 'RealDigital Boo 887429230129A' is selected.
08:41:54 INFO  : 'jtag frequency' command is executed.
08:41:54 INFO  : 'targets -set -filter {jtag_cable_name =~ "RealDigital Boo 887429230129A" && level==0 && jtag_device_ctx=="jsn1-0362f093-0"}' command is executed.
08:41:55 INFO  : Device configured successfully with "C:/Users/Abdullah/Lab_7_2/Lab_7_2_Vitis/mb_lab_7_2/_ide/bitstream/mb_hdmi_top_level.bit"
08:41:55 INFO  : Context for processor 'microblaze_0' is selected.
08:41:55 INFO  : Hardware design and registers information is loaded from 'C:/Users/Abdullah/Lab_7_2/Lab_7_2_Vitis/mb_hdmi_top_level/export/mb_hdmi_top_level/hw/mb_hdmi_top_level.xsa'.
08:41:55 INFO  : 'configparams mdm-detect-bscan-mask 2' command is executed.
08:41:55 INFO  : Context for processor 'microblaze_0' is selected.
08:41:55 INFO  : System reset is completed.
08:41:58 INFO  : 'after 3000' command is executed.
08:41:58 INFO  : Context for processor 'microblaze_0' is selected.
08:41:59 INFO  : The application 'C:/Users/Abdullah/Lab_7_2/Lab_7_2_Vitis/mb_lab_7_2/Debug/mb_lab_7_2.elf' is downloaded to processor 'microblaze_0'.
08:41:59 INFO  : ----------------XSDB Script----------------
connect -url tcp:127.0.0.1:3121
targets -set -filter {jtag_cable_name =~ "RealDigital Boo 887429230129A" && level==0 && jtag_device_ctx=="jsn1-0362f093-0"}
fpga -file C:/Users/Abdullah/Lab_7_2/Lab_7_2_Vitis/mb_lab_7_2/_ide/bitstream/mb_hdmi_top_level.bit
targets -set -nocase -filter {name =~ "*microblaze*#0" && bscan=="USER2" }
loadhw -hw C:/Users/Abdullah/Lab_7_2/Lab_7_2_Vitis/mb_hdmi_top_level/export/mb_hdmi_top_level/hw/mb_hdmi_top_level.xsa -regs
configparams mdm-detect-bscan-mask 2
targets -set -nocase -filter {name =~ "*microblaze*#0" && bscan=="USER2" }
rst -system
after 3000
targets -set -nocase -filter {name =~ "*microblaze*#0" && bscan=="USER2" }
dow C:/Users/Abdullah/Lab_7_2/Lab_7_2_Vitis/mb_lab_7_2/Debug/mb_lab_7_2.elf
----------------End of Script----------------

08:41:59 INFO  : Context for processor 'microblaze_0' is selected.
08:41:59 INFO  : 'con' command is executed.
08:41:59 INFO  : ----------------XSDB Script (After Launch)----------------
targets -set -nocase -filter {name =~ "*microblaze*#0" && bscan=="USER2" }
con
----------------End of Script----------------

08:41:59 INFO  : Disconnected from the channel tcfchan#4.
08:54:17 INFO  : Hardware specification for platform project 'mb_hdmi_top_level' is updated.
08:54:25 INFO  : Hardware specification for platform project 'mb_hdmi_top_level' is updated.
08:54:34 INFO  : Result from executing command 'getProjects': mb_hdmi_top_level
08:54:34 INFO  : Result from executing command 'getPlatforms': mb_hdmi_top_level|C:/Users/Abdullah/Lab_7_2/Lab_7_2_Vitis/mb_hdmi_top_level/export/mb_hdmi_top_level/mb_hdmi_top_level.xpfm;xilinx_zcu102_base_202310_1|C:/Xilinx/Vitis/2023.1/base_platforms/xilinx_zcu102_base_202310_1/xilinx_zcu102_base_202310_1.xpfm;xilinx_zcu102_base_dfx_202310_1|C:/Xilinx/Vitis/2023.1/base_platforms/xilinx_zcu102_base_dfx_202310_1/xilinx_zcu102_base_dfx_202310_1.xpfm;xilinx_zcu104_base_202310_1|C:/Xilinx/Vitis/2023.1/base_platforms/xilinx_zcu104_base_202310_1/xilinx_zcu104_base_202310_1.xpfm
08:54:34 INFO  : Checking for BSP changes to sync application flags for project 'mb_lab_7_2'...
08:55:10 INFO  : Connected to target on host '127.0.0.1' and port '3121'.
08:55:10 INFO  : Jtag cable 'RealDigital Boo 887429230129A' is selected.
08:55:10 INFO  : 'jtag frequency' command is executed.
08:55:10 INFO  : 'targets -set -filter {jtag_cable_name =~ "RealDigital Boo 887429230129A" && level==0 && jtag_device_ctx=="jsn1-0362f093-0"}' command is executed.
08:55:11 INFO  : Device configured successfully with "C:/Users/Abdullah/Lab_7_2/Lab_7_2_Vitis/mb_lab_7_2/_ide/bitstream/mb_hdmi_top_level.bit"
08:55:12 INFO  : Context for processor 'microblaze_0' is selected.
08:55:12 INFO  : Hardware design and registers information is loaded from 'C:/Users/Abdullah/Lab_7_2/Lab_7_2_Vitis/mb_hdmi_top_level/export/mb_hdmi_top_level/hw/mb_hdmi_top_level.xsa'.
08:55:12 INFO  : 'configparams mdm-detect-bscan-mask 2' command is executed.
08:55:12 INFO  : Context for processor 'microblaze_0' is selected.
08:55:12 INFO  : System reset is completed.
08:55:15 INFO  : 'after 3000' command is executed.
08:55:15 INFO  : Context for processor 'microblaze_0' is selected.
08:55:15 INFO  : The application 'C:/Users/Abdullah/Lab_7_2/Lab_7_2_Vitis/mb_lab_7_2/Debug/mb_lab_7_2.elf' is downloaded to processor 'microblaze_0'.
08:55:15 INFO  : ----------------XSDB Script----------------
connect -url tcp:127.0.0.1:3121
targets -set -filter {jtag_cable_name =~ "RealDigital Boo 887429230129A" && level==0 && jtag_device_ctx=="jsn1-0362f093-0"}
fpga -file C:/Users/Abdullah/Lab_7_2/Lab_7_2_Vitis/mb_lab_7_2/_ide/bitstream/mb_hdmi_top_level.bit
targets -set -nocase -filter {name =~ "*microblaze*#0" && bscan=="USER2" }
loadhw -hw C:/Users/Abdullah/Lab_7_2/Lab_7_2_Vitis/mb_hdmi_top_level/export/mb_hdmi_top_level/hw/mb_hdmi_top_level.xsa -regs
configparams mdm-detect-bscan-mask 2
targets -set -nocase -filter {name =~ "*microblaze*#0" && bscan=="USER2" }
rst -system
after 3000
targets -set -nocase -filter {name =~ "*microblaze*#0" && bscan=="USER2" }
dow C:/Users/Abdullah/Lab_7_2/Lab_7_2_Vitis/mb_lab_7_2/Debug/mb_lab_7_2.elf
----------------End of Script----------------

08:55:15 INFO  : Context for processor 'microblaze_0' is selected.
08:55:15 INFO  : 'con' command is executed.
08:55:15 INFO  : ----------------XSDB Script (After Launch)----------------
targets -set -nocase -filter {name =~ "*microblaze*#0" && bscan=="USER2" }
con
----------------End of Script----------------

08:55:15 INFO  : Disconnected from the channel tcfchan#6.
08:56:07 DEBUG : Logs will be stored at 'C:/Users/Abdullah/Lab_7_2/Lab_7_2_Vitis/IDE.log'.
08:56:07 INFO  : Launching XSCT server: xsct.bat -n  -interactive C:\Users\Abdullah\Lab_7_2\Lab_7_2_Vitis\temp_xsdb_launch_script.tcl
08:56:09 INFO  : XSCT server has started successfully.
08:56:09 INFO  : plnx-install-location is set to ''
08:56:09 INFO  : Successfully done setting XSCT server connection channel  
08:56:09 INFO  : Successfully done setting workspace for the tool. 
08:56:12 INFO  : Checking for BSP changes to sync application flags for project 'mb_lab_7_2'...
08:56:12 ERROR : Failed to get platform details for the project 'mb_lab_7_2'. Cannot sync application flags.
08:56:22 INFO  : Platform repository initialization has completed.
08:56:22 INFO  : Registering command handlers for Vitis TCF services
08:56:24 INFO  : Successfully done query RDI_DATADIR 
08:56:32 INFO  : Hardware specification for platform project 'mb_hdmi_top_level' is updated.
08:56:40 INFO  : Result from executing command 'getProjects': mb_hdmi_top_level
08:56:40 INFO  : Result from executing command 'getPlatforms': mb_hdmi_top_level|C:/Users/Abdullah/Lab_7_2/Lab_7_2_Vitis/mb_hdmi_top_level/export/mb_hdmi_top_level/mb_hdmi_top_level.xpfm;xilinx_zcu102_base_202310_1|C:/Xilinx/Vitis/2023.1/base_platforms/xilinx_zcu102_base_202310_1/xilinx_zcu102_base_202310_1.xpfm;xilinx_zcu102_base_dfx_202310_1|C:/Xilinx/Vitis/2023.1/base_platforms/xilinx_zcu102_base_dfx_202310_1/xilinx_zcu102_base_dfx_202310_1.xpfm;xilinx_zcu104_base_202310_1|C:/Xilinx/Vitis/2023.1/base_platforms/xilinx_zcu104_base_202310_1/xilinx_zcu104_base_202310_1.xpfm
08:56:42 INFO  : Checking for BSP changes to sync application flags for project 'mb_lab_7_2'...
08:56:43 INFO  : The hardware specification used by project 'mb_lab_7_2' is out of sync with the platform. Resource files extracted from the hardware specification will be updated.
08:56:43 INFO  : The file 'C:\Users\Abdullah\Lab_7_2\Lab_7_2_Vitis\mb_lab_7_2\_ide\bitstream\mb_hdmi_top_level.bit' stored in project is removed.
08:56:43 INFO  : The file 'C:\Users\Abdullah\Lab_7_2\Lab_7_2_Vitis\mb_lab_7_2\_ide\bitstream\mb_hdmi_top_level.mmi' stored in project is removed.
08:56:43 INFO  : The updated bitstream files are copied from platform to folder 'C:\Users\Abdullah\Lab_7_2\Lab_7_2_Vitis\mb_lab_7_2\_ide\bitstream' in project 'mb_lab_7_2'.
08:56:50 INFO  : Connected to target on host '127.0.0.1' and port '3121'.
08:56:51 INFO  : Jtag cable 'RealDigital Boo 887429230129A' is selected.
08:56:51 INFO  : 'jtag frequency' command is executed.
08:56:52 INFO  : 'targets -set -filter {jtag_cable_name =~ "RealDigital Boo 887429230129A" && level==0 && jtag_device_ctx=="jsn1-0362f093-0"}' command is executed.
08:56:53 INFO  : Device configured successfully with "C:/Users/Abdullah/Lab_7_2/Lab_7_2_Vitis/mb_lab_7_2/_ide/bitstream/mb_hdmi_top_level.bit"
08:56:53 INFO  : Context for processor 'microblaze_0' is selected.
08:56:53 INFO  : Hardware design and registers information is loaded from 'C:/Users/Abdullah/Lab_7_2/Lab_7_2_Vitis/mb_hdmi_top_level/export/mb_hdmi_top_level/hw/mb_hdmi_top_level.xsa'.
08:56:53 INFO  : 'configparams mdm-detect-bscan-mask 2' command is executed.
08:56:53 INFO  : Context for processor 'microblaze_0' is selected.
08:56:53 INFO  : System reset is completed.
08:56:56 INFO  : 'after 3000' command is executed.
08:56:57 INFO  : Context for processor 'microblaze_0' is selected.
08:56:57 INFO  : The application 'C:/Users/Abdullah/Lab_7_2/Lab_7_2_Vitis/mb_lab_7_2/Debug/mb_lab_7_2.elf' is downloaded to processor 'microblaze_0'.
08:56:57 INFO  : ----------------XSDB Script----------------
connect -url tcp:127.0.0.1:3121
targets -set -filter {jtag_cable_name =~ "RealDigital Boo 887429230129A" && level==0 && jtag_device_ctx=="jsn1-0362f093-0"}
fpga -file C:/Users/Abdullah/Lab_7_2/Lab_7_2_Vitis/mb_lab_7_2/_ide/bitstream/mb_hdmi_top_level.bit
targets -set -nocase -filter {name =~ "*microblaze*#0" && bscan=="USER2" }
loadhw -hw C:/Users/Abdullah/Lab_7_2/Lab_7_2_Vitis/mb_hdmi_top_level/export/mb_hdmi_top_level/hw/mb_hdmi_top_level.xsa -regs
configparams mdm-detect-bscan-mask 2
targets -set -nocase -filter {name =~ "*microblaze*#0" && bscan=="USER2" }
rst -system
after 3000
targets -set -nocase -filter {name =~ "*microblaze*#0" && bscan=="USER2" }
dow C:/Users/Abdullah/Lab_7_2/Lab_7_2_Vitis/mb_lab_7_2/Debug/mb_lab_7_2.elf
----------------End of Script----------------

08:56:58 INFO  : Context for processor 'microblaze_0' is selected.
08:56:58 INFO  : 'con' command is executed.
08:56:58 INFO  : ----------------XSDB Script (After Launch)----------------
targets -set -nocase -filter {name =~ "*microblaze*#0" && bscan=="USER2" }
con
----------------End of Script----------------

08:56:58 INFO  : Disconnected from the channel tcfchan#2.
09:20:59 DEBUG : Logs will be stored at 'C:/Users/Abdullah/Lab_7_2/Lab_7_2_Vitis/IDE.log'.
09:21:00 INFO  : Launching XSCT server: xsct.bat -n  -interactive C:\Users\Abdullah\Lab_7_2\Lab_7_2_Vitis\temp_xsdb_launch_script.tcl
09:21:02 INFO  : XSCT server has started successfully.
09:21:02 INFO  : Successfully done setting XSCT server connection channel  
09:21:02 INFO  : plnx-install-location is set to ''
09:21:02 INFO  : Successfully done setting workspace for the tool. 
09:21:09 INFO  : Hardware specification for platform project 'mb_hdmi_top_level' is updated.
09:21:14 INFO  : Registering command handlers for Vitis TCF services
09:21:14 INFO  : Successfully done query RDI_DATADIR 
09:21:15 INFO  : Platform repository initialization has completed.
09:21:18 INFO  : Result from executing command 'getProjects': mb_hdmi_top_level
09:21:18 INFO  : Result from executing command 'getPlatforms': mb_hdmi_top_level|C:/Users/Abdullah/Lab_7_2/Lab_7_2_Vitis/mb_hdmi_top_level/export/mb_hdmi_top_level/mb_hdmi_top_level.xpfm;xilinx_zcu102_base_202310_1|C:/Xilinx/Vitis/2023.1/base_platforms/xilinx_zcu102_base_202310_1/xilinx_zcu102_base_202310_1.xpfm;xilinx_zcu102_base_dfx_202310_1|C:/Xilinx/Vitis/2023.1/base_platforms/xilinx_zcu102_base_dfx_202310_1/xilinx_zcu102_base_dfx_202310_1.xpfm;xilinx_zcu104_base_202310_1|C:/Xilinx/Vitis/2023.1/base_platforms/xilinx_zcu104_base_202310_1/xilinx_zcu104_base_202310_1.xpfm
09:21:18 INFO  : Checking for BSP changes to sync application flags for project 'mb_lab_7_2'...
09:21:19 INFO  : The hardware specification used by project 'mb_lab_7_2' is out of sync with the platform. Resource files extracted from the hardware specification will be updated.
09:21:19 INFO  : The file 'C:\Users\Abdullah\Lab_7_2\Lab_7_2_Vitis\mb_lab_7_2\_ide\bitstream\mb_hdmi_top_level.bit' stored in project is removed.
09:21:19 INFO  : The file 'C:\Users\Abdullah\Lab_7_2\Lab_7_2_Vitis\mb_lab_7_2\_ide\bitstream\mb_hdmi_top_level.mmi' stored in project is removed.
09:21:19 INFO  : The updated bitstream files are copied from platform to folder 'C:\Users\Abdullah\Lab_7_2\Lab_7_2_Vitis\mb_lab_7_2\_ide\bitstream' in project 'mb_lab_7_2'.
09:21:33 INFO  : Checking for BSP changes to sync application flags for project 'mb_lab_7_2'...
09:22:53 INFO  : Connected to target on host '127.0.0.1' and port '3121'.
09:22:54 INFO  : Jtag cable 'RealDigital Boo 887429230129A' is selected.
09:22:54 INFO  : 'jtag frequency' command is executed.
09:22:54 INFO  : 'targets -set -filter {jtag_cable_name =~ "RealDigital Boo 887429230129A" && level==0 && jtag_device_ctx=="jsn1-0362f093-0"}' command is executed.
09:22:55 INFO  : Device configured successfully with "C:/Users/Abdullah/Lab_7_2/Lab_7_2_Vitis/mb_lab_7_2/_ide/bitstream/mb_hdmi_top_level.bit"
09:22:55 INFO  : Context for processor 'microblaze_0' is selected.
09:22:55 INFO  : Hardware design and registers information is loaded from 'C:/Users/Abdullah/Lab_7_2/Lab_7_2_Vitis/mb_hdmi_top_level/export/mb_hdmi_top_level/hw/mb_hdmi_top_level.xsa'.
09:22:55 INFO  : 'configparams mdm-detect-bscan-mask 2' command is executed.
09:22:55 INFO  : Context for processor 'microblaze_0' is selected.
09:22:55 INFO  : System reset is completed.
09:22:58 INFO  : 'after 3000' command is executed.
09:22:58 INFO  : Context for processor 'microblaze_0' is selected.
09:22:58 INFO  : The application 'C:/Users/Abdullah/Lab_7_2/Lab_7_2_Vitis/mb_lab_7_2/Debug/mb_lab_7_2.elf' is downloaded to processor 'microblaze_0'.
09:22:58 INFO  : ----------------XSDB Script----------------
connect -url tcp:127.0.0.1:3121
targets -set -filter {jtag_cable_name =~ "RealDigital Boo 887429230129A" && level==0 && jtag_device_ctx=="jsn1-0362f093-0"}
fpga -file C:/Users/Abdullah/Lab_7_2/Lab_7_2_Vitis/mb_lab_7_2/_ide/bitstream/mb_hdmi_top_level.bit
targets -set -nocase -filter {name =~ "*microblaze*#0" && bscan=="USER2" }
loadhw -hw C:/Users/Abdullah/Lab_7_2/Lab_7_2_Vitis/mb_hdmi_top_level/export/mb_hdmi_top_level/hw/mb_hdmi_top_level.xsa -regs
configparams mdm-detect-bscan-mask 2
targets -set -nocase -filter {name =~ "*microblaze*#0" && bscan=="USER2" }
rst -system
after 3000
targets -set -nocase -filter {name =~ "*microblaze*#0" && bscan=="USER2" }
dow C:/Users/Abdullah/Lab_7_2/Lab_7_2_Vitis/mb_lab_7_2/Debug/mb_lab_7_2.elf
----------------End of Script----------------

09:22:58 INFO  : Context for processor 'microblaze_0' is selected.
09:22:59 INFO  : 'con' command is executed.
09:22:59 INFO  : ----------------XSDB Script (After Launch)----------------
targets -set -nocase -filter {name =~ "*microblaze*#0" && bscan=="USER2" }
con
----------------End of Script----------------

09:22:59 INFO  : Disconnected from the channel tcfchan#2.
09:24:47 INFO  : Checking for BSP changes to sync application flags for project 'mb_lab_7_2'...
09:24:49 INFO  : Checking for BSP changes to sync application flags for project 'mb_lab_7_2'...
09:25:42 INFO  : Connected to target on host '127.0.0.1' and port '3121'.
09:25:43 INFO  : Jtag cable 'RealDigital Boo 887429230129A' is selected.
09:25:43 INFO  : 'jtag frequency' command is executed.
09:25:43 INFO  : 'targets -set -filter {jtag_cable_name =~ "RealDigital Boo 887429230129A" && level==0 && jtag_device_ctx=="jsn1-0362f093-0"}' command is executed.
09:25:44 INFO  : Device configured successfully with "C:/Users/Abdullah/Lab_7_2/Lab_7_2_Vitis/mb_lab_7_2/_ide/bitstream/mb_hdmi_top_level.bit"
09:25:44 INFO  : Context for processor 'microblaze_0' is selected.
09:25:44 INFO  : Hardware design and registers information is loaded from 'C:/Users/Abdullah/Lab_7_2/Lab_7_2_Vitis/mb_hdmi_top_level/export/mb_hdmi_top_level/hw/mb_hdmi_top_level.xsa'.
09:25:44 INFO  : 'configparams mdm-detect-bscan-mask 2' command is executed.
09:25:44 INFO  : Context for processor 'microblaze_0' is selected.
09:25:44 INFO  : System reset is completed.
09:25:47 INFO  : 'after 3000' command is executed.
09:25:47 INFO  : Context for processor 'microblaze_0' is selected.
09:25:48 INFO  : The application 'C:/Users/Abdullah/Lab_7_2/Lab_7_2_Vitis/mb_lab_7_2/Debug/mb_lab_7_2.elf' is downloaded to processor 'microblaze_0'.
09:25:48 INFO  : ----------------XSDB Script----------------
connect -url tcp:127.0.0.1:3121
targets -set -filter {jtag_cable_name =~ "RealDigital Boo 887429230129A" && level==0 && jtag_device_ctx=="jsn1-0362f093-0"}
fpga -file C:/Users/Abdullah/Lab_7_2/Lab_7_2_Vitis/mb_lab_7_2/_ide/bitstream/mb_hdmi_top_level.bit
targets -set -nocase -filter {name =~ "*microblaze*#0" && bscan=="USER2" }
loadhw -hw C:/Users/Abdullah/Lab_7_2/Lab_7_2_Vitis/mb_hdmi_top_level/export/mb_hdmi_top_level/hw/mb_hdmi_top_level.xsa -regs
configparams mdm-detect-bscan-mask 2
targets -set -nocase -filter {name =~ "*microblaze*#0" && bscan=="USER2" }
rst -system
after 3000
targets -set -nocase -filter {name =~ "*microblaze*#0" && bscan=="USER2" }
dow C:/Users/Abdullah/Lab_7_2/Lab_7_2_Vitis/mb_lab_7_2/Debug/mb_lab_7_2.elf
----------------End of Script----------------

09:25:48 INFO  : Context for processor 'microblaze_0' is selected.
09:25:48 INFO  : 'con' command is executed.
09:25:48 INFO  : ----------------XSDB Script (After Launch)----------------
targets -set -nocase -filter {name =~ "*microblaze*#0" && bscan=="USER2" }
con
----------------End of Script----------------

09:25:48 INFO  : Disconnected from the channel tcfchan#3.
09:26:30 DEBUG : Logs will be stored at 'C:/Users/Abdullah/Lab_7_2/Lab_7_2_Vitis/IDE.log'.
09:26:31 INFO  : Launching XSCT server: xsct.bat -n  -interactive C:\Users\Abdullah\Lab_7_2\Lab_7_2_Vitis\temp_xsdb_launch_script.tcl
09:26:33 INFO  : XSCT server has started successfully.
09:26:33 INFO  : plnx-install-location is set to ''
09:26:33 INFO  : Successfully done setting XSCT server connection channel  
09:26:33 INFO  : Successfully done setting workspace for the tool. 
09:26:41 INFO  : Hardware specification for platform project 'mb_hdmi_top_level' is updated.
09:26:45 INFO  : Registering command handlers for Vitis TCF services
09:26:45 INFO  : Successfully done query RDI_DATADIR 
09:26:46 INFO  : Platform repository initialization has completed.
09:26:48 INFO  : Result from executing command 'getProjects': mb_hdmi_top_level
09:26:48 INFO  : Result from executing command 'getPlatforms': mb_hdmi_top_level|C:/Users/Abdullah/Lab_7_2/Lab_7_2_Vitis/mb_hdmi_top_level/export/mb_hdmi_top_level/mb_hdmi_top_level.xpfm;xilinx_zcu102_base_202310_1|C:/Xilinx/Vitis/2023.1/base_platforms/xilinx_zcu102_base_202310_1/xilinx_zcu102_base_202310_1.xpfm;xilinx_zcu102_base_dfx_202310_1|C:/Xilinx/Vitis/2023.1/base_platforms/xilinx_zcu102_base_dfx_202310_1/xilinx_zcu102_base_dfx_202310_1.xpfm;xilinx_zcu104_base_202310_1|C:/Xilinx/Vitis/2023.1/base_platforms/xilinx_zcu104_base_202310_1/xilinx_zcu104_base_202310_1.xpfm
09:26:48 INFO  : Checking for BSP changes to sync application flags for project 'mb_lab_7_2'...
09:26:58 INFO  : Connected to target on host '127.0.0.1' and port '3121'.
09:26:59 INFO  : Jtag cable 'RealDigital Boo 887429230129A' is selected.
09:26:59 INFO  : 'jtag frequency' command is executed.
09:26:59 INFO  : 'targets -set -filter {jtag_cable_name =~ "RealDigital Boo 887429230129A" && level==0 && jtag_device_ctx=="jsn1-0362f093-0"}' command is executed.
09:27:00 INFO  : Device configured successfully with "C:/Users/Abdullah/Lab_7_2/Lab_7_2_Vitis/mb_lab_7_2/_ide/bitstream/mb_hdmi_top_level.bit"
09:27:00 INFO  : Context for processor 'microblaze_0' is selected.
09:27:00 INFO  : Hardware design and registers information is loaded from 'C:/Users/Abdullah/Lab_7_2/Lab_7_2_Vitis/mb_hdmi_top_level/export/mb_hdmi_top_level/hw/mb_hdmi_top_level.xsa'.
09:27:00 INFO  : 'configparams mdm-detect-bscan-mask 2' command is executed.
09:27:00 INFO  : Context for processor 'microblaze_0' is selected.
09:27:00 INFO  : System reset is completed.
09:27:03 INFO  : 'after 3000' command is executed.
09:27:03 INFO  : Context for processor 'microblaze_0' is selected.
09:27:04 INFO  : The application 'C:/Users/Abdullah/Lab_7_2/Lab_7_2_Vitis/mb_lab_7_2/Debug/mb_lab_7_2.elf' is downloaded to processor 'microblaze_0'.
09:27:04 INFO  : ----------------XSDB Script----------------
connect -url tcp:127.0.0.1:3121
targets -set -filter {jtag_cable_name =~ "RealDigital Boo 887429230129A" && level==0 && jtag_device_ctx=="jsn1-0362f093-0"}
fpga -file C:/Users/Abdullah/Lab_7_2/Lab_7_2_Vitis/mb_lab_7_2/_ide/bitstream/mb_hdmi_top_level.bit
targets -set -nocase -filter {name =~ "*microblaze*#0" && bscan=="USER2" }
loadhw -hw C:/Users/Abdullah/Lab_7_2/Lab_7_2_Vitis/mb_hdmi_top_level/export/mb_hdmi_top_level/hw/mb_hdmi_top_level.xsa -regs
configparams mdm-detect-bscan-mask 2
targets -set -nocase -filter {name =~ "*microblaze*#0" && bscan=="USER2" }
rst -system
after 3000
targets -set -nocase -filter {name =~ "*microblaze*#0" && bscan=="USER2" }
dow C:/Users/Abdullah/Lab_7_2/Lab_7_2_Vitis/mb_lab_7_2/Debug/mb_lab_7_2.elf
----------------End of Script----------------

09:27:04 INFO  : Context for processor 'microblaze_0' is selected.
09:27:04 INFO  : 'con' command is executed.
09:27:04 INFO  : ----------------XSDB Script (After Launch)----------------
targets -set -nocase -filter {name =~ "*microblaze*#0" && bscan=="USER2" }
con
----------------End of Script----------------

09:27:04 INFO  : Disconnected from the channel tcfchan#2.
09:30:33 INFO  : Checking for BSP changes to sync application flags for project 'mb_lab_7_2'...
09:30:44 INFO  : Connected to target on host '127.0.0.1' and port '3121'.
09:30:45 INFO  : Jtag cable 'RealDigital Boo 887429230129A' is selected.
09:30:45 INFO  : 'jtag frequency' command is executed.
09:30:45 INFO  : 'targets -set -filter {jtag_cable_name =~ "RealDigital Boo 887429230129A" && level==0 && jtag_device_ctx=="jsn1-0362f093-0"}' command is executed.
09:30:46 INFO  : Device configured successfully with "C:/Users/Abdullah/Lab_7_2/Lab_7_2_Vitis/mb_lab_7_2/_ide/bitstream/mb_hdmi_top_level.bit"
09:30:46 INFO  : Context for processor 'microblaze_0' is selected.
09:30:46 INFO  : Hardware design and registers information is loaded from 'C:/Users/Abdullah/Lab_7_2/Lab_7_2_Vitis/mb_hdmi_top_level/export/mb_hdmi_top_level/hw/mb_hdmi_top_level.xsa'.
09:30:46 INFO  : 'configparams mdm-detect-bscan-mask 2' command is executed.
09:30:46 INFO  : Context for processor 'microblaze_0' is selected.
09:30:46 INFO  : System reset is completed.
09:30:49 INFO  : 'after 3000' command is executed.
09:30:49 INFO  : Context for processor 'microblaze_0' is selected.
09:30:50 INFO  : The application 'C:/Users/Abdullah/Lab_7_2/Lab_7_2_Vitis/mb_lab_7_2/Debug/mb_lab_7_2.elf' is downloaded to processor 'microblaze_0'.
09:30:50 INFO  : ----------------XSDB Script----------------
connect -url tcp:127.0.0.1:3121
targets -set -filter {jtag_cable_name =~ "RealDigital Boo 887429230129A" && level==0 && jtag_device_ctx=="jsn1-0362f093-0"}
fpga -file C:/Users/Abdullah/Lab_7_2/Lab_7_2_Vitis/mb_lab_7_2/_ide/bitstream/mb_hdmi_top_level.bit
targets -set -nocase -filter {name =~ "*microblaze*#0" && bscan=="USER2" }
loadhw -hw C:/Users/Abdullah/Lab_7_2/Lab_7_2_Vitis/mb_hdmi_top_level/export/mb_hdmi_top_level/hw/mb_hdmi_top_level.xsa -regs
configparams mdm-detect-bscan-mask 2
targets -set -nocase -filter {name =~ "*microblaze*#0" && bscan=="USER2" }
rst -system
after 3000
targets -set -nocase -filter {name =~ "*microblaze*#0" && bscan=="USER2" }
dow C:/Users/Abdullah/Lab_7_2/Lab_7_2_Vitis/mb_lab_7_2/Debug/mb_lab_7_2.elf
----------------End of Script----------------

09:30:50 INFO  : Context for processor 'microblaze_0' is selected.
09:30:50 INFO  : 'con' command is executed.
09:30:50 INFO  : ----------------XSDB Script (After Launch)----------------
targets -set -nocase -filter {name =~ "*microblaze*#0" && bscan=="USER2" }
con
----------------End of Script----------------

09:30:50 INFO  : Disconnected from the channel tcfchan#3.
09:30:53 INFO  : Connected to target on host '127.0.0.1' and port '3121'.
09:30:53 INFO  : Jtag cable 'RealDigital Boo 887429230129A' is selected.
09:30:53 INFO  : 'jtag frequency' command is executed.
09:30:56 ERROR : no targets found with "jtag_cable_name =~ "RealDigital Boo 887429230129A" && level==0 && jtag_device_ctx=="jsn1-0362f093-0"". available targets:
  1  xc7s50
     2  MicroBlaze Debug Module at USER2
        3  MicroBlaze #0 (Running)
09:30:56 ERROR : Exception occured while running Program Device.
java.lang.RuntimeException: no targets found with "jtag_cable_name =~ "RealDigital Boo 887429230129A" && level==0 && jtag_device_ctx=="jsn1-0362f093-0"". available targets:
  1  xc7s50
     2  MicroBlaze Debug Module at USER2
        3  MicroBlaze #0 (Running)
09:30:56 INFO  : ----------------XSDB Script----------------
connect -url tcp:127.0.0.1:3121
----------------End of Script----------------

09:30:56 ERROR : no targets found with "jtag_cable_name =~ "RealDigital Boo 887429230129A" && level==0 && jtag_device_ctx=="jsn1-0362f093-0"". available targets:
  1  xc7s50
     2  MicroBlaze Debug Module at USER2
        3  MicroBlaze #0 (Running)
09:31:16 DEBUG : Logs will be stored at 'C:/Users/Abdullah/Lab_7_2/Lab_7_2_Vitis/IDE.log'.
09:31:16 INFO  : Launching XSCT server: xsct.bat -n  -interactive C:\Users\Abdullah\Lab_7_2\Lab_7_2_Vitis\temp_xsdb_launch_script.tcl
09:31:18 INFO  : XSCT server has started successfully.
09:31:18 INFO  : Successfully done setting XSCT server connection channel  
09:31:18 INFO  : plnx-install-location is set to ''
09:31:18 INFO  : Successfully done setting workspace for the tool. 
09:31:30 INFO  : Registering command handlers for Vitis TCF services
09:31:31 INFO  : Hardware specification for platform project 'mb_hdmi_top_level' is updated.
09:31:31 INFO  : Successfully done query RDI_DATADIR 
09:31:31 INFO  : Platform repository initialization has completed.
09:31:41 INFO  : Result from executing command 'getProjects': mb_hdmi_top_level
09:31:41 INFO  : Result from executing command 'getPlatforms': mb_hdmi_top_level|C:/Users/Abdullah/Lab_7_2/Lab_7_2_Vitis/mb_hdmi_top_level/export/mb_hdmi_top_level/mb_hdmi_top_level.xpfm;xilinx_zcu102_base_202310_1|C:/Xilinx/Vitis/2023.1/base_platforms/xilinx_zcu102_base_202310_1/xilinx_zcu102_base_202310_1.xpfm;xilinx_zcu102_base_dfx_202310_1|C:/Xilinx/Vitis/2023.1/base_platforms/xilinx_zcu102_base_dfx_202310_1/xilinx_zcu102_base_dfx_202310_1.xpfm;xilinx_zcu104_base_202310_1|C:/Xilinx/Vitis/2023.1/base_platforms/xilinx_zcu104_base_202310_1/xilinx_zcu104_base_202310_1.xpfm
09:31:42 INFO  : Checking for BSP changes to sync application flags for project 'mb_lab_7_2'...
09:31:47 INFO  : Connected to target on host '127.0.0.1' and port '3121'.
09:31:48 INFO  : Jtag cable 'RealDigital Boo 887429230129A' is selected.
09:31:48 INFO  : 'jtag frequency' command is executed.
09:31:48 INFO  : 'targets -set -filter {jtag_cable_name =~ "RealDigital Boo 887429230129A" && level==0 && jtag_device_ctx=="jsn1-0362f093-0"}' command is executed.
09:31:49 INFO  : Device configured successfully with "C:/Users/Abdullah/Lab_7_2/Lab_7_2_Vitis/mb_lab_7_2/_ide/bitstream/mb_hdmi_top_level.bit"
09:31:50 INFO  : Context for processor 'microblaze_0' is selected.
09:31:50 INFO  : Hardware design and registers information is loaded from 'C:/Users/Abdullah/Lab_7_2/Lab_7_2_Vitis/mb_hdmi_top_level/export/mb_hdmi_top_level/hw/mb_hdmi_top_level.xsa'.
09:31:50 INFO  : 'configparams mdm-detect-bscan-mask 2' command is executed.
09:31:50 INFO  : Context for processor 'microblaze_0' is selected.
09:31:50 INFO  : System reset is completed.
09:31:53 INFO  : 'after 3000' command is executed.
09:31:53 INFO  : Context for processor 'microblaze_0' is selected.
09:31:53 INFO  : The application 'C:/Users/Abdullah/Lab_7_2/Lab_7_2_Vitis/mb_lab_7_2/Debug/mb_lab_7_2.elf' is downloaded to processor 'microblaze_0'.
09:31:53 INFO  : ----------------XSDB Script----------------
connect -url tcp:127.0.0.1:3121
targets -set -filter {jtag_cable_name =~ "RealDigital Boo 887429230129A" && level==0 && jtag_device_ctx=="jsn1-0362f093-0"}
fpga -file C:/Users/Abdullah/Lab_7_2/Lab_7_2_Vitis/mb_lab_7_2/_ide/bitstream/mb_hdmi_top_level.bit
targets -set -nocase -filter {name =~ "*microblaze*#0" && bscan=="USER2" }
loadhw -hw C:/Users/Abdullah/Lab_7_2/Lab_7_2_Vitis/mb_hdmi_top_level/export/mb_hdmi_top_level/hw/mb_hdmi_top_level.xsa -regs
configparams mdm-detect-bscan-mask 2
targets -set -nocase -filter {name =~ "*microblaze*#0" && bscan=="USER2" }
rst -system
after 3000
targets -set -nocase -filter {name =~ "*microblaze*#0" && bscan=="USER2" }
dow C:/Users/Abdullah/Lab_7_2/Lab_7_2_Vitis/mb_lab_7_2/Debug/mb_lab_7_2.elf
----------------End of Script----------------

09:31:53 INFO  : Context for processor 'microblaze_0' is selected.
09:31:53 INFO  : 'con' command is executed.
09:31:53 INFO  : ----------------XSDB Script (After Launch)----------------
targets -set -nocase -filter {name =~ "*microblaze*#0" && bscan=="USER2" }
con
----------------End of Script----------------

09:31:53 INFO  : Disconnected from the channel tcfchan#2.
09:32:28 INFO  : Checking for BSP changes to sync application flags for project 'mb_lab_7_2'...
09:32:51 INFO  : Checking for BSP changes to sync application flags for project 'mb_lab_7_2'...
09:32:59 INFO  : Connected to target on host '127.0.0.1' and port '3121'.
09:32:59 INFO  : Jtag cable 'RealDigital Boo 887429230129A' is selected.
09:32:59 INFO  : 'jtag frequency' command is executed.
09:33:00 INFO  : 'targets -set -filter {jtag_cable_name =~ "RealDigital Boo 887429230129A" && level==0 && jtag_device_ctx=="jsn1-0362f093-0"}' command is executed.
09:33:01 INFO  : Device configured successfully with "C:/Users/Abdullah/Lab_7_2/Lab_7_2_Vitis/mb_lab_7_2/_ide/bitstream/mb_hdmi_top_level.bit"
09:33:01 INFO  : Context for processor 'microblaze_0' is selected.
09:33:01 INFO  : Hardware design and registers information is loaded from 'C:/Users/Abdullah/Lab_7_2/Lab_7_2_Vitis/mb_hdmi_top_level/export/mb_hdmi_top_level/hw/mb_hdmi_top_level.xsa'.
09:33:01 INFO  : 'configparams mdm-detect-bscan-mask 2' command is executed.
09:33:01 INFO  : Context for processor 'microblaze_0' is selected.
09:33:01 INFO  : System reset is completed.
09:33:04 INFO  : 'after 3000' command is executed.
09:33:04 INFO  : Context for processor 'microblaze_0' is selected.
09:33:04 INFO  : The application 'C:/Users/Abdullah/Lab_7_2/Lab_7_2_Vitis/mb_lab_7_2/Debug/mb_lab_7_2.elf' is downloaded to processor 'microblaze_0'.
09:33:04 INFO  : ----------------XSDB Script----------------
connect -url tcp:127.0.0.1:3121
targets -set -filter {jtag_cable_name =~ "RealDigital Boo 887429230129A" && level==0 && jtag_device_ctx=="jsn1-0362f093-0"}
fpga -file C:/Users/Abdullah/Lab_7_2/Lab_7_2_Vitis/mb_lab_7_2/_ide/bitstream/mb_hdmi_top_level.bit
targets -set -nocase -filter {name =~ "*microblaze*#0" && bscan=="USER2" }
loadhw -hw C:/Users/Abdullah/Lab_7_2/Lab_7_2_Vitis/mb_hdmi_top_level/export/mb_hdmi_top_level/hw/mb_hdmi_top_level.xsa -regs
configparams mdm-detect-bscan-mask 2
targets -set -nocase -filter {name =~ "*microblaze*#0" && bscan=="USER2" }
rst -system
after 3000
targets -set -nocase -filter {name =~ "*microblaze*#0" && bscan=="USER2" }
dow C:/Users/Abdullah/Lab_7_2/Lab_7_2_Vitis/mb_lab_7_2/Debug/mb_lab_7_2.elf
----------------End of Script----------------

09:33:04 INFO  : Context for processor 'microblaze_0' is selected.
09:33:04 INFO  : 'con' command is executed.
09:33:04 INFO  : ----------------XSDB Script (After Launch)----------------
targets -set -nocase -filter {name =~ "*microblaze*#0" && bscan=="USER2" }
con
----------------End of Script----------------

09:33:04 INFO  : Disconnected from the channel tcfchan#3.
09:33:23 INFO  : Connected to target on host '127.0.0.1' and port '3121'.
09:33:24 INFO  : Jtag cable 'RealDigital Boo 887429230129A' is selected.
09:33:24 INFO  : 'jtag frequency' command is executed.
09:33:24 INFO  : 'targets -set -filter {jtag_cable_name =~ "RealDigital Boo 887429230129A" && level==0 && jtag_device_ctx=="jsn1-0362f093-0"}' command is executed.
09:33:25 INFO  : Device configured successfully with "C:/Users/Abdullah/Lab_7_2/Lab_7_2_Vitis/mb_lab_7_2/_ide/bitstream/mb_hdmi_top_level.bit"
09:33:25 INFO  : Context for processor 'microblaze_0' is selected.
09:33:25 INFO  : Hardware design and registers information is loaded from 'C:/Users/Abdullah/Lab_7_2/Lab_7_2_Vitis/mb_hdmi_top_level/export/mb_hdmi_top_level/hw/mb_hdmi_top_level.xsa'.
09:33:25 INFO  : 'configparams mdm-detect-bscan-mask 2' command is executed.
09:33:25 INFO  : Context for processor 'microblaze_0' is selected.
09:33:25 INFO  : System reset is completed.
09:33:28 INFO  : 'after 3000' command is executed.
09:33:28 INFO  : Context for processor 'microblaze_0' is selected.
09:33:28 INFO  : The application 'C:/Users/Abdullah/Lab_7_2/Lab_7_2_Vitis/mb_lab_7_2/Debug/mb_lab_7_2.elf' is downloaded to processor 'microblaze_0'.
09:33:28 INFO  : ----------------XSDB Script----------------
connect -url tcp:127.0.0.1:3121
targets -set -filter {jtag_cable_name =~ "RealDigital Boo 887429230129A" && level==0 && jtag_device_ctx=="jsn1-0362f093-0"}
fpga -file C:/Users/Abdullah/Lab_7_2/Lab_7_2_Vitis/mb_lab_7_2/_ide/bitstream/mb_hdmi_top_level.bit
targets -set -nocase -filter {name =~ "*microblaze*#0" && bscan=="USER2" }
loadhw -hw C:/Users/Abdullah/Lab_7_2/Lab_7_2_Vitis/mb_hdmi_top_level/export/mb_hdmi_top_level/hw/mb_hdmi_top_level.xsa -regs
configparams mdm-detect-bscan-mask 2
targets -set -nocase -filter {name =~ "*microblaze*#0" && bscan=="USER2" }
rst -system
after 3000
targets -set -nocase -filter {name =~ "*microblaze*#0" && bscan=="USER2" }
dow C:/Users/Abdullah/Lab_7_2/Lab_7_2_Vitis/mb_lab_7_2/Debug/mb_lab_7_2.elf
----------------End of Script----------------

09:33:28 INFO  : Context for processor 'microblaze_0' is selected.
09:33:28 INFO  : 'con' command is executed.
09:33:28 INFO  : ----------------XSDB Script (After Launch)----------------
targets -set -nocase -filter {name =~ "*microblaze*#0" && bscan=="USER2" }
con
----------------End of Script----------------

09:33:28 INFO  : Disconnected from the channel tcfchan#4.
09:33:46 INFO  : Connected to target on host '127.0.0.1' and port '3121'.
09:33:46 INFO  : Jtag cable 'RealDigital Boo 887429230129A' is selected.
09:33:46 INFO  : 'jtag frequency' command is executed.
09:33:46 INFO  : 'targets -set -filter {jtag_cable_name =~ "RealDigital Boo 887429230129A" && level==0 && jtag_device_ctx=="jsn1-0362f093-0"}' command is executed.
09:33:48 INFO  : Device configured successfully with "C:/Users/Abdullah/Lab_7_2/Lab_7_2_Vitis/mb_lab_7_2/_ide/bitstream/mb_hdmi_top_level.bit"
09:33:48 INFO  : Context for processor 'microblaze_0' is selected.
09:33:48 INFO  : Hardware design and registers information is loaded from 'C:/Users/Abdullah/Lab_7_2/Lab_7_2_Vitis/mb_hdmi_top_level/export/mb_hdmi_top_level/hw/mb_hdmi_top_level.xsa'.
09:33:48 INFO  : 'configparams mdm-detect-bscan-mask 2' command is executed.
09:33:48 INFO  : Context for processor 'microblaze_0' is selected.
09:33:48 INFO  : System reset is completed.
09:33:51 INFO  : 'after 3000' command is executed.
09:33:51 INFO  : Context for processor 'microblaze_0' is selected.
09:33:51 INFO  : The application 'C:/Users/Abdullah/Lab_7_2/Lab_7_2_Vitis/mb_lab_7_2/Debug/mb_lab_7_2.elf' is downloaded to processor 'microblaze_0'.
09:33:51 INFO  : ----------------XSDB Script----------------
connect -url tcp:127.0.0.1:3121
targets -set -filter {jtag_cable_name =~ "RealDigital Boo 887429230129A" && level==0 && jtag_device_ctx=="jsn1-0362f093-0"}
fpga -file C:/Users/Abdullah/Lab_7_2/Lab_7_2_Vitis/mb_lab_7_2/_ide/bitstream/mb_hdmi_top_level.bit
targets -set -nocase -filter {name =~ "*microblaze*#0" && bscan=="USER2" }
loadhw -hw C:/Users/Abdullah/Lab_7_2/Lab_7_2_Vitis/mb_hdmi_top_level/export/mb_hdmi_top_level/hw/mb_hdmi_top_level.xsa -regs
configparams mdm-detect-bscan-mask 2
targets -set -nocase -filter {name =~ "*microblaze*#0" && bscan=="USER2" }
rst -system
after 3000
targets -set -nocase -filter {name =~ "*microblaze*#0" && bscan=="USER2" }
dow C:/Users/Abdullah/Lab_7_2/Lab_7_2_Vitis/mb_lab_7_2/Debug/mb_lab_7_2.elf
----------------End of Script----------------

09:33:51 INFO  : Context for processor 'microblaze_0' is selected.
09:33:51 INFO  : 'con' command is executed.
09:33:51 INFO  : ----------------XSDB Script (After Launch)----------------
targets -set -nocase -filter {name =~ "*microblaze*#0" && bscan=="USER2" }
con
----------------End of Script----------------

09:33:51 INFO  : Disconnected from the channel tcfchan#5.
09:34:13 INFO  : Connected to target on host '127.0.0.1' and port '3121'.
09:34:14 INFO  : Jtag cable 'RealDigital Boo 887429230129A' is selected.
09:34:14 INFO  : 'jtag frequency' command is executed.
09:34:14 INFO  : 'targets -set -filter {jtag_cable_name =~ "RealDigital Boo 887429230129A" && level==0 && jtag_device_ctx=="jsn1-0362f093-0"}' command is executed.
09:34:15 INFO  : Device configured successfully with "C:/Users/Abdullah/Lab_7_2/Lab_7_2_Vitis/mb_lab_7_2/_ide/bitstream/mb_hdmi_top_level.bit"
09:34:15 INFO  : Context for processor 'microblaze_0' is selected.
09:34:15 INFO  : Hardware design and registers information is loaded from 'C:/Users/Abdullah/Lab_7_2/Lab_7_2_Vitis/mb_hdmi_top_level/export/mb_hdmi_top_level/hw/mb_hdmi_top_level.xsa'.
09:34:15 INFO  : 'configparams mdm-detect-bscan-mask 2' command is executed.
09:34:15 INFO  : Context for processor 'microblaze_0' is selected.
09:34:15 INFO  : System reset is completed.
09:34:18 INFO  : 'after 3000' command is executed.
09:34:18 INFO  : Context for processor 'microblaze_0' is selected.
09:34:19 INFO  : The application 'C:/Users/Abdullah/Lab_7_2/Lab_7_2_Vitis/mb_lab_7_2/Debug/mb_lab_7_2.elf' is downloaded to processor 'microblaze_0'.
09:34:19 INFO  : ----------------XSDB Script----------------
connect -url tcp:127.0.0.1:3121
targets -set -filter {jtag_cable_name =~ "RealDigital Boo 887429230129A" && level==0 && jtag_device_ctx=="jsn1-0362f093-0"}
fpga -file C:/Users/Abdullah/Lab_7_2/Lab_7_2_Vitis/mb_lab_7_2/_ide/bitstream/mb_hdmi_top_level.bit
targets -set -nocase -filter {name =~ "*microblaze*#0" && bscan=="USER2" }
loadhw -hw C:/Users/Abdullah/Lab_7_2/Lab_7_2_Vitis/mb_hdmi_top_level/export/mb_hdmi_top_level/hw/mb_hdmi_top_level.xsa -regs
configparams mdm-detect-bscan-mask 2
targets -set -nocase -filter {name =~ "*microblaze*#0" && bscan=="USER2" }
rst -system
after 3000
targets -set -nocase -filter {name =~ "*microblaze*#0" && bscan=="USER2" }
dow C:/Users/Abdullah/Lab_7_2/Lab_7_2_Vitis/mb_lab_7_2/Debug/mb_lab_7_2.elf
----------------End of Script----------------

09:34:19 INFO  : Context for processor 'microblaze_0' is selected.
09:34:19 INFO  : 'con' command is executed.
09:34:19 INFO  : ----------------XSDB Script (After Launch)----------------
targets -set -nocase -filter {name =~ "*microblaze*#0" && bscan=="USER2" }
con
----------------End of Script----------------

09:34:19 INFO  : Disconnected from the channel tcfchan#6.
09:34:34 INFO  : Checking for BSP changes to sync application flags for project 'mb_lab_7_2'...
09:34:39 INFO  : Connected to target on host '127.0.0.1' and port '3121'.
09:34:40 INFO  : Jtag cable 'RealDigital Boo 887429230129A' is selected.
09:34:40 INFO  : 'jtag frequency' command is executed.
09:34:40 INFO  : 'targets -set -filter {jtag_cable_name =~ "RealDigital Boo 887429230129A" && level==0 && jtag_device_ctx=="jsn1-0362f093-0"}' command is executed.
09:34:41 INFO  : Device configured successfully with "C:/Users/Abdullah/Lab_7_2/Lab_7_2_Vitis/mb_lab_7_2/_ide/bitstream/mb_hdmi_top_level.bit"
09:34:41 INFO  : Context for processor 'microblaze_0' is selected.
09:34:41 INFO  : Hardware design and registers information is loaded from 'C:/Users/Abdullah/Lab_7_2/Lab_7_2_Vitis/mb_hdmi_top_level/export/mb_hdmi_top_level/hw/mb_hdmi_top_level.xsa'.
09:34:41 INFO  : 'configparams mdm-detect-bscan-mask 2' command is executed.
09:34:41 INFO  : Context for processor 'microblaze_0' is selected.
09:34:41 INFO  : System reset is completed.
09:34:44 INFO  : 'after 3000' command is executed.
09:34:45 INFO  : Context for processor 'microblaze_0' is selected.
09:34:45 INFO  : The application 'C:/Users/Abdullah/Lab_7_2/Lab_7_2_Vitis/mb_lab_7_2/Debug/mb_lab_7_2.elf' is downloaded to processor 'microblaze_0'.
09:34:45 INFO  : ----------------XSDB Script----------------
connect -url tcp:127.0.0.1:3121
targets -set -filter {jtag_cable_name =~ "RealDigital Boo 887429230129A" && level==0 && jtag_device_ctx=="jsn1-0362f093-0"}
fpga -file C:/Users/Abdullah/Lab_7_2/Lab_7_2_Vitis/mb_lab_7_2/_ide/bitstream/mb_hdmi_top_level.bit
targets -set -nocase -filter {name =~ "*microblaze*#0" && bscan=="USER2" }
loadhw -hw C:/Users/Abdullah/Lab_7_2/Lab_7_2_Vitis/mb_hdmi_top_level/export/mb_hdmi_top_level/hw/mb_hdmi_top_level.xsa -regs
configparams mdm-detect-bscan-mask 2
targets -set -nocase -filter {name =~ "*microblaze*#0" && bscan=="USER2" }
rst -system
after 3000
targets -set -nocase -filter {name =~ "*microblaze*#0" && bscan=="USER2" }
dow C:/Users/Abdullah/Lab_7_2/Lab_7_2_Vitis/mb_lab_7_2/Debug/mb_lab_7_2.elf
----------------End of Script----------------

09:34:45 INFO  : Context for processor 'microblaze_0' is selected.
09:34:45 INFO  : 'con' command is executed.
09:34:45 INFO  : ----------------XSDB Script (After Launch)----------------
targets -set -nocase -filter {name =~ "*microblaze*#0" && bscan=="USER2" }
con
----------------End of Script----------------

09:34:45 INFO  : Disconnected from the channel tcfchan#7.
10:36:16 INFO  : Checking for BSP changes to sync application flags for project 'mb_lab_7_2'...
10:36:19 INFO  : Checking for BSP changes to sync application flags for project 'mb_lab_7_2'...
10:36:28 INFO  : Connected to target on host '127.0.0.1' and port '3121'.
10:36:29 INFO  : Jtag cable 'RealDigital Boo 887429230129A' is selected.
10:36:29 INFO  : 'jtag frequency' command is executed.
10:36:29 INFO  : 'targets -set -filter {jtag_cable_name =~ "RealDigital Boo 887429230129A" && level==0 && jtag_device_ctx=="jsn1-0362f093-0"}' command is executed.
10:36:30 INFO  : Device configured successfully with "C:/Users/Abdullah/Lab_7_2/Lab_7_2_Vitis/mb_lab_7_2/_ide/bitstream/mb_hdmi_top_level.bit"
10:36:30 INFO  : Context for processor 'microblaze_0' is selected.
10:36:30 INFO  : Hardware design and registers information is loaded from 'C:/Users/Abdullah/Lab_7_2/Lab_7_2_Vitis/mb_hdmi_top_level/export/mb_hdmi_top_level/hw/mb_hdmi_top_level.xsa'.
10:36:30 INFO  : 'configparams mdm-detect-bscan-mask 2' command is executed.
10:36:30 INFO  : Context for processor 'microblaze_0' is selected.
10:36:30 INFO  : System reset is completed.
10:36:33 INFO  : 'after 3000' command is executed.
10:36:33 INFO  : Context for processor 'microblaze_0' is selected.
10:36:34 INFO  : The application 'C:/Users/Abdullah/Lab_7_2/Lab_7_2_Vitis/mb_lab_7_2/Debug/mb_lab_7_2.elf' is downloaded to processor 'microblaze_0'.
10:36:34 INFO  : ----------------XSDB Script----------------
connect -url tcp:127.0.0.1:3121
targets -set -filter {jtag_cable_name =~ "RealDigital Boo 887429230129A" && level==0 && jtag_device_ctx=="jsn1-0362f093-0"}
fpga -file C:/Users/Abdullah/Lab_7_2/Lab_7_2_Vitis/mb_lab_7_2/_ide/bitstream/mb_hdmi_top_level.bit
targets -set -nocase -filter {name =~ "*microblaze*#0" && bscan=="USER2" }
loadhw -hw C:/Users/Abdullah/Lab_7_2/Lab_7_2_Vitis/mb_hdmi_top_level/export/mb_hdmi_top_level/hw/mb_hdmi_top_level.xsa -regs
configparams mdm-detect-bscan-mask 2
targets -set -nocase -filter {name =~ "*microblaze*#0" && bscan=="USER2" }
rst -system
after 3000
targets -set -nocase -filter {name =~ "*microblaze*#0" && bscan=="USER2" }
dow C:/Users/Abdullah/Lab_7_2/Lab_7_2_Vitis/mb_lab_7_2/Debug/mb_lab_7_2.elf
----------------End of Script----------------

10:36:34 INFO  : Context for processor 'microblaze_0' is selected.
10:36:34 INFO  : 'con' command is executed.
10:36:34 INFO  : ----------------XSDB Script (After Launch)----------------
targets -set -nocase -filter {name =~ "*microblaze*#0" && bscan=="USER2" }
con
----------------End of Script----------------

10:36:34 INFO  : Disconnected from the channel tcfchan#8.
10:43:49 INFO  : Connected to target on host '127.0.0.1' and port '3121'.
10:43:49 INFO  : Jtag cable 'RealDigital Boo 887429230129A' is selected.
10:43:49 INFO  : 'jtag frequency' command is executed.
10:43:49 INFO  : 'targets -set -filter {jtag_cable_name =~ "RealDigital Boo 887429230129A" && level==0 && jtag_device_ctx=="jsn1-0362f093-0"}' command is executed.
10:43:51 INFO  : Device configured successfully with "C:/Users/Abdullah/Lab_7_2/Lab_7_2_Vitis/mb_lab_7_2/_ide/bitstream/mb_hdmi_top_level.bit"
10:43:51 INFO  : Context for processor 'microblaze_0' is selected.
10:43:51 INFO  : Hardware design and registers information is loaded from 'C:/Users/Abdullah/Lab_7_2/Lab_7_2_Vitis/mb_hdmi_top_level/export/mb_hdmi_top_level/hw/mb_hdmi_top_level.xsa'.
10:43:51 INFO  : 'configparams mdm-detect-bscan-mask 2' command is executed.
10:43:51 INFO  : Context for processor 'microblaze_0' is selected.
10:43:51 INFO  : System reset is completed.
10:43:54 INFO  : 'after 3000' command is executed.
10:43:54 INFO  : Context for processor 'microblaze_0' is selected.
10:43:54 INFO  : The application 'C:/Users/Abdullah/Lab_7_2/Lab_7_2_Vitis/mb_lab_7_2/Debug/mb_lab_7_2.elf' is downloaded to processor 'microblaze_0'.
10:43:54 INFO  : ----------------XSDB Script----------------
connect -url tcp:127.0.0.1:3121
targets -set -filter {jtag_cable_name =~ "RealDigital Boo 887429230129A" && level==0 && jtag_device_ctx=="jsn1-0362f093-0"}
fpga -file C:/Users/Abdullah/Lab_7_2/Lab_7_2_Vitis/mb_lab_7_2/_ide/bitstream/mb_hdmi_top_level.bit
targets -set -nocase -filter {name =~ "*microblaze*#0" && bscan=="USER2" }
loadhw -hw C:/Users/Abdullah/Lab_7_2/Lab_7_2_Vitis/mb_hdmi_top_level/export/mb_hdmi_top_level/hw/mb_hdmi_top_level.xsa -regs
configparams mdm-detect-bscan-mask 2
targets -set -nocase -filter {name =~ "*microblaze*#0" && bscan=="USER2" }
rst -system
after 3000
targets -set -nocase -filter {name =~ "*microblaze*#0" && bscan=="USER2" }
dow C:/Users/Abdullah/Lab_7_2/Lab_7_2_Vitis/mb_lab_7_2/Debug/mb_lab_7_2.elf
----------------End of Script----------------

10:43:54 INFO  : Context for processor 'microblaze_0' is selected.
10:43:54 INFO  : 'con' command is executed.
10:43:54 INFO  : ----------------XSDB Script (After Launch)----------------
targets -set -nocase -filter {name =~ "*microblaze*#0" && bscan=="USER2" }
con
----------------End of Script----------------

10:43:54 INFO  : Disconnected from the channel tcfchan#9.
18:55:21 DEBUG : Logs will be stored at 'C:/Users/Abdullah/Lab_7_2/Lab_7_2_Vitis/IDE.log'.
18:55:22 INFO  : Launching XSCT server: xsct.bat -n  -interactive C:\Users\Abdullah\Lab_7_2\Lab_7_2_Vitis\temp_xsdb_launch_script.tcl
18:55:25 INFO  : XSCT server has started successfully.
18:55:25 INFO  : plnx-install-location is set to ''
18:55:25 INFO  : Successfully done setting XSCT server connection channel  
18:55:25 INFO  : Successfully done setting workspace for the tool. 
18:55:36 INFO  : Registering command handlers for Vitis TCF services
18:55:37 INFO  : Platform repository initialization has completed.
18:55:38 INFO  : Successfully done query RDI_DATADIR 
