11:03:20 DEBUG : Logs will be stored at 'C:/Users/Abdullah/Lab_7/Lab_7_vitis/IDE.log'.
11:03:25 INFO  : Launching XSCT server: xsct.bat -n  -interactive C:\Users\Abdullah\Lab_7\Lab_7_vitis\temp_xsdb_launch_script.tcl
11:03:27 INFO  : XSCT server has started successfully.
11:03:27 INFO  : Successfully done setting XSCT server connection channel  
11:03:27 INFO  : plnx-install-location is set to ''
11:03:27 INFO  : Successfully done setting workspace for the tool. 
11:03:35 INFO  : Successfully done query RDI_DATADIR 
11:03:35 INFO  : Registering command handlers for Vitis TCF services
11:03:35 INFO  : Platform repository initialization has completed.
11:03:59 ERROR : (XSDB Server)ERROR: [Hsi 55-1562] Source directory C:/Users/Abdullah/Lab_7/Lab_7_vitis/mb_hdmi_top_level/hw/drivers\hdmi_text_controller_v1_0/src does not exist or is not a directory.

11:04:00 INFO  : Result from executing command 'getProjects': mb_hdmi_top_level
11:04:00 INFO  : Result from executing command 'getPlatforms': xilinx_zcu102_base_202310_1|C:/Xilinx/Vitis/2023.1/base_platforms/xilinx_zcu102_base_202310_1/xilinx_zcu102_base_202310_1.xpfm;xilinx_zcu102_base_dfx_202310_1|C:/Xilinx/Vitis/2023.1/base_platforms/xilinx_zcu102_base_dfx_202310_1/xilinx_zcu102_base_dfx_202310_1.xpfm;xilinx_zcu104_base_202310_1|C:/Xilinx/Vitis/2023.1/base_platforms/xilinx_zcu104_base_202310_1/xilinx_zcu104_base_202310_1.xpfm
11:04:00 WARN  : An unexpected exception occurred in the module 'platform project logging'
11:04:00 INFO  : Platform 'mb_hdmi_top_level' is added to custom repositories.
11:04:02 INFO  : Platform 'mb_hdmi_top_level' is added to custom repositories.
11:04:58 INFO  : Result from executing command 'getProjects': mb_hdmi_top_level
11:04:58 INFO  : Result from executing command 'getPlatforms': mb_hdmi_top_level|C:/Users/Abdullah/Lab_7/Lab_7_vitis/mb_hdmi_top_level/export/mb_hdmi_top_level/mb_hdmi_top_level.xpfm;xilinx_zcu102_base_202310_1|C:/Xilinx/Vitis/2023.1/base_platforms/xilinx_zcu102_base_202310_1/xilinx_zcu102_base_202310_1.xpfm;xilinx_zcu102_base_dfx_202310_1|C:/Xilinx/Vitis/2023.1/base_platforms/xilinx_zcu102_base_dfx_202310_1/xilinx_zcu102_base_dfx_202310_1.xpfm;xilinx_zcu104_base_202310_1|C:/Xilinx/Vitis/2023.1/base_platforms/xilinx_zcu104_base_202310_1/xilinx_zcu104_base_202310_1.xpfm
11:04:58 INFO  : Checking for BSP changes to sync application flags for project 'mb_hdmi_working'...
11:05:26 INFO  : Connected to target on host '127.0.0.1' and port '3121'.
11:05:26 INFO  : Jtag cable 'RealDigital Boo 887429230129A' is selected.
11:05:26 INFO  : 'jtag frequency' command is executed.
11:05:27 INFO  : 'targets -set -filter {jtag_cable_name =~ "RealDigital Boo 887429230129A" && level==0 && jtag_device_ctx=="jsn1-0362f093-0"}' command is executed.
11:05:28 INFO  : Device configured successfully with "C:/Users/Abdullah/Lab_7/Lab_7_vitis/mb_hdmi_working/_ide/bitstream/mb_hdmi_top_level.bit"
11:05:28 INFO  : Context for processor 'microblaze_0' is selected.
11:05:28 INFO  : Hardware design and registers information is loaded from 'C:/Users/Abdullah/Lab_7/Lab_7_vitis/mb_hdmi_top_level/export/mb_hdmi_top_level/hw/mb_hdmi_top_level.xsa'.
11:05:28 INFO  : 'configparams mdm-detect-bscan-mask 2' command is executed.
11:05:28 INFO  : Context for processor 'microblaze_0' is selected.
11:05:28 INFO  : System reset is completed.
11:05:31 INFO  : 'after 3000' command is executed.
11:05:31 INFO  : Context for processor 'microblaze_0' is selected.
11:05:31 INFO  : The application 'C:/Users/Abdullah/Lab_7/Lab_7_vitis/mb_hdmi_working/Debug/mb_hdmi_working.elf' is downloaded to processor 'microblaze_0'.
11:05:31 INFO  : ----------------XSDB Script----------------
connect -url tcp:127.0.0.1:3121
targets -set -filter {jtag_cable_name =~ "RealDigital Boo 887429230129A" && level==0 && jtag_device_ctx=="jsn1-0362f093-0"}
fpga -file C:/Users/Abdullah/Lab_7/Lab_7_vitis/mb_hdmi_working/_ide/bitstream/mb_hdmi_top_level.bit
targets -set -nocase -filter {name =~ "*microblaze*#0" && bscan=="USER2" }
loadhw -hw C:/Users/Abdullah/Lab_7/Lab_7_vitis/mb_hdmi_top_level/export/mb_hdmi_top_level/hw/mb_hdmi_top_level.xsa -regs
configparams mdm-detect-bscan-mask 2
targets -set -nocase -filter {name =~ "*microblaze*#0" && bscan=="USER2" }
rst -system
after 3000
targets -set -nocase -filter {name =~ "*microblaze*#0" && bscan=="USER2" }
dow C:/Users/Abdullah/Lab_7/Lab_7_vitis/mb_hdmi_working/Debug/mb_hdmi_working.elf
----------------End of Script----------------

11:05:31 INFO  : Context for processor 'microblaze_0' is selected.
11:05:31 INFO  : 'con' command is executed.
11:05:31 INFO  : ----------------XSDB Script (After Launch)----------------
targets -set -nocase -filter {name =~ "*microblaze*#0" && bscan=="USER2" }
con
----------------End of Script----------------

11:05:31 INFO  : Disconnected from the channel tcfchan#2.
11:06:32 INFO  : Connected to target on host '127.0.0.1' and port '3121'.
11:06:33 INFO  : Jtag cable 'RealDigital Boo 887429230129A' is selected.
11:06:33 INFO  : 'jtag frequency' command is executed.
11:06:33 INFO  : 'targets -set -filter {jtag_cable_name =~ "RealDigital Boo 887429230129A" && level==0 && jtag_device_ctx=="jsn1-0362f093-0"}' command is executed.
11:06:34 INFO  : Device configured successfully with "C:/Users/Abdullah/Lab_7/Lab_7_vitis/mb_hdmi_working/_ide/bitstream/mb_hdmi_top_level.bit"
11:06:34 INFO  : Context for processor 'microblaze_0' is selected.
11:06:34 INFO  : Hardware design and registers information is loaded from 'C:/Users/Abdullah/Lab_7/Lab_7_vitis/mb_hdmi_top_level/export/mb_hdmi_top_level/hw/mb_hdmi_top_level.xsa'.
11:06:34 INFO  : 'configparams mdm-detect-bscan-mask 2' command is executed.
11:06:34 INFO  : Context for processor 'microblaze_0' is selected.
11:06:34 INFO  : System reset is completed.
11:06:37 INFO  : 'after 3000' command is executed.
11:06:37 INFO  : Context for processor 'microblaze_0' is selected.
11:06:38 INFO  : The application 'C:/Users/Abdullah/Lab_7/Lab_7_vitis/mb_hdmi_working/Debug/mb_hdmi_working.elf' is downloaded to processor 'microblaze_0'.
11:06:38 INFO  : ----------------XSDB Script----------------
connect -url tcp:127.0.0.1:3121
targets -set -filter {jtag_cable_name =~ "RealDigital Boo 887429230129A" && level==0 && jtag_device_ctx=="jsn1-0362f093-0"}
fpga -file C:/Users/Abdullah/Lab_7/Lab_7_vitis/mb_hdmi_working/_ide/bitstream/mb_hdmi_top_level.bit
targets -set -nocase -filter {name =~ "*microblaze*#0" && bscan=="USER2" }
loadhw -hw C:/Users/Abdullah/Lab_7/Lab_7_vitis/mb_hdmi_top_level/export/mb_hdmi_top_level/hw/mb_hdmi_top_level.xsa -regs
configparams mdm-detect-bscan-mask 2
targets -set -nocase -filter {name =~ "*microblaze*#0" && bscan=="USER2" }
rst -system
after 3000
targets -set -nocase -filter {name =~ "*microblaze*#0" && bscan=="USER2" }
dow C:/Users/Abdullah/Lab_7/Lab_7_vitis/mb_hdmi_working/Debug/mb_hdmi_working.elf
----------------End of Script----------------

11:06:38 INFO  : Context for processor 'microblaze_0' is selected.
11:06:38 INFO  : 'con' command is executed.
11:06:38 INFO  : ----------------XSDB Script (After Launch)----------------
targets -set -nocase -filter {name =~ "*microblaze*#0" && bscan=="USER2" }
con
----------------End of Script----------------

11:06:38 INFO  : Disconnected from the channel tcfchan#3.
