01:59:34 DEBUG : Logs will be stored at 'C:/Users/Abdullah/Downloads/ECE385/Final_Project/Final_Project_Vitis/IDE.log'.
01:59:46 INFO  : Launching XSCT server: xsct.bat -n  -interactive C:\Users\Abdullah\Downloads\ECE385\Final_Project\Final_Project_Vitis\temp_xsdb_launch_script.tcl
01:59:49 INFO  : XSCT server has started successfully.
01:59:49 INFO  : plnx-install-location is set to ''
01:59:49 INFO  : Successfully done setting XSCT server connection channel  
01:59:49 INFO  : Successfully done setting workspace for the tool. 
01:59:56 INFO  : Registering command handlers for Vitis TCF services
01:59:56 INFO  : Platform repository initialization has completed.
01:59:58 INFO  : Successfully done query RDI_DATADIR 
02:00:27 INFO  : Result from executing command 'getProjects': Final_Top_Level
02:00:27 INFO  : Result from executing command 'getPlatforms': xilinx_zcu102_base_202310_1|C:/Xilinx/Vitis/2023.1/base_platforms/xilinx_zcu102_base_202310_1/xilinx_zcu102_base_202310_1.xpfm;xilinx_zcu102_base_dfx_202310_1|C:/Xilinx/Vitis/2023.1/base_platforms/xilinx_zcu102_base_dfx_202310_1/xilinx_zcu102_base_dfx_202310_1.xpfm;xilinx_zcu104_base_202310_1|C:/Xilinx/Vitis/2023.1/base_platforms/xilinx_zcu104_base_202310_1/xilinx_zcu104_base_202310_1.xpfm
02:00:28 WARN  : An unexpected exception occurred in the module 'platform project logging'
02:00:28 INFO  : Platform 'Final_Top_Level' is added to custom repositories.
02:00:30 INFO  : Platform 'Final_Top_Level' is added to custom repositories.
02:02:48 INFO  : Result from executing command 'getProjects': Final_Top_Level
02:02:48 INFO  : Result from executing command 'getPlatforms': Final_Top_Level|C:/Users/Abdullah/Downloads/ECE385/Final_Project/Final_Project_Vitis/Final_Top_Level/export/Final_Top_Level/Final_Top_Level.xpfm;xilinx_zcu102_base_202310_1|C:/Xilinx/Vitis/2023.1/base_platforms/xilinx_zcu102_base_202310_1/xilinx_zcu102_base_202310_1.xpfm;xilinx_zcu102_base_dfx_202310_1|C:/Xilinx/Vitis/2023.1/base_platforms/xilinx_zcu102_base_dfx_202310_1/xilinx_zcu102_base_dfx_202310_1.xpfm;xilinx_zcu104_base_202310_1|C:/Xilinx/Vitis/2023.1/base_platforms/xilinx_zcu104_base_202310_1/xilinx_zcu104_base_202310_1.xpfm
02:02:48 INFO  : Checking for BSP changes to sync application flags for project 'final_one'...
02:03:29 INFO  : Checking for BSP changes to sync application flags for project 'final_one'...
02:04:15 INFO  : Connected to target on host '127.0.0.1' and port '3121'.
02:04:15 INFO  : Jtag cable 'RealDigital Boo 887429230129A' is selected.
02:04:15 INFO  : 'jtag frequency' command is executed.
02:04:16 INFO  : 'targets -set -filter {jtag_cable_name =~ "RealDigital Boo 887429230129A" && level==0 && jtag_device_ctx=="jsn1-0362f093-0"}' command is executed.
02:04:17 INFO  : Device configured successfully with "C:/Users/Abdullah/Downloads/ECE385/Final_Project/Final_Project_Vitis/final_one/_ide/bitstream/Final_Top_Level.bit"
02:04:17 INFO  : Context for processor 'microblaze_0' is selected.
02:04:17 INFO  : Hardware design and registers information is loaded from 'C:/Users/Abdullah/Downloads/ECE385/Final_Project/Final_Project_Vitis/Final_Top_Level/export/Final_Top_Level/hw/Final_Top_Level.xsa'.
02:04:17 INFO  : 'configparams mdm-detect-bscan-mask 2' command is executed.
02:04:17 INFO  : Context for processor 'microblaze_0' is selected.
02:04:17 INFO  : System reset is completed.
02:04:20 INFO  : 'after 3000' command is executed.
02:04:20 INFO  : Context for processor 'microblaze_0' is selected.
02:04:20 INFO  : The application 'C:/Users/Abdullah/Downloads/ECE385/Final_Project/Final_Project_Vitis/final_one/Debug/final_one.elf' is downloaded to processor 'microblaze_0'.
02:04:20 INFO  : ----------------XSDB Script----------------
connect -url tcp:127.0.0.1:3121
targets -set -filter {jtag_cable_name =~ "RealDigital Boo 887429230129A" && level==0 && jtag_device_ctx=="jsn1-0362f093-0"}
fpga -file C:/Users/Abdullah/Downloads/ECE385/Final_Project/Final_Project_Vitis/final_one/_ide/bitstream/Final_Top_Level.bit
targets -set -nocase -filter {name =~ "*microblaze*#0" && bscan=="USER2" }
loadhw -hw C:/Users/Abdullah/Downloads/ECE385/Final_Project/Final_Project_Vitis/Final_Top_Level/export/Final_Top_Level/hw/Final_Top_Level.xsa -regs
configparams mdm-detect-bscan-mask 2
targets -set -nocase -filter {name =~ "*microblaze*#0" && bscan=="USER2" }
rst -system
after 3000
targets -set -nocase -filter {name =~ "*microblaze*#0" && bscan=="USER2" }
dow C:/Users/Abdullah/Downloads/ECE385/Final_Project/Final_Project_Vitis/final_one/Debug/final_one.elf
----------------End of Script----------------

02:04:20 INFO  : Context for processor 'microblaze_0' is selected.
02:04:20 INFO  : 'con' command is executed.
02:04:20 INFO  : ----------------XSDB Script (After Launch)----------------
targets -set -nocase -filter {name =~ "*microblaze*#0" && bscan=="USER2" }
con
----------------End of Script----------------

02:04:20 INFO  : Disconnected from the channel tcfchan#2.
02:09:59 DEBUG : Logs will be stored at 'C:/Users/Abdullah/Downloads/ECE385/Final_Project/Final_Project_Vitis/IDE.log'.
02:09:59 INFO  : Launching XSCT server: xsct.bat -n  -interactive C:\Users\Abdullah\Downloads\ECE385\Final_Project\Final_Project_Vitis\temp_xsdb_launch_script.tcl
02:10:02 INFO  : XSCT server has started successfully.
02:10:02 INFO  : plnx-install-location is set to ''
02:10:02 INFO  : Successfully done setting XSCT server connection channel  
02:10:02 INFO  : Successfully done setting workspace for the tool. 
02:10:14 INFO  : Registering command handlers for Vitis TCF services
02:10:14 INFO  : Successfully done query RDI_DATADIR 
02:10:14 INFO  : Platform repository initialization has completed.
